TpTrace Verbose: 0 : 17212, 1, 2022/11/04, 21:40:55.152, 3803812381218, vstest.console.dll, Version: 17.3.0 Current process architecture: X64
TpTrace Verbose: 0 : 17212, 1, 2022/11/04, 21:40:55.164, 3803812501020, vstest.console.dll, Runtime location: C:\Program Files\dotnet\shared\Microsoft.NETCore.App\6.0.9
TpTrace Information: 0 : 17212, 1, 2022/11/04, 21:40:55.191, 3803812769196, vstest.console.dll, FilePatternParser: The given file C:\Users\Lenovo\OneDrive\Desktop\MyCloudFinalProject\DrinkApp\DrinkApp\DrinkAppUserTest\bin\Debug\net6.0\fine-code-coverage\build-output\DrinkAppUserTest.dll is a full path.
TpTrace Verbose: 0 : 17212, 1, 2022/11/04, 21:40:55.234, 3803813201845, vstest.console.dll, TestPluginCache.DiscoverTestExtensions: finding test extensions in assemblies ends with: RuntimeProvider.dll TPluginInfo: Microsoft.VisualStudio.TestPlatform.Common.ExtensionFramework.Utilities.TestRuntimePluginInformation TExtension: Microsoft.VisualStudio.TestPlatform.ObjectModel.Host.ITestRuntimeProvider
TpTrace Verbose: 0 : 17212, 1, 2022/11/04, 21:40:55.235, 3803813211895, vstest.console.dll, TestPluginCache.GetExtensionPaths: Filtered extension paths: 
TpTrace Verbose: 0 : 17212, 1, 2022/11/04, 21:40:55.236, 3803813215550, vstest.console.dll, TestPluginCache.GetExtensionPaths: Added default extension paths: C:\Program Files\dotnet\sdk\6.0.401\Extensions\Microsoft.Diagnostics.NETCore.Client.dll
C:\Program Files\dotnet\sdk\6.0.401\Extensions\Microsoft.TestPlatform.Extensions.BlameDataCollector.dll
C:\Program Files\dotnet\sdk\6.0.401\Extensions\Microsoft.TestPlatform.Extensions.EventLogCollector.dll
C:\Program Files\dotnet\sdk\6.0.401\Extensions\Microsoft.TestPlatform.TestHostRuntimeProvider.dll
C:\Program Files\dotnet\sdk\6.0.401\Extensions\Microsoft.VisualStudio.TestPlatform.Extensions.Html.TestLogger.dll
C:\Program Files\dotnet\sdk\6.0.401\Extensions\Microsoft.VisualStudio.TestPlatform.Extensions.Trx.TestLogger.dll
TpTrace Verbose: 0 : 17212, 1, 2022/11/04, 21:40:55.236, 3803813217850, vstest.console.dll, TestPluginCache.GetExtensionPaths: Added unfilterableExtensionPaths: 
TpTrace Information: 0 : 17212, 1, 2022/11/04, 21:40:55.238, 3803813243815, vstest.console.dll, AssemblyResolver.ctor: Creating AssemblyResolver with searchDirectories C:\Program Files\dotnet\sdk\6.0.401\Extensions,C:\Program Files\dotnet\sdk\6.0.401
TpTrace Verbose: 0 : 17212, 1, 2022/11/04, 21:40:55.241, 3803813266068, vstest.console.dll, TestPluginCache.DiscoverTestExtensions: Discovering the extensions using extension path.
TpTrace Verbose: 0 : 17212, 1, 2022/11/04, 21:40:55.241, 3803813269321, vstest.console.dll, TestPluginCache.GetExtensionPaths: Filtered extension paths: 
TpTrace Verbose: 0 : 17212, 1, 2022/11/04, 21:40:55.241, 3803813271198, vstest.console.dll, TestPluginCache.GetExtensionPaths: Added default extension paths: C:\Program Files\dotnet\sdk\6.0.401\Extensions\Microsoft.Diagnostics.NETCore.Client.dll
C:\Program Files\dotnet\sdk\6.0.401\Extensions\Microsoft.TestPlatform.Extensions.BlameDataCollector.dll
C:\Program Files\dotnet\sdk\6.0.401\Extensions\Microsoft.TestPlatform.Extensions.EventLogCollector.dll
C:\Program Files\dotnet\sdk\6.0.401\Extensions\Microsoft.TestPlatform.TestHostRuntimeProvider.dll
C:\Program Files\dotnet\sdk\6.0.401\Extensions\Microsoft.VisualStudio.TestPlatform.Extensions.Html.TestLogger.dll
C:\Program Files\dotnet\sdk\6.0.401\Extensions\Microsoft.VisualStudio.TestPlatform.Extensions.Trx.TestLogger.dll
TpTrace Verbose: 0 : 17212, 1, 2022/11/04, 21:40:55.241, 3803813272097, vstest.console.dll, TestPluginCache.GetExtensionPaths: Added unfilterableExtensionPaths: 
TpTrace Verbose: 0 : 17212, 1, 2022/11/04, 21:40:55.242, 3803813277242, vstest.console.dll, TestPluginCache.DiscoverTestExtensions: Discovering the extensions using allExtensionPaths: C:\Program Files\dotnet\sdk\6.0.401\Extensions\Microsoft.Diagnostics.NETCore.Client.dll
C:\Program Files\dotnet\sdk\6.0.401\Extensions\Microsoft.TestPlatform.Extensions.BlameDataCollector.dll
C:\Program Files\dotnet\sdk\6.0.401\Extensions\Microsoft.TestPlatform.Extensions.EventLogCollector.dll
C:\Program Files\dotnet\sdk\6.0.401\Extensions\Microsoft.TestPlatform.TestHostRuntimeProvider.dll
C:\Program Files\dotnet\sdk\6.0.401\Extensions\Microsoft.VisualStudio.TestPlatform.Extensions.Html.TestLogger.dll
C:\Program Files\dotnet\sdk\6.0.401\Extensions\Microsoft.VisualStudio.TestPlatform.Extensions.Trx.TestLogger.dll
TpTrace Information: 0 : 17212, 1, 2022/11/04, 21:40:55.242, 3803813283753, vstest.console.dll, AssemblyResolver.AddSearchDirectories: Adding more searchDirectories C:\Program Files\dotnet\sdk\6.0.401\Extensions,C:\Program Files\dotnet\sdk\6.0.401
TpTrace Information: 0 : 17212, 1, 2022/11/04, 21:40:55.243, 3803813286638, vstest.console.dll, AssemblyResolver.AddSearchDirectories: Adding more searchDirectories C:\Program Files\dotnet\sdk\6.0.401\Extensions,C:\Program Files\dotnet\sdk\6.0.401
TpTrace Information: 0 : 17212, 1, 2022/11/04, 21:40:55.243, 3803813287655, vstest.console.dll, AssemblyResolver.AddSearchDirectories: Adding more searchDirectories C:\Program Files\dotnet\sdk\6.0.401\Extensions,C:\Program Files\dotnet\sdk\6.0.401
TpTrace Information: 0 : 17212, 1, 2022/11/04, 21:40:55.243, 3803813288651, vstest.console.dll, AssemblyResolver.AddSearchDirectories: Adding more searchDirectories C:\Program Files\dotnet\sdk\6.0.401\Extensions,C:\Program Files\dotnet\sdk\6.0.401
TpTrace Information: 0 : 17212, 1, 2022/11/04, 21:40:55.243, 3803813289706, vstest.console.dll, AssemblyResolver.AddSearchDirectories: Adding more searchDirectories C:\Program Files\dotnet\sdk\6.0.401\Extensions,C:\Program Files\dotnet\sdk\6.0.401
TpTrace Information: 0 : 17212, 1, 2022/11/04, 21:40:55.243, 3803813290625, vstest.console.dll, AssemblyResolver.AddSearchDirectories: Adding more searchDirectories C:\Program Files\dotnet\sdk\6.0.401\Extensions,C:\Program Files\dotnet\sdk\6.0.401
TpTrace Information: 0 : 17212, 1, 2022/11/04, 21:40:55.244, 3803813301741, vstest.console.dll, AssemblyResolver.OnResolve: Microsoft.Diagnostics.NETCore.Client: Resolving assembly.
TpTrace Information: 0 : 17212, 1, 2022/11/04, 21:40:55.245, 3803813307013, vstest.console.dll, AssemblyResolver.OnResolve: Microsoft.Diagnostics.NETCore.Client: Searching in: 'C:\Program Files\dotnet\sdk\6.0.401\Extensions'.
TpTrace Information: 0 : 17212, 1, 2022/11/04, 21:40:55.248, 3803813337995, vstest.console.dll, AssemblyResolver.OnResolve: Microsoft.Diagnostics.NETCore.Client: Loading assembly 'C:\Program Files\dotnet\sdk\6.0.401\Extensions\Microsoft.Diagnostics.NETCore.Client.dll'.
TpTrace Information: 0 : 17212, 1, 2022/11/04, 21:40:55.261, 3803813466245, vstest.console.dll, AssemblyResolver.OnResolve: Resolved assembly: Microsoft.Diagnostics.NETCore.Client, from path: C:\Program Files\dotnet\sdk\6.0.401\Extensions\Microsoft.Diagnostics.NETCore.Client.dll
TpTrace Verbose: 0 : 17212, 1, 2022/11/04, 21:40:55.272, 3803813581145, vstest.console.dll, MetadataReaderExtensionsHelper: Discovering extensions inside assembly 'Microsoft.Diagnostics.NETCore.Client, Version=0.2.5.801, Culture=neutral, PublicKeyToken=31bf3856ad364e35' file path 'C:\Program Files\dotnet\sdk\6.0.401\Extensions\Microsoft.Diagnostics.NETCore.Client.dll'
TpTrace Information: 0 : 17212, 1, 2022/11/04, 21:40:55.318, 3803814035225, vstest.console.dll, AssemblyResolver.OnResolve: Microsoft.Bcl.AsyncInterfaces: Resolving assembly.
TpTrace Information: 0 : 17212, 1, 2022/11/04, 21:40:55.318, 3803814041705, vstest.console.dll, AssemblyResolver.OnResolve: Microsoft.Bcl.AsyncInterfaces: Searching in: 'C:\Program Files\dotnet\sdk\6.0.401\Extensions'.
TpTrace Information: 0 : 17212, 1, 2022/11/04, 21:40:55.319, 3803814046077, vstest.console.dll, AssemblyResolver.OnResolve: Microsoft.Bcl.AsyncInterfaces: Assembly path does not exist: 'C:\Program Files\dotnet\sdk\6.0.401\Extensions\Microsoft.Bcl.AsyncInterfaces.dll', returning.
TpTrace Information: 0 : 17212, 1, 2022/11/04, 21:40:55.319, 3803814049184, vstest.console.dll, AssemblyResolver.OnResolve: Microsoft.Bcl.AsyncInterfaces: Assembly path does not exist: 'C:\Program Files\dotnet\sdk\6.0.401\Extensions\Microsoft.Bcl.AsyncInterfaces.exe', returning.
TpTrace Information: 0 : 17212, 1, 2022/11/04, 21:40:55.319, 3803814051063, vstest.console.dll, AssemblyResolver.OnResolve: Microsoft.Bcl.AsyncInterfaces: Searching in: 'C:\Program Files\dotnet\sdk\6.0.401'.
TpTrace Information: 0 : 17212, 1, 2022/11/04, 21:40:55.319, 3803814052888, vstest.console.dll, AssemblyResolver.OnResolve: Microsoft.Bcl.AsyncInterfaces: Assembly path does not exist: 'C:\Program Files\dotnet\sdk\6.0.401\Microsoft.Bcl.AsyncInterfaces.dll', returning.
TpTrace Information: 0 : 17212, 1, 2022/11/04, 21:40:55.320, 3803814054386, vstest.console.dll, AssemblyResolver.OnResolve: Microsoft.Bcl.AsyncInterfaces: Assembly path does not exist: 'C:\Program Files\dotnet\sdk\6.0.401\Microsoft.Bcl.AsyncInterfaces.exe', returning.
TpTrace Information: 0 : 17212, 1, 2022/11/04, 21:40:55.320, 3803814055017, vstest.console.dll, AssemblyResolver.OnResolve: Microsoft.Bcl.AsyncInterfaces: Failed to load assembly.
TpTrace Verbose: 0 : 17212, 1, 2022/11/04, 21:40:55.320, 3803814055972, vstest.console.dll, CurrentDomainAssemblyResolve: Resolving assembly 'Microsoft.Bcl.AsyncInterfaces'.
TpTrace Information: 0 : 17212, 1, 2022/11/04, 21:40:55.320, 3803814057316, vstest.console.dll, AssemblyResolver.OnResolve: Microsoft.Bcl.AsyncInterfaces: Resolving assembly.
TpTrace Information: 0 : 17212, 1, 2022/11/04, 21:40:55.320, 3803814058454, vstest.console.dll, AssemblyResolver.OnResolve: Microsoft.Bcl.AsyncInterfaces: Resolved from cache.
TpTrace Verbose: 0 : 17212, 1, 2022/11/04, 21:40:55.320, 3803814059205, vstest.console.dll, CurrentDomainAssemblyResolve: Resolving assembly 'Microsoft.Bcl.AsyncInterfaces'.
TpTrace Verbose: 0 : 17212, 1, 2022/11/04, 21:40:55.320, 3803814060095, vstest.console.dll, CurrentDomainAssemblyResolve: Failed to resolve assembly 'Microsoft.Bcl.AsyncInterfaces'.
TpTrace Verbose: 0 : 17212, 1, 2022/11/04, 21:40:55.328, 3803814137928, vstest.console.dll, CurrentDomainAssemblyResolve: Failed to resolve assembly 'Microsoft.Bcl.AsyncInterfaces'.
TpTrace Warning: 0 : 17212, 1, 2022/11/04, 21:40:55.453, 3803815390765, vstest.console.dll, TestPluginDiscoverer: Failed to get types from assembly 'Microsoft.Diagnostics.NETCore.Client, Version=0.2.5.801, Culture=neutral, PublicKeyToken=31bf3856ad364e35'. Error: System.Reflection.ReflectionTypeLoadException: Unable to load one or more of the requested types.
Could not load file or assembly 'Microsoft.Bcl.AsyncInterfaces, Version=1.0.0.0, Culture=neutral, PublicKeyToken=cc7b13ffcd2ddd51'. The system cannot find the file specified.
   at System.Reflection.RuntimeModule.GetTypes(RuntimeModule module)
   at System.Reflection.Assembly.GetTypes()
   at Microsoft.VisualStudio.TestPlatform.Common.ExtensionFramework.TestPluginDiscoverer.GetTestExtensionsFromAssembly[TPluginInfo,TExtension](Assembly assembly, Dictionary`2 pluginInfos, String filePath)
System.IO.FileNotFoundException: Could not load file or assembly 'Microsoft.Bcl.AsyncInterfaces, Version=1.0.0.0, Culture=neutral, PublicKeyToken=cc7b13ffcd2ddd51'. The system cannot find the file specified.
File name: 'Microsoft.Bcl.AsyncInterfaces, Version=1.0.0.0, Culture=neutral, PublicKeyToken=cc7b13ffcd2ddd51'
 ---> System.IO.FileNotFoundException: Could not load file or assembly 'Microsoft.Bcl.AsyncInterfaces, Culture=neutral, PublicKeyToken=null'. The system cannot find the file specified.
File name: 'Microsoft.Bcl.AsyncInterfaces, Culture=neutral, PublicKeyToken=null'
   at System.Reflection.RuntimeAssembly.InternalLoad(ObjectHandleOnStack assemblyName, ObjectHandleOnStack requestingAssembly, StackCrawlMarkHandle stackMark, Boolean throwOnFileNotFound, ObjectHandleOnStack assemblyLoadContext, ObjectHandleOnStack retAssembly)
   at System.Reflection.RuntimeAssembly.InternalLoad(AssemblyName assemblyName, RuntimeAssembly requestingAssembly, StackCrawlMark& stackMark, Boolean throwOnFileNotFound, AssemblyLoadContext assemblyLoadContext)
   at System.Reflection.Assembly.Load(AssemblyName assemblyRef)
   at Microsoft.VisualStudio.TestPlatform.Common.ExtensionFramework.TestPluginCache.CurrentDomainAssemblyResolve(Object sender, AssemblyResolveEventArgs args)
   at Microsoft.VisualStudio.TestPlatform.PlatformAbstractions.PlatformAssemblyResolver.AssemblyResolverEvent(Object sender, Object eventArgs)
   at System.Runtime.Loader.AssemblyLoadContext.GetFirstResolvedAssemblyFromResolvingEvent(AssemblyName assemblyName)
   at System.Runtime.Loader.AssemblyLoadContext.ResolveUsingEvent(AssemblyName assemblyName)
   at System.Runtime.Loader.AssemblyLoadContext.ResolveUsingResolvingEvent(IntPtr gchManagedAssemblyLoadContext, AssemblyName assemblyName)
TpTrace Warning: 0 : 17212, 1, 2022/11/04, 21:40:55.456, 3803815416140, vstest.console.dll, LoaderExceptions: System.IO.FileNotFoundException: Could not load file or assembly 'Microsoft.Bcl.AsyncInterfaces, Version=1.0.0.0, Culture=neutral, PublicKeyToken=cc7b13ffcd2ddd51'. The system cannot find the file specified.
File name: 'Microsoft.Bcl.AsyncInterfaces, Version=1.0.0.0, Culture=neutral, PublicKeyToken=cc7b13ffcd2ddd51'
 ---> System.IO.FileNotFoundException: Could not load file or assembly 'Microsoft.Bcl.AsyncInterfaces, Culture=neutral, PublicKeyToken=null'. The system cannot find the file specified.
File name: 'Microsoft.Bcl.AsyncInterfaces, Culture=neutral, PublicKeyToken=null'
   at System.Reflection.RuntimeAssembly.InternalLoad(ObjectHandleOnStack assemblyName, ObjectHandleOnStack requestingAssembly, StackCrawlMarkHandle stackMark, Boolean throwOnFileNotFound, ObjectHandleOnStack assemblyLoadContext, ObjectHandleOnStack retAssembly)
   at System.Reflection.RuntimeAssembly.InternalLoad(AssemblyName assemblyName, RuntimeAssembly requestingAssembly, StackCrawlMark& stackMark, Boolean throwOnFileNotFound, AssemblyLoadContext assemblyLoadContext)
   at System.Reflection.Assembly.Load(AssemblyName assemblyRef)
   at Microsoft.VisualStudio.TestPlatform.Common.ExtensionFramework.TestPluginCache.CurrentDomainAssemblyResolve(Object sender, AssemblyResolveEventArgs args)
   at Microsoft.VisualStudio.TestPlatform.PlatformAbstractions.PlatformAssemblyResolver.AssemblyResolverEvent(Object sender, Object eventArgs)
   at System.Runtime.Loader.AssemblyLoadContext.GetFirstResolvedAssemblyFromResolvingEvent(AssemblyName assemblyName)
   at System.Runtime.Loader.AssemblyLoadContext.ResolveUsingEvent(AssemblyName assemblyName)
   at System.Runtime.Loader.AssemblyLoadContext.ResolveUsingResolvingEvent(IntPtr gchManagedAssemblyLoadContext, AssemblyName assemblyName)
TpTrace Information: 0 : 17212, 1, 2022/11/04, 21:40:55.456, 3803815423258, vstest.console.dll, AssemblyResolver.OnResolve: Microsoft.TestPlatform.Extensions.BlameDataCollector: Resolving assembly.
TpTrace Information: 0 : 17212, 1, 2022/11/04, 21:40:55.457, 3803815425491, vstest.console.dll, AssemblyResolver.OnResolve: Microsoft.TestPlatform.Extensions.BlameDataCollector: Searching in: 'C:\Program Files\dotnet\sdk\6.0.401\Extensions'.
TpTrace Information: 0 : 17212, 1, 2022/11/04, 21:40:55.459, 3803815449135, vstest.console.dll, AssemblyResolver.OnResolve: Microsoft.TestPlatform.Extensions.BlameDataCollector: Loading assembly 'C:\Program Files\dotnet\sdk\6.0.401\Extensions\Microsoft.TestPlatform.Extensions.BlameDataCollector.dll'.
TpTrace Information: 0 : 17212, 1, 2022/11/04, 21:40:55.461, 3803815468600, vstest.console.dll, AssemblyResolver.OnResolve: Resolved assembly: Microsoft.TestPlatform.Extensions.BlameDataCollector, from path: C:\Program Files\dotnet\sdk\6.0.401\Extensions\Microsoft.TestPlatform.Extensions.BlameDataCollector.dll
TpTrace Verbose: 0 : 17212, 1, 2022/11/04, 21:40:55.461, 3803815470684, vstest.console.dll, MetadataReaderExtensionsHelper: Discovering extensions inside assembly 'Microsoft.TestPlatform.Extensions.BlameDataCollector, Version=15.0.0.0, Culture=neutral, PublicKeyToken=b03f5f7f11d50a3a' file path 'C:\Program Files\dotnet\sdk\6.0.401\Extensions\Microsoft.TestPlatform.Extensions.BlameDataCollector.dll'
TpTrace Information: 0 : 17212, 1, 2022/11/04, 21:40:55.470, 3803815560559, vstest.console.dll, AssemblyResolver.OnResolve: Microsoft.TestPlatform.Extensions.EventLogCollector: Resolving assembly.
TpTrace Information: 0 : 17212, 1, 2022/11/04, 21:40:55.470, 3803815563410, vstest.console.dll, AssemblyResolver.OnResolve: Microsoft.TestPlatform.Extensions.EventLogCollector: Searching in: 'C:\Program Files\dotnet\sdk\6.0.401\Extensions'.
TpTrace Information: 0 : 17212, 1, 2022/11/04, 21:40:55.472, 3803815578538, vstest.console.dll, AssemblyResolver.OnResolve: Microsoft.TestPlatform.Extensions.EventLogCollector: Loading assembly 'C:\Program Files\dotnet\sdk\6.0.401\Extensions\Microsoft.TestPlatform.Extensions.EventLogCollector.dll'.
TpTrace Information: 0 : 17212, 1, 2022/11/04, 21:40:55.473, 3803815592042, vstest.console.dll, AssemblyResolver.OnResolve: Resolved assembly: Microsoft.TestPlatform.Extensions.EventLogCollector, from path: C:\Program Files\dotnet\sdk\6.0.401\Extensions\Microsoft.TestPlatform.Extensions.EventLogCollector.dll
TpTrace Verbose: 0 : 17212, 1, 2022/11/04, 21:40:55.474, 3803815594186, vstest.console.dll, MetadataReaderExtensionsHelper: Discovering extensions inside assembly 'Microsoft.TestPlatform.Extensions.EventLogCollector, Version=15.0.0.0, Culture=neutral, PublicKeyToken=b03f5f7f11d50a3a' file path 'C:\Program Files\dotnet\sdk\6.0.401\Extensions\Microsoft.TestPlatform.Extensions.EventLogCollector.dll'
TpTrace Information: 0 : 17212, 1, 2022/11/04, 21:40:55.480, 3803815660063, vstest.console.dll, AssemblyResolver.OnResolve: Microsoft.TestPlatform.TestHostRuntimeProvider: Resolving assembly.
TpTrace Information: 0 : 17212, 1, 2022/11/04, 21:40:55.480, 3803815662798, vstest.console.dll, AssemblyResolver.OnResolve: Microsoft.TestPlatform.TestHostRuntimeProvider: Searching in: 'C:\Program Files\dotnet\sdk\6.0.401\Extensions'.
TpTrace Information: 0 : 17212, 1, 2022/11/04, 21:40:55.482, 3803815682979, vstest.console.dll, AssemblyResolver.OnResolve: Microsoft.TestPlatform.TestHostRuntimeProvider: Loading assembly 'C:\Program Files\dotnet\sdk\6.0.401\Extensions\Microsoft.TestPlatform.TestHostRuntimeProvider.dll'.
TpTrace Information: 0 : 17212, 1, 2022/11/04, 21:40:55.486, 3803815716026, vstest.console.dll, AssemblyResolver.OnResolve: Resolved assembly: Microsoft.TestPlatform.TestHostRuntimeProvider, from path: C:\Program Files\dotnet\sdk\6.0.401\Extensions\Microsoft.TestPlatform.TestHostRuntimeProvider.dll
TpTrace Verbose: 0 : 17212, 1, 2022/11/04, 21:40:55.486, 3803815718152, vstest.console.dll, MetadataReaderExtensionsHelper: Discovering extensions inside assembly 'Microsoft.TestPlatform.TestHostRuntimeProvider, Version=15.0.0.0, Culture=neutral, PublicKeyToken=b03f5f7f11d50a3a' file path 'C:\Program Files\dotnet\sdk\6.0.401\Extensions\Microsoft.TestPlatform.TestHostRuntimeProvider.dll'
TpTrace Information: 0 : 17212, 1, 2022/11/04, 21:40:55.492, 3803815774472, vstest.console.dll, GetTestExtensionFromType: Register extension with identifier data 'HostProvider://DefaultTestHost' and type 'Microsoft.VisualStudio.TestPlatform.CrossPlatEngine.Hosting.DefaultTestHostManager, Microsoft.TestPlatform.TestHostRuntimeProvider, Version=15.0.0.0, Culture=neutral, PublicKeyToken=b03f5f7f11d50a3a' inside file 'C:\Program Files\dotnet\sdk\6.0.401\Extensions\Microsoft.TestPlatform.TestHostRuntimeProvider.dll'
TpTrace Information: 0 : 17212, 1, 2022/11/04, 21:40:55.492, 3803815776927, vstest.console.dll, GetTestExtensionFromType: Register extension with identifier data 'HostProvider://DotnetTestHost' and type 'Microsoft.VisualStudio.TestPlatform.CrossPlatEngine.Hosting.DotnetTestHostManager, Microsoft.TestPlatform.TestHostRuntimeProvider, Version=15.0.0.0, Culture=neutral, PublicKeyToken=b03f5f7f11d50a3a' inside file 'C:\Program Files\dotnet\sdk\6.0.401\Extensions\Microsoft.TestPlatform.TestHostRuntimeProvider.dll'
TpTrace Information: 0 : 17212, 1, 2022/11/04, 21:40:55.492, 3803815778570, vstest.console.dll, AssemblyResolver.OnResolve: Microsoft.VisualStudio.TestPlatform.Extensions.Html.TestLogger: Resolving assembly.
TpTrace Information: 0 : 17212, 1, 2022/11/04, 21:40:55.492, 3803815779510, vstest.console.dll, AssemblyResolver.OnResolve: Microsoft.VisualStudio.TestPlatform.Extensions.Html.TestLogger: Searching in: 'C:\Program Files\dotnet\sdk\6.0.401\Extensions'.
TpTrace Information: 0 : 17212, 1, 2022/11/04, 21:40:55.496, 3803815817445, vstest.console.dll, AssemblyResolver.OnResolve: Microsoft.VisualStudio.TestPlatform.Extensions.Html.TestLogger: Loading assembly 'C:\Program Files\dotnet\sdk\6.0.401\Extensions\Microsoft.VisualStudio.TestPlatform.Extensions.Html.TestLogger.dll'.
TpTrace Information: 0 : 17212, 1, 2022/11/04, 21:40:55.498, 3803815837907, vstest.console.dll, AssemblyResolver.OnResolve: Resolved assembly: Microsoft.VisualStudio.TestPlatform.Extensions.Html.TestLogger, from path: C:\Program Files\dotnet\sdk\6.0.401\Extensions\Microsoft.VisualStudio.TestPlatform.Extensions.Html.TestLogger.dll
TpTrace Verbose: 0 : 17212, 1, 2022/11/04, 21:40:55.498, 3803815839805, vstest.console.dll, MetadataReaderExtensionsHelper: Discovering extensions inside assembly 'Microsoft.VisualStudio.TestPlatform.Extensions.Html.TestLogger, Version=15.0.0.0, Culture=neutral, PublicKeyToken=b03f5f7f11d50a3a' file path 'C:\Program Files\dotnet\sdk\6.0.401\Extensions\Microsoft.VisualStudio.TestPlatform.Extensions.Html.TestLogger.dll'
TpTrace Information: 0 : 17212, 1, 2022/11/04, 21:40:55.501, 3803815867688, vstest.console.dll, AssemblyResolver.OnResolve: Microsoft.VisualStudio.TestPlatform.Extensions.Trx.TestLogger: Resolving assembly.
TpTrace Information: 0 : 17212, 1, 2022/11/04, 21:40:55.501, 3803815869481, vstest.console.dll, AssemblyResolver.OnResolve: Microsoft.VisualStudio.TestPlatform.Extensions.Trx.TestLogger: Searching in: 'C:\Program Files\dotnet\sdk\6.0.401\Extensions'.
TpTrace Information: 0 : 17212, 1, 2022/11/04, 21:40:55.506, 3803815914748, vstest.console.dll, AssemblyResolver.OnResolve: Microsoft.VisualStudio.TestPlatform.Extensions.Trx.TestLogger: Loading assembly 'C:\Program Files\dotnet\sdk\6.0.401\Extensions\Microsoft.VisualStudio.TestPlatform.Extensions.Trx.TestLogger.dll'.
TpTrace Information: 0 : 17212, 1, 2022/11/04, 21:40:55.526, 3803816114569, vstest.console.dll, AssemblyResolver.OnResolve: Resolved assembly: Microsoft.VisualStudio.TestPlatform.Extensions.Trx.TestLogger, from path: C:\Program Files\dotnet\sdk\6.0.401\Extensions\Microsoft.VisualStudio.TestPlatform.Extensions.Trx.TestLogger.dll
TpTrace Verbose: 0 : 17212, 1, 2022/11/04, 21:40:55.526, 3803816116493, vstest.console.dll, MetadataReaderExtensionsHelper: Discovering extensions inside assembly 'Microsoft.VisualStudio.TestPlatform.Extensions.Trx.TestLogger, Version=15.0.0.0, Culture=neutral, PublicKeyToken=b03f5f7f11d50a3a' file path 'C:\Program Files\dotnet\sdk\6.0.401\Extensions\Microsoft.VisualStudio.TestPlatform.Extensions.Trx.TestLogger.dll'
TpTrace Verbose: 0 : 17212, 1, 2022/11/04, 21:40:55.529, 3803816148100, vstest.console.dll, TestPluginCache: Discovered the extensions using extension path ''.
TpTrace Verbose: 0 : 17212, 1, 2022/11/04, 21:40:55.529, 3803816149777, vstest.console.dll, TestPluginCache: Discoverers are ''.
TpTrace Verbose: 0 : 17212, 1, 2022/11/04, 21:40:55.529, 3803816150620, vstest.console.dll, TestPluginCache: Executors are ''.
TpTrace Verbose: 0 : 17212, 1, 2022/11/04, 21:40:55.529, 3803816151607, vstest.console.dll, TestPluginCache: Executors2 are ''.
TpTrace Verbose: 0 : 17212, 1, 2022/11/04, 21:40:55.529, 3803816152340, vstest.console.dll, TestPluginCache: Setting providers are ''.
TpTrace Verbose: 0 : 17212, 1, 2022/11/04, 21:40:55.529, 3803816152925, vstest.console.dll, TestPluginCache: Loggers are ''.
TpTrace Verbose: 0 : 17212, 1, 2022/11/04, 21:40:55.530, 3803816156360, vstest.console.dll, TestPluginCache: TestHosts are 'HostProvider://DefaultTestHost,HostProvider://DotnetTestHost'.
TpTrace Verbose: 0 : 17212, 1, 2022/11/04, 21:40:55.530, 3803816157290, vstest.console.dll, TestPluginCache: DataCollectors are ''.
TpTrace Information: 0 : 17212, 1, 2022/11/04, 21:40:55.624, 3803817099485, vstest.console.dll, RunTestsArgumentProcessor:Execute: Test run is starting.
TpTrace Verbose: 0 : 17212, 1, 2022/11/04, 21:40:55.624, 3803817101624, vstest.console.dll, RunTestsArgumentProcessor:Execute: Queuing Test run.
TpTrace Information: 0 : 17212, 1, 2022/11/04, 21:40:55.626, 3803817117649, vstest.console.dll, TestRequestManager.RunTests: run tests started.
TpTrace Information: 0 : 17212, 1, 2022/11/04, 21:40:55.629, 3803817148055, vstest.console.dll, AssemblyMetadataProvider.GetFrameworkName: Determined framework:'.NETCoreApp,Version=v6.0' for source: 'C:\Users\Lenovo\OneDrive\Desktop\MyCloudFinalProject\DrinkApp\DrinkApp\DrinkAppUserTest\bin\Debug\net6.0\fine-code-coverage\build-output\DrinkAppUserTest.dll'
TpTrace Information: 0 : 17212, 1, 2022/11/04, 21:40:55.629, 3803817151643, vstest.console.dll, Determined framework for all sources: .NETCoreApp,Version=v6.0
TpTrace Verbose: 0 : 17212, 1, 2022/11/04, 21:40:55.630, 3803817163145, vstest.console.dll, TestRequestManager.UpdateRunSettingsIfRequired: Default architecture: X64 IsDefaultTargetArchitecture: True, Current process architecture: X64 OperatingSystem: Windows.
TpTrace Information: 0 : 17212, 1, 2022/11/04, 21:40:55.636, 3803817214639, vstest.console.dll, AssemblyMetadataProvider.GetArchitecture: Determined architecture:AnyCPU info for assembly: C:\Users\Lenovo\OneDrive\Desktop\MyCloudFinalProject\DrinkApp\DrinkApp\DrinkAppUserTest\bin\Debug\net6.0\fine-code-coverage\build-output\DrinkAppUserTest.dll
TpTrace Information: 0 : 17212, 1, 2022/11/04, 21:40:55.636, 3803817216105, vstest.console.dll, Determined platform for source 'C:\Users\Lenovo\OneDrive\Desktop\MyCloudFinalProject\DrinkApp\DrinkApp\DrinkAppUserTest\bin\Debug\net6.0\fine-code-coverage\build-output\DrinkAppUserTest.dll' was AnyCPU and it will use the default plaform X64.
TpTrace Information: 0 : 17212, 1, 2022/11/04, 21:40:55.636, 3803817217067, vstest.console.dll, None of the sources provided any runnable platform, using the default platform: X64
TpTrace Information: 0 : 17212, 1, 2022/11/04, 21:40:55.636, 3803817219010, vstest.console.dll, Platform was updated to 'X64'.
TpTrace Information: 0 : 17212, 1, 2022/11/04, 21:40:55.651, 3803817366050, vstest.console.dll, InferRunSettingsHelper.IsTestSettingsEnabled: Unable to navigate to RunSettings/MSTest. Current node: RunSettings
TpTrace Information: 0 : 17212, 1, 2022/11/04, 21:40:55.652, 3803817381045, vstest.console.dll, AssemblyResolver.OnResolve: Microsoft.VisualStudio.TestPlatform.Fakes: Resolving assembly.
TpTrace Information: 0 : 17212, 1, 2022/11/04, 21:40:55.652, 3803817382767, vstest.console.dll, AssemblyResolver.OnResolve: Microsoft.VisualStudio.TestPlatform.Fakes: Searching in: 'C:\Program Files\dotnet\sdk\6.0.401\Extensions'.
TpTrace Information: 0 : 17212, 1, 2022/11/04, 21:40:55.653, 3803817388353, vstest.console.dll, AssemblyResolver.OnResolve: Microsoft.VisualStudio.TestPlatform.Fakes: Assembly path does not exist: 'C:\Program Files\dotnet\sdk\6.0.401\Extensions\Microsoft.VisualStudio.TestPlatform.Fakes.dll', returning.
TpTrace Information: 0 : 17212, 1, 2022/11/04, 21:40:55.653, 3803817391755, vstest.console.dll, AssemblyResolver.OnResolve: Microsoft.VisualStudio.TestPlatform.Fakes: Assembly path does not exist: 'C:\Program Files\dotnet\sdk\6.0.401\Extensions\Microsoft.VisualStudio.TestPlatform.Fakes.exe', returning.
TpTrace Information: 0 : 17212, 1, 2022/11/04, 21:40:55.653, 3803817392840, vstest.console.dll, AssemblyResolver.OnResolve: Microsoft.VisualStudio.TestPlatform.Fakes: Searching in: 'C:\Program Files\dotnet\sdk\6.0.401'.
TpTrace Information: 0 : 17212, 1, 2022/11/04, 21:40:55.654, 3803817394256, vstest.console.dll, AssemblyResolver.OnResolve: Microsoft.VisualStudio.TestPlatform.Fakes: Assembly path does not exist: 'C:\Program Files\dotnet\sdk\6.0.401\Microsoft.VisualStudio.TestPlatform.Fakes.dll', returning.
TpTrace Information: 0 : 17212, 1, 2022/11/04, 21:40:55.654, 3803817395550, vstest.console.dll, AssemblyResolver.OnResolve: Microsoft.VisualStudio.TestPlatform.Fakes: Assembly path does not exist: 'C:\Program Files\dotnet\sdk\6.0.401\Microsoft.VisualStudio.TestPlatform.Fakes.exe', returning.
TpTrace Information: 0 : 17212, 1, 2022/11/04, 21:40:55.654, 3803817396180, vstest.console.dll, AssemblyResolver.OnResolve: Microsoft.VisualStudio.TestPlatform.Fakes: Failed to load assembly.
TpTrace Information: 0 : 17212, 1, 2022/11/04, 21:40:55.654, 3803817403742, vstest.console.dll, Failed to load assembly Microsoft.VisualStudio.TestPlatform.Fakes, Version=17.0.0.0, Culture=neutral. Reason:System.IO.FileNotFoundException: Could not load file or assembly 'Microsoft.VisualStudio.TestPlatform.Fakes, Version=17.0.0.0, Culture=neutral, PublicKeyToken=null'. The system cannot find the file specified.
File name: 'Microsoft.VisualStudio.TestPlatform.Fakes, Version=17.0.0.0, Culture=neutral, PublicKeyToken=null'
   at System.Reflection.RuntimeAssembly.InternalLoad(ObjectHandleOnStack assemblyName, ObjectHandleOnStack requestingAssembly, StackCrawlMarkHandle stackMark, Boolean throwOnFileNotFound, ObjectHandleOnStack assemblyLoadContext, ObjectHandleOnStack retAssembly)
   at System.Reflection.RuntimeAssembly.InternalLoad(AssemblyName assemblyName, RuntimeAssembly requestingAssembly, StackCrawlMark& stackMark, Boolean throwOnFileNotFound, AssemblyLoadContext assemblyLoadContext)
   at System.Reflection.Assembly.Load(AssemblyName assemblyRef)
   at Microsoft.VisualStudio.TestPlatform.Common.Utilities.FakesUtilities.LoadTestPlatformAssembly()
TpTrace Verbose: 0 : 17212, 1, 2022/11/04, 21:40:55.766, 3803818522194, vstest.console.dll, TestPluginCache.DiscoverTestExtensions: finding test extensions in assemblies ends with: TestLogger.dll TPluginInfo: Microsoft.VisualStudio.TestPlatform.Common.ExtensionFramework.Utilities.TestLoggerPluginInformation TExtension: Microsoft.VisualStudio.TestPlatform.ObjectModel.Client.ITestLogger
TpTrace Verbose: 0 : 17212, 1, 2022/11/04, 21:40:55.767, 3803818524280, vstest.console.dll, TestPluginCache.GetExtensionPaths: Filtered extension paths: 
TpTrace Verbose: 0 : 17212, 1, 2022/11/04, 21:40:55.767, 3803818525027, vstest.console.dll, TestPluginCache.GetExtensionPaths: Added default extension paths: C:\Program Files\dotnet\sdk\6.0.401\Extensions\Microsoft.Diagnostics.NETCore.Client.dll
C:\Program Files\dotnet\sdk\6.0.401\Extensions\Microsoft.TestPlatform.Extensions.BlameDataCollector.dll
C:\Program Files\dotnet\sdk\6.0.401\Extensions\Microsoft.TestPlatform.Extensions.EventLogCollector.dll
C:\Program Files\dotnet\sdk\6.0.401\Extensions\Microsoft.TestPlatform.TestHostRuntimeProvider.dll
C:\Program Files\dotnet\sdk\6.0.401\Extensions\Microsoft.VisualStudio.TestPlatform.Extensions.Html.TestLogger.dll
C:\Program Files\dotnet\sdk\6.0.401\Extensions\Microsoft.VisualStudio.TestPlatform.Extensions.Trx.TestLogger.dll
TpTrace Verbose: 0 : 17212, 1, 2022/11/04, 21:40:55.767, 3803818525676, vstest.console.dll, TestPluginCache.GetExtensionPaths: Added unfilterableExtensionPaths: 
TpTrace Information: 0 : 17212, 1, 2022/11/04, 21:40:55.767, 3803818528394, vstest.console.dll, AssemblyResolver.AddSearchDirectories: Adding more searchDirectories C:\Program Files\dotnet\sdk\6.0.401\Extensions,C:\Program Files\dotnet\sdk\6.0.401
TpTrace Verbose: 0 : 17212, 1, 2022/11/04, 21:40:55.767, 3803818530489, vstest.console.dll, TestPluginCache.DiscoverTestExtensions: Discovering the extensions using extension path.
TpTrace Verbose: 0 : 17212, 1, 2022/11/04, 21:40:55.767, 3803818531363, vstest.console.dll, TestPluginCache.GetExtensionPaths: Filtered extension paths: 
TpTrace Verbose: 0 : 17212, 1, 2022/11/04, 21:40:55.767, 3803818532501, vstest.console.dll, TestPluginCache.GetExtensionPaths: Added default extension paths: C:\Program Files\dotnet\sdk\6.0.401\Extensions\Microsoft.Diagnostics.NETCore.Client.dll
C:\Program Files\dotnet\sdk\6.0.401\Extensions\Microsoft.TestPlatform.Extensions.BlameDataCollector.dll
C:\Program Files\dotnet\sdk\6.0.401\Extensions\Microsoft.TestPlatform.Extensions.EventLogCollector.dll
C:\Program Files\dotnet\sdk\6.0.401\Extensions\Microsoft.TestPlatform.TestHostRuntimeProvider.dll
C:\Program Files\dotnet\sdk\6.0.401\Extensions\Microsoft.VisualStudio.TestPlatform.Extensions.Html.TestLogger.dll
C:\Program Files\dotnet\sdk\6.0.401\Extensions\Microsoft.VisualStudio.TestPlatform.Extensions.Trx.TestLogger.dll
TpTrace Verbose: 0 : 17212, 1, 2022/11/04, 21:40:55.768, 3803818534831, vstest.console.dll, TestPluginCache.GetExtensionPaths: Added unfilterableExtensionPaths: 
TpTrace Verbose: 0 : 17212, 1, 2022/11/04, 21:40:55.768, 3803818535919, vstest.console.dll, TestPluginCache.DiscoverTestExtensions: Discovering the extensions using allExtensionPaths: C:\Program Files\dotnet\sdk\6.0.401\Extensions\Microsoft.Diagnostics.NETCore.Client.dll
C:\Program Files\dotnet\sdk\6.0.401\Extensions\Microsoft.TestPlatform.Extensions.BlameDataCollector.dll
C:\Program Files\dotnet\sdk\6.0.401\Extensions\Microsoft.TestPlatform.Extensions.EventLogCollector.dll
C:\Program Files\dotnet\sdk\6.0.401\Extensions\Microsoft.TestPlatform.TestHostRuntimeProvider.dll
C:\Program Files\dotnet\sdk\6.0.401\Extensions\Microsoft.VisualStudio.TestPlatform.Extensions.Html.TestLogger.dll
C:\Program Files\dotnet\sdk\6.0.401\Extensions\Microsoft.VisualStudio.TestPlatform.Extensions.Trx.TestLogger.dll
TpTrace Information: 0 : 17212, 1, 2022/11/04, 21:40:55.768, 3803818537264, vstest.console.dll, AssemblyResolver.AddSearchDirectories: Adding more searchDirectories C:\Program Files\dotnet\sdk\6.0.401\Extensions,C:\Program Files\dotnet\sdk\6.0.401
TpTrace Information: 0 : 17212, 1, 2022/11/04, 21:40:55.768, 3803818538081, vstest.console.dll, AssemblyResolver.AddSearchDirectories: Adding more searchDirectories C:\Program Files\dotnet\sdk\6.0.401\Extensions,C:\Program Files\dotnet\sdk\6.0.401
TpTrace Information: 0 : 17212, 1, 2022/11/04, 21:40:55.768, 3803818539213, vstest.console.dll, AssemblyResolver.AddSearchDirectories: Adding more searchDirectories C:\Program Files\dotnet\sdk\6.0.401\Extensions,C:\Program Files\dotnet\sdk\6.0.401
TpTrace Information: 0 : 17212, 1, 2022/11/04, 21:40:55.768, 3803818540043, vstest.console.dll, AssemblyResolver.AddSearchDirectories: Adding more searchDirectories C:\Program Files\dotnet\sdk\6.0.401\Extensions,C:\Program Files\dotnet\sdk\6.0.401
TpTrace Information: 0 : 17212, 1, 2022/11/04, 21:40:55.768, 3803818540795, vstest.console.dll, AssemblyResolver.AddSearchDirectories: Adding more searchDirectories C:\Program Files\dotnet\sdk\6.0.401\Extensions,C:\Program Files\dotnet\sdk\6.0.401
TpTrace Information: 0 : 17212, 1, 2022/11/04, 21:40:55.768, 3803818541553, vstest.console.dll, AssemblyResolver.AddSearchDirectories: Adding more searchDirectories C:\Program Files\dotnet\sdk\6.0.401\Extensions,C:\Program Files\dotnet\sdk\6.0.401
TpTrace Verbose: 0 : 17212, 1, 2022/11/04, 21:40:55.769, 3803818544848, vstest.console.dll, MetadataReaderExtensionsHelper: Discovering extensions inside assembly 'Microsoft.Diagnostics.NETCore.Client, Version=0.2.5.801, Culture=neutral, PublicKeyToken=31bf3856ad364e35' file path 'C:\Program Files\dotnet\sdk\6.0.401\Extensions\Microsoft.Diagnostics.NETCore.Client.dll'
TpTrace Information: 0 : 17212, 1, 2022/11/04, 21:40:55.770, 3803818562279, vstest.console.dll, AssemblyResolver.OnResolve: Microsoft.Bcl.AsyncInterfaces: Resolving assembly.
TpTrace Information: 0 : 17212, 1, 2022/11/04, 21:40:55.770, 3803818563817, vstest.console.dll, AssemblyResolver.OnResolve: Microsoft.Bcl.AsyncInterfaces: Resolved from cache.
TpTrace Verbose: 0 : 17212, 1, 2022/11/04, 21:40:55.771, 3803818564741, vstest.console.dll, CurrentDomainAssemblyResolve: Resolving assembly 'Microsoft.Bcl.AsyncInterfaces'.
TpTrace Information: 0 : 17212, 1, 2022/11/04, 21:40:55.771, 3803818566052, vstest.console.dll, AssemblyResolver.OnResolve: Microsoft.Bcl.AsyncInterfaces: Resolving assembly.
TpTrace Information: 0 : 17212, 1, 2022/11/04, 21:40:55.771, 3803818566929, vstest.console.dll, AssemblyResolver.OnResolve: Microsoft.Bcl.AsyncInterfaces: Resolved from cache.
TpTrace Verbose: 0 : 17212, 1, 2022/11/04, 21:40:55.771, 3803818567759, vstest.console.dll, CurrentDomainAssemblyResolve: Resolving assembly 'Microsoft.Bcl.AsyncInterfaces'.
TpTrace Verbose: 0 : 17212, 1, 2022/11/04, 21:40:55.771, 3803818568497, vstest.console.dll, CurrentDomainAssemblyResolve: Failed to resolve assembly 'Microsoft.Bcl.AsyncInterfaces'.
TpTrace Verbose: 0 : 17212, 1, 2022/11/04, 21:40:55.771, 3803818571635, vstest.console.dll, CurrentDomainAssemblyResolve: Failed to resolve assembly 'Microsoft.Bcl.AsyncInterfaces'.
TpTrace Warning: 0 : 17212, 1, 2022/11/04, 21:40:55.772, 3803818581978, vstest.console.dll, TestPluginDiscoverer: Failed to get types from assembly 'Microsoft.Diagnostics.NETCore.Client, Version=0.2.5.801, Culture=neutral, PublicKeyToken=31bf3856ad364e35'. Error: System.Reflection.ReflectionTypeLoadException: Unable to load one or more of the requested types.
Could not load file or assembly 'Microsoft.Bcl.AsyncInterfaces, Version=1.0.0.0, Culture=neutral, PublicKeyToken=cc7b13ffcd2ddd51'. The system cannot find the file specified.
   at System.Reflection.RuntimeModule.GetTypes(RuntimeModule module)
   at System.Reflection.Assembly.GetTypes()
   at Microsoft.VisualStudio.TestPlatform.Common.ExtensionFramework.TestPluginDiscoverer.GetTestExtensionsFromAssembly[TPluginInfo,TExtension](Assembly assembly, Dictionary`2 pluginInfos, String filePath)
System.IO.FileNotFoundException: Could not load file or assembly 'Microsoft.Bcl.AsyncInterfaces, Version=1.0.0.0, Culture=neutral, PublicKeyToken=cc7b13ffcd2ddd51'. The system cannot find the file specified.
File name: 'Microsoft.Bcl.AsyncInterfaces, Version=1.0.0.0, Culture=neutral, PublicKeyToken=cc7b13ffcd2ddd51'
 ---> System.IO.FileNotFoundException: Could not load file or assembly 'Microsoft.Bcl.AsyncInterfaces, Culture=neutral, PublicKeyToken=null'. The system cannot find the file specified.
File name: 'Microsoft.Bcl.AsyncInterfaces, Culture=neutral, PublicKeyToken=null'
   at System.Reflection.RuntimeAssembly.InternalLoad(ObjectHandleOnStack assemblyName, ObjectHandleOnStack requestingAssembly, StackCrawlMarkHandle stackMark, Boolean throwOnFileNotFound, ObjectHandleOnStack assemblyLoadContext, ObjectHandleOnStack retAssembly)
   at System.Reflection.RuntimeAssembly.InternalLoad(AssemblyName assemblyName, RuntimeAssembly requestingAssembly, StackCrawlMark& stackMark, Boolean throwOnFileNotFound, AssemblyLoadContext assemblyLoadContext)
   at System.Reflection.Assembly.Load(AssemblyName assemblyRef)
   at Microsoft.VisualStudio.TestPlatform.Common.ExtensionFramework.TestPluginCache.CurrentDomainAssemblyResolve(Object sender, AssemblyResolveEventArgs args)
   at Microsoft.VisualStudio.TestPlatform.PlatformAbstractions.PlatformAssemblyResolver.AssemblyResolverEvent(Object sender, Object eventArgs)
   at System.Runtime.Loader.AssemblyLoadContext.GetFirstResolvedAssemblyFromResolvingEvent(AssemblyName assemblyName)
   at System.Runtime.Loader.AssemblyLoadContext.ResolveUsingEvent(AssemblyName assemblyName)
   at System.Runtime.Loader.AssemblyLoadContext.ResolveUsingResolvingEvent(IntPtr gchManagedAssemblyLoadContext, AssemblyName assemblyName)
TpTrace Warning: 0 : 17212, 1, 2022/11/04, 21:40:55.773, 3803818587321, vstest.console.dll, LoaderExceptions: System.IO.FileNotFoundException: Could not load file or assembly 'Microsoft.Bcl.AsyncInterfaces, Version=1.0.0.0, Culture=neutral, PublicKeyToken=cc7b13ffcd2ddd51'. The system cannot find the file specified.
File name: 'Microsoft.Bcl.AsyncInterfaces, Version=1.0.0.0, Culture=neutral, PublicKeyToken=cc7b13ffcd2ddd51'
 ---> System.IO.FileNotFoundException: Could not load file or assembly 'Microsoft.Bcl.AsyncInterfaces, Culture=neutral, PublicKeyToken=null'. The system cannot find the file specified.
File name: 'Microsoft.Bcl.AsyncInterfaces, Culture=neutral, PublicKeyToken=null'
   at System.Reflection.RuntimeAssembly.InternalLoad(ObjectHandleOnStack assemblyName, ObjectHandleOnStack requestingAssembly, StackCrawlMarkHandle stackMark, Boolean throwOnFileNotFound, ObjectHandleOnStack assemblyLoadContext, ObjectHandleOnStack retAssembly)
   at System.Reflection.RuntimeAssembly.InternalLoad(AssemblyName assemblyName, RuntimeAssembly requestingAssembly, StackCrawlMark& stackMark, Boolean throwOnFileNotFound, AssemblyLoadContext assemblyLoadContext)
   at System.Reflection.Assembly.Load(AssemblyName assemblyRef)
   at Microsoft.VisualStudio.TestPlatform.Common.ExtensionFramework.TestPluginCache.CurrentDomainAssemblyResolve(Object sender, AssemblyResolveEventArgs args)
   at Microsoft.VisualStudio.TestPlatform.PlatformAbstractions.PlatformAssemblyResolver.AssemblyResolverEvent(Object sender, Object eventArgs)
   at System.Runtime.Loader.AssemblyLoadContext.GetFirstResolvedAssemblyFromResolvingEvent(AssemblyName assemblyName)
   at System.Runtime.Loader.AssemblyLoadContext.ResolveUsingEvent(AssemblyName assemblyName)
   at System.Runtime.Loader.AssemblyLoadContext.ResolveUsingResolvingEvent(IntPtr gchManagedAssemblyLoadContext, AssemblyName assemblyName)
TpTrace Verbose: 0 : 17212, 1, 2022/11/04, 21:40:55.773, 3803818591309, vstest.console.dll, MetadataReaderExtensionsHelper: Discovering extensions inside assembly 'Microsoft.TestPlatform.Extensions.BlameDataCollector, Version=15.0.0.0, Culture=neutral, PublicKeyToken=b03f5f7f11d50a3a' file path 'C:\Program Files\dotnet\sdk\6.0.401\Extensions\Microsoft.TestPlatform.Extensions.BlameDataCollector.dll'
TpTrace Information: 0 : 17212, 1, 2022/11/04, 21:40:55.775, 3803818606578, vstest.console.dll, GetTestExtensionFromType: Register extension with identifier data 'logger://Microsoft/TestPlatform/Extensions/Blame/v1' and type 'Microsoft.TestPlatform.Extensions.BlameDataCollector.BlameLogger, Microsoft.TestPlatform.Extensions.BlameDataCollector, Version=15.0.0.0, Culture=neutral, PublicKeyToken=b03f5f7f11d50a3a' inside file 'C:\Program Files\dotnet\sdk\6.0.401\Extensions\Microsoft.TestPlatform.Extensions.BlameDataCollector.dll'
TpTrace Verbose: 0 : 17212, 1, 2022/11/04, 21:40:55.775, 3803818608597, vstest.console.dll, MetadataReaderExtensionsHelper: Discovering extensions inside assembly 'Microsoft.TestPlatform.Extensions.EventLogCollector, Version=15.0.0.0, Culture=neutral, PublicKeyToken=b03f5f7f11d50a3a' file path 'C:\Program Files\dotnet\sdk\6.0.401\Extensions\Microsoft.TestPlatform.Extensions.EventLogCollector.dll'
TpTrace Verbose: 0 : 17212, 1, 2022/11/04, 21:40:55.777, 3803818628925, vstest.console.dll, MetadataReaderExtensionsHelper: Discovering extensions inside assembly 'Microsoft.TestPlatform.TestHostRuntimeProvider, Version=15.0.0.0, Culture=neutral, PublicKeyToken=b03f5f7f11d50a3a' file path 'C:\Program Files\dotnet\sdk\6.0.401\Extensions\Microsoft.TestPlatform.TestHostRuntimeProvider.dll'
TpTrace Verbose: 0 : 17212, 1, 2022/11/04, 21:40:55.780, 3803818656191, vstest.console.dll, MetadataReaderExtensionsHelper: Discovering extensions inside assembly 'Microsoft.VisualStudio.TestPlatform.Extensions.Html.TestLogger, Version=15.0.0.0, Culture=neutral, PublicKeyToken=b03f5f7f11d50a3a' file path 'C:\Program Files\dotnet\sdk\6.0.401\Extensions\Microsoft.VisualStudio.TestPlatform.Extensions.Html.TestLogger.dll'
TpTrace Information: 0 : 17212, 1, 2022/11/04, 21:40:55.782, 3803818676063, vstest.console.dll, GetTestExtensionFromType: Register extension with identifier data 'logger://Microsoft/TestPlatform/HtmlLogger/v1' and type 'Microsoft.VisualStudio.TestPlatform.Extensions.HtmlLogger.HtmlLogger, Microsoft.VisualStudio.TestPlatform.Extensions.Html.TestLogger, Version=15.0.0.0, Culture=neutral, PublicKeyToken=b03f5f7f11d50a3a' inside file 'C:\Program Files\dotnet\sdk\6.0.401\Extensions\Microsoft.VisualStudio.TestPlatform.Extensions.Html.TestLogger.dll'
TpTrace Verbose: 0 : 17212, 1, 2022/11/04, 21:40:55.782, 3803818678103, vstest.console.dll, MetadataReaderExtensionsHelper: Discovering extensions inside assembly 'Microsoft.VisualStudio.TestPlatform.Extensions.Trx.TestLogger, Version=15.0.0.0, Culture=neutral, PublicKeyToken=b03f5f7f11d50a3a' file path 'C:\Program Files\dotnet\sdk\6.0.401\Extensions\Microsoft.VisualStudio.TestPlatform.Extensions.Trx.TestLogger.dll'
TpTrace Information: 0 : 17212, 1, 2022/11/04, 21:40:55.785, 3803818708637, vstest.console.dll, GetTestExtensionFromType: Register extension with identifier data 'logger://Microsoft/TestPlatform/TrxLogger/v1' and type 'Microsoft.VisualStudio.TestPlatform.Extensions.TrxLogger.TrxLogger, Microsoft.VisualStudio.TestPlatform.Extensions.Trx.TestLogger, Version=15.0.0.0, Culture=neutral, PublicKeyToken=b03f5f7f11d50a3a' inside file 'C:\Program Files\dotnet\sdk\6.0.401\Extensions\Microsoft.VisualStudio.TestPlatform.Extensions.Trx.TestLogger.dll'
TpTrace Verbose: 0 : 17212, 1, 2022/11/04, 21:40:55.785, 3803818710861, vstest.console.dll, TestPluginCache: Discovered the extensions using extension path ''.
TpTrace Verbose: 0 : 17212, 1, 2022/11/04, 21:40:55.785, 3803818712004, vstest.console.dll, TestPluginCache: Discoverers are ''.
TpTrace Verbose: 0 : 17212, 1, 2022/11/04, 21:40:55.785, 3803818712768, vstest.console.dll, TestPluginCache: Executors are ''.
TpTrace Verbose: 0 : 17212, 1, 2022/11/04, 21:40:55.785, 3803818713419, vstest.console.dll, TestPluginCache: Executors2 are ''.
TpTrace Verbose: 0 : 17212, 1, 2022/11/04, 21:40:55.786, 3803818714039, vstest.console.dll, TestPluginCache: Setting providers are ''.
TpTrace Verbose: 0 : 17212, 1, 2022/11/04, 21:40:55.786, 3803818715739, vstest.console.dll, TestPluginCache: Loggers are 'logger://Microsoft/TestPlatform/Extensions/Blame/v1,logger://Microsoft/TestPlatform/HtmlLogger/v1,logger://Microsoft/TestPlatform/TrxLogger/v1'.
TpTrace Verbose: 0 : 17212, 1, 2022/11/04, 21:40:55.786, 3803818716883, vstest.console.dll, TestPluginCache: TestHosts are 'HostProvider://DefaultTestHost,HostProvider://DotnetTestHost'.
TpTrace Verbose: 0 : 17212, 1, 2022/11/04, 21:40:55.786, 3803818717610, vstest.console.dll, TestPluginCache: DataCollectors are ''.
TpTrace Information: 0 : 17212, 1, 2022/11/04, 21:40:55.789, 3803818748183, vstest.console.dll, TestPluginManager.CreateTestExtension: Attempting to load test extension: Microsoft.TestPlatform.Extensions.BlameDataCollector.BlameLogger
TpTrace Verbose: 0 : 17212, 1, 2022/11/04, 21:40:55.805, 3803818908721, vstest.console.dll, TestEngine: Initializing Parallel Execution as MaxCpuCount is set to: 1
TpTrace Information: 0 : 17212, 1, 2022/11/04, 21:40:55.832, 3803819178444, vstest.console.dll, TestPluginManager.CreateTestExtension: Attempting to load test extension: Microsoft.VisualStudio.TestPlatform.CrossPlatEngine.Hosting.DefaultTestHostManager
TpTrace Information: 0 : 17212, 1, 2022/11/04, 21:40:55.835, 3803819209838, vstest.console.dll, TestPluginManager.CreateTestExtension: Attempting to load test extension: Microsoft.VisualStudio.TestPlatform.CrossPlatEngine.Hosting.DotnetTestHostManager
TpTrace Information: 0 : 17212, 1, 2022/11/04, 21:40:55.836, 3803819222834, vstest.console.dll, InferRunSettingsHelper.IsTestSettingsEnabled: Unable to navigate to RunSettings/MSTest. Current node: RunSettings
TpTrace Verbose: 0 : 17212, 1, 2022/11/04, 21:40:55.850, 3803819360386, vstest.console.dll, TestEngine.GetExecutionManager: Chosen execution manager 'Microsoft.VisualStudio.TestPlatform.CrossPlatEngine.Client.Parallel.ParallelProxyExecutionManager, Microsoft.TestPlatform.CrossPlatEngine, Version=15.0.0.0, Culture=neutral, PublicKeyToken=b03f5f7f11d50a3a' ParallelLevel '1'.
TpTrace Verbose: 0 : 17212, 1, 2022/11/04, 21:40:55.850, 3803819363512, vstest.console.dll, TestRunRequest.ExecuteAsync: Creating test run request.
TpTrace Verbose: 0 : 17212, 1, 2022/11/04, 21:40:55.851, 3803819369233, vstest.console.dll, TestRunRequest.ExecuteAsync: Starting.
TpTrace Information: 0 : 17212, 1, 2022/11/04, 21:40:55.852, 3803819381392, vstest.console.dll, TestRunRequest.ExecuteAsync: Starting run with settings:TestRunCriteria:
   KeepAlive=False,FrequencyOfRunStatsChangeEvent=10,RunStatsChangeEventTimeout=00:00:01.5000000,TestCaseFilter=,TestExecutorLauncher=
   Settingsxml=<RunSettings>
  <RunConfiguration>
    <ResultsDirectory>C:\Users\Lenovo\OneDrive\Desktop\MyCloudFinalProject\DrinkApp\DrinkApp\DrinkAppUserTest\bin\Debug\net6.0\fine-code-coverage\coverage-tool-output</ResultsDirectory>
    <TargetPlatform>X64</TargetPlatform>
    <TargetFrameworkVersion>.NETCoreApp,Version=v6.0</TargetFrameworkVersion>
    <DesignMode>False</DesignMode>
    <CollectSourceInformation>False</CollectSourceInformation>
  </RunConfiguration>
  <LoggerRunSettings>
    <Loggers>
      <Logger friendlyName="blame" enabled="True" />
      <Logger friendlyName="Console" uri="logger://microsoft/TestPlatform/ConsoleLogger/v1" assemblyQualifiedName="Microsoft.VisualStudio.TestPlatform.CommandLine.Internal.ConsoleLogger, vstest.console, Version=15.0.0.0, Culture=neutral, PublicKeyToken=b03f5f7f11d50a3a" codeBase="C:\Program Files\dotnet\sdk\6.0.401\vstest.console.dll" enabled="True" />
    </Loggers>
  </LoggerRunSettings>
  <DataCollectionRunSettings>
    <DataCollectors>
      <DataCollector friendlyName="blame" enabled="True">
        <Configuration>
          <ResultsDirectory>C:\Users\Lenovo\OneDrive\Desktop\MyCloudFinalProject\DrinkApp\DrinkApp\DrinkAppUserTest\bin\Debug\net6.0\fine-code-coverage\coverage-tool-output</ResultsDirectory>
        </Configuration>
      </DataCollector>
    </DataCollectors>
  </DataCollectionRunSettings>
</RunSettings>

TpTrace Verbose: 0 : 17212, 1, 2022/11/04, 21:40:55.852, 3803819383039, vstest.console.dll, TestRunRequest.ExecuteAsync: Wait for the first run request is over.
TpTrace Verbose: 0 : 17212, 1, 2022/11/04, 21:40:55.853, 3803819390578, vstest.console.dll, MulticastDelegateUtilities.SafeInvoke: TestRun.TestRunStart: Invoking callbacks was skipped because there are no subscribers.
TpTrace Verbose: 0 : 17212, 4, 2022/11/04, 21:40:55.854, 3803819399147, vstest.console.dll, MulticastDelegateUtilities.SafeInvoke: InternalTestLoggerEvents.SendTestRunStart: Invoking callback 1/1 for Microsoft.VisualStudio.TestPlatform.CommandLine.Internal.ConsoleLogger.TestRunStartHandler, took 0 ms.
TpTrace Verbose: 0 : 17212, 1, 2022/11/04, 21:40:55.856, 3803819418629, vstest.console.dll, ParallelProxyExecutionManager: Start execution. Total sources: 1
TpTrace Verbose: 0 : 17212, 1, 2022/11/04, 21:40:55.861, 3803819470203, vstest.console.dll, TestRequestSender is acting as server.
TpTrace Verbose: 0 : 17212, 1, 2022/11/04, 21:40:55.872, 3803819577993, vstest.console.dll, DataCollectionRequestSender.InitializeCommunication : Initialize communication. 
TpTrace Information: 0 : 17212, 1, 2022/11/04, 21:40:55.900, 3803819858612, vstest.console.dll, Listening on Endpoint : 127.0.0.1:53223
TpTrace Verbose: 0 : 17212, 1, 2022/11/04, 21:40:55.936, 3803820218619, vstest.console.dll, DotnetDataCollectionLauncher: Adding  --runtimeconfig "C:\Program Files\dotnet\sdk\6.0.401\datacollector.runtimeconfig.json" in args
TpTrace Verbose: 0 : 17212, 1, 2022/11/04, 21:40:55.936, 3803820220806, vstest.console.dll, DotnetDataCollectionLauncher: Adding  --depsfile "C:\Program Files\dotnet\sdk\6.0.401\datacollector.deps.json" in args
TpTrace Verbose: 0 : 17212, 1, 2022/11/04, 21:40:55.936, 3803820223518, vstest.console.dll, DotnetDataCollectionLauncher: Full path of dotnet.exe is C:\Program Files\dotnet\dotnet.exe
TpTrace Information: 0 : 17212, 1, 2022/11/04, 21:40:56.048, 3803821337002, vstest.console.dll, ProxyDataCollectionManager.Initialize: Launched datacollector processId: 3872 port: 53223
TpTrace Information: 0 : 17212, 1, 2022/11/04, 21:40:56.048, 3803821339683, vstest.console.dll, ProxyDataCollectionManager.Initialize: waiting for connection with timeout: 90 seconds
TpTrace Verbose: 0 : 17212, 1, 2022/11/04, 21:40:56.048, 3803821340822, vstest.console.dll, DataCollectionRequestSender.WaitForRequestHandlerConnection : Waiting for connection with timeout: 90000
TpTrace Information: 0 : 17212, 5, 2022/11/04, 21:40:56.749, 3803828350297, vstest.console.dll, Using the buffer size of 16384 bytes
TpTrace Verbose: 0 : 17212, 1, 2022/11/04, 21:40:56.749, 3803828350456, vstest.console.dll, SocketCommunicationManager.WaitForClientConnection took: 700 ms, with 90000 ms timeout, and finished with True.
TpTrace Information: 0 : 17212, 5, 2022/11/04, 21:40:56.749, 3803828352056, vstest.console.dll, Accepted Client request and set the flag
TpTrace Verbose: 0 : 17212, 1, 2022/11/04, 21:40:56.750, 3803828353962, vstest.console.dll, ProxyDataCollectionManager.InvokeDataCollectionServiceAction: Starting.
TpTrace Information: 0 : 17212, 1, 2022/11/04, 21:40:56.750, 3803828355710, vstest.console.dll, ProxyDataCollectionManager.BeforeTestRunStart: Get environment variable and port for datacollector processId: 3872 port: 53223
TpTrace Verbose: 0 : 17212, 1, 2022/11/04, 21:40:56.750, 3803828358164, vstest.console.dll, DataCollectionRequestSender.SendBeforeTestRunStartAndGetResult: Send BeforeTestRunStart message with settingsXml <RunSettings><RunConfiguration><ResultsDirectory>C:\Users\Lenovo\OneDrive\Desktop\MyCloudFinalProject\DrinkApp\DrinkApp\DrinkAppUserTest\bin\Debug\net6.0\fine-code-coverage\coverage-tool-output</ResultsDirectory><TargetPlatform>X64</TargetPlatform><TargetFrameworkVersion>.NETCoreApp,Version=v6.0</TargetFrameworkVersion><DesignMode>False</DesignMode><CollectSourceInformation>False</CollectSourceInformation><TestAdaptersPaths>C:\Program Files\dotnet\sdk\6.0.401\Extensions</TestAdaptersPaths></RunConfiguration><LoggerRunSettings><Loggers><Logger friendlyName="blame" enabled="True" /><Logger friendlyName="Console" uri="logger://microsoft/TestPlatform/ConsoleLogger/v1" assemblyQualifiedName="Microsoft.VisualStudio.TestPlatform.CommandLine.Internal.ConsoleLogger, vstest.console, Version=15.0.0.0, Culture=neutral, PublicKeyToken=b03f5f7f11d50a3a" codeBase="C:\Program Files\dotnet\sdk\6.0.401\vstest.console.dll" enabled="True" /></Loggers></LoggerRunSettings><DataCollectionRunSettings><DataCollectors><DataCollector friendlyName="blame" enabled="True"><Configuration><ResultsDirectory>C:\Users\Lenovo\OneDrive\Desktop\MyCloudFinalProject\DrinkApp\DrinkApp\DrinkAppUserTest\bin\Debug\net6.0\fine-code-coverage\coverage-tool-output</ResultsDirectory></Configuration></DataCollector></DataCollectors></DataCollectionRunSettings></RunSettings> and sources System.Collections.Generic.List`1[System.String]: 
TpTrace Verbose: 0 : 17212, 1, 2022/11/04, 21:40:57.045, 3803831308474, vstest.console.dll, DataCollectionRequestSender.SendBeforeTestRunStartAndGetResult: Received message: (DataCollection.SendMessage) -> {"MessageType":"DataCollection.SendMessage","Payload":{"FriendlyName":null,"Uri":null,"TestCaseId":"00000000-0000-0000-0000-000000000000","Message":"Logging DataCollector Diagnostics in file: C:\\Users\\Lenovo\\OneDrive\\Desktop\\MyCloudFinalProject\\DrinkApp\\DrinkApp\\DrinkAppUserTest\\bin\\Debug\\net6.0\\fine-code-coverage\\coverage-tool-output\\diagnostics.datacollector.22-11-04_21-40-55_93594_1.log","Level":0}}
TpTrace Verbose: 0 : 17212, 1, 2022/11/04, 21:40:57.488, 3803835740991, vstest.console.dll, DataCollectionRequestSender.SendBeforeTestRunStartAndGetResult: Received message: (DataCollection.BeforeTestRunStartResult) -> {"MessageType":"DataCollection.BeforeTestRunStartResult","Payload":{"EnvironmentVariables":{},"DataCollectionEventsPort":53225}}
TpTrace Information: 0 : 17212, 1, 2022/11/04, 21:40:57.501, 3803835873189, vstest.console.dll, ProxyDataCollectionManager.BeforeTestRunStart: SendBeforeTestRunStartAndGetResult successful, env variable from datacollector:   and testhost port: 53225
TpTrace Information: 0 : 17212, 1, 2022/11/04, 21:40:57.502, 3803835875482, vstest.console.dll, ProxyDataCollectionManager.InvokeDataCollectionServiceAction: Completed.
TpTrace Verbose: 0 : 17212, 1, 2022/11/04, 21:40:57.502, 3803835880904, vstest.console.dll, ProxyParallelExecutionManager: No sources available for execution.
TpTrace Information: 0 : 17212, 1, 2022/11/04, 21:40:57.502, 3803835883127, vstest.console.dll, TestRunRequest.ExecuteAsync: Started.
TpTrace Verbose: 0 : 17212, 1, 2022/11/04, 21:40:57.503, 3803835886250, vstest.console.dll, TestRunRequest.WaitForCompletion: Waiting with timeout -1.
TpTrace Verbose: 0 : 17212, 10, 2022/11/04, 21:40:57.512, 3803835976307, vstest.console.dll, ParallelProxyExecutionManager: Execution started. Started clients: 1
TpTrace Verbose: 0 : 17212, 10, 2022/11/04, 21:40:57.514, 3803835994570, vstest.console.dll, TestRunRequest:SendTestRunMessage: Starting.
TpTrace Verbose: 0 : 17212, 4, 2022/11/04, 21:40:57.514, 3803835998855, vstest.console.dll, MulticastDelegateUtilities.SafeInvoke: InternalTestLoggerEvents.SendTestRunMessage: Invoking callback 1/1 for Microsoft.VisualStudio.TestPlatform.CommandLine.Internal.ConsoleLogger.TestMessageHandler, took 0 ms.
TpTrace Verbose: 0 : 17212, 10, 2022/11/04, 21:40:57.514, 3803835998854, vstest.console.dll, MulticastDelegateUtilities.SafeInvoke: TestRun.LogMessages: Invoking callback 1/1 for Microsoft.VisualStudio.TestPlatform.CommandLine.TestRunResultAggregator.TestRunMessageHandler, took 0 ms.
TpTrace Information: 0 : 17212, 10, 2022/11/04, 21:40:57.514, 3803836000889, vstest.console.dll, TestRunRequest:SendTestRunMessage: Completed.
TpTrace Verbose: 0 : 17212, 10, 2022/11/04, 21:40:57.515, 3803836005955, vstest.console.dll, ProxyExecutionManager: Test host is always Lazy initialize.
TpTrace Verbose: 0 : 17212, 10, 2022/11/04, 21:40:57.515, 3803836010830, vstest.console.dll, TestRequestSender.InitializeCommunication: initialize communication. 
TpTrace Information: 0 : 17212, 10, 2022/11/04, 21:40:57.517, 3803836032688, vstest.console.dll, SocketServer.Start: Listening on endpoint : 127.0.0.1:53226
TpTrace Verbose: 0 : 17212, 10, 2022/11/04, 21:40:57.519, 3803836049249, vstest.console.dll, DotnetTestHostmanager.GetTestHostProcessStartInfo: Platform environment 'X64' target architecture 'X64' framework '.NETCoreApp,Version=v6.0' OS 'Windows'
TpTrace Verbose: 0 : 17212, 10, 2022/11/04, 21:40:57.520, 3803836061078, vstest.console.dll, DotnetTestHostmanager: Adding  --runtimeconfig "C:\Users\Lenovo\OneDrive\Desktop\MyCloudFinalProject\DrinkApp\DrinkApp\DrinkAppUserTest\bin\Debug\net6.0\fine-code-coverage\build-output\DrinkAppUserTest.runtimeconfig.json" in args
TpTrace Verbose: 0 : 17212, 10, 2022/11/04, 21:40:57.521, 3803836065365, vstest.console.dll, DotnetTestHostmanager: Adding  --depsfile "C:\Users\Lenovo\OneDrive\Desktop\MyCloudFinalProject\DrinkApp\DrinkApp\DrinkAppUserTest\bin\Debug\net6.0\fine-code-coverage\build-output\DrinkAppUserTest.deps.json" in args
TpTrace Verbose: 0 : 17212, 10, 2022/11/04, 21:40:57.522, 3803836074747, vstest.console.dll, DotnetTestHostmanager.IsWinOnArm: Current PROCESSOR_ARCHITECTURE from environment variable 'AMD64'
TpTrace Verbose: 0 : 17212, 10, 2022/11/04, 21:40:57.522, 3803836077790, vstest.console.dll, DotnetTestHostmanager.IsWinOnArm: Is Windows on ARM 'False'
TpTrace Verbose: 0 : 17212, 10, 2022/11/04, 21:40:57.522, 3803836082073, vstest.console.dll, DotnetTestHostManager: testhost.exe found at path: C:\Users\Lenovo\OneDrive\Desktop\MyCloudFinalProject\DrinkApp\DrinkApp\DrinkAppUserTest\bin\Debug\net6.0\fine-code-coverage\build-output\testhost.exe
TpTrace Verbose: 0 : 17212, 10, 2022/11/04, 21:40:57.523, 3803836084383, vstest.console.dll, DotnetTestHostmanager: Full path of host exe is C:\Users\Lenovo\OneDrive\Desktop\MyCloudFinalProject\DrinkApp\DrinkApp\DrinkAppUserTest\bin\Debug\net6.0\fine-code-coverage\build-output\testhost.exe
TpTrace Verbose: 0 : 17212, 10, 2022/11/04, 21:40:57.523, 3803836088962, vstest.console.dll, DotnetTestHostmanager.LaunchTestHostAsync: Found 'VSTEST_WINAPPHOST_DOTNET_ROOT' in env variables, value 'C:\Program Files\dotnet', forwarding to 'DOTNET_ROOT'
TpTrace Verbose: 0 : 17212, 10, 2022/11/04, 21:40:57.524, 3803836096514, vstest.console.dll, DotnetTestHostManager: Starting process 'C:\Users\Lenovo\OneDrive\Desktop\MyCloudFinalProject\DrinkApp\DrinkApp\DrinkAppUserTest\bin\Debug\net6.0\fine-code-coverage\build-output\testhost.exe' with command line ' --runtimeconfig "C:\Users\Lenovo\OneDrive\Desktop\MyCloudFinalProject\DrinkApp\DrinkApp\DrinkAppUserTest\bin\Debug\net6.0\fine-code-coverage\build-output\DrinkAppUserTest.runtimeconfig.json" --depsfile "C:\Users\Lenovo\OneDrive\Desktop\MyCloudFinalProject\DrinkApp\DrinkApp\DrinkAppUserTest\bin\Debug\net6.0\fine-code-coverage\build-output\DrinkAppUserTest.deps.json" --port 53226 --endpoint 127.0.0.1:053226 --role client --parentprocessid 17212 --diag "C:\Users\Lenovo\OneDrive\Desktop\MyCloudFinalProject\DrinkApp\DrinkApp\DrinkAppUserTest\bin\Debug\net6.0\fine-code-coverage\coverage-tool-output\diagnostics.host.22-11-04_21-40-57_51879_10.log" --tracelevel 4 --datacollectionport 53225 --telemetryoptedin false'
TpTrace Verbose: 0 : 17212, 10, 2022/11/04, 21:40:57.565, 3803836505712, vstest.console.dll, MulticastDelegateUtilities.SafeInvoke: HostProviderEvents.OnHostLaunched: Invoking callback 1/2 for Microsoft.VisualStudio.TestPlatform.CrossPlatEngine.Client.ProxyExecutionManagerWithDataCollection.TestHostLaunchedHandler, took 8 ms.
TpTrace Verbose: 0 : 17212, 10, 2022/11/04, 21:40:57.565, 3803836507728, vstest.console.dll, Test Runtime launched
TpTrace Verbose: 0 : 17212, 10, 2022/11/04, 21:40:57.565, 3803836509044, vstest.console.dll, MulticastDelegateUtilities.SafeInvoke: HostProviderEvents.OnHostLaunched: Invoking callback 2/2 for Microsoft.VisualStudio.TestPlatform.CrossPlatEngine.Client.ProxyOperationManager.TestHostManagerHostLaunched, took 0 ms.
TpTrace Verbose: 0 : 17212, 10, 2022/11/04, 21:40:57.566, 3803836515696, vstest.console.dll, TestRequestSender.WaitForRequestHandlerConnection: waiting for connection with timeout: 90000.
TpTrace Verbose: 0 : 17212, 10, 2022/11/04, 21:40:58.683, 3803847684523, vstest.console.dll, TestRequestSender.WaitForRequestHandlerConnection: waiting took 1116 ms, with timeout 90000 ms, and result 0, which is success.
TpTrace Verbose: 0 : 17212, 12, 2022/11/04, 21:40:58.683, 3803847684586, vstest.console.dll, MulticastDelegateUtilities.SafeInvoke: SocketServer: ClientConnected: Invoking callback 1/1 for Microsoft.VisualStudio.TestPlatform.CommunicationUtilities.TestRequestSender.<InitializeCommunication>b__24_0, took 0 ms.
TpTrace Verbose: 0 : 17212, 12, 2022/11/04, 21:40:58.683, 3803847686841, vstest.console.dll, SocketServer.OnClientConnected: Client connected for endPoint: 127.0.0.1:53226, starting MessageLoopAsync:
TpTrace Verbose: 0 : 17212, 12, 2022/11/04, 21:40:58.683, 3803847690010, vstest.console.dll, TcpClientExtensions.MessageLoopAsync: Polling on remoteEndPoint: 127.0.0.1:53227 localEndPoint: 127.0.0.1:53226
TpTrace Verbose: 0 : 17212, 10, 2022/11/04, 21:40:58.685, 3803847709433, vstest.console.dll, TestRequestSender.CheckVersionWithTestHost: Sending check version message: {"MessageType":"ProtocolVersion","Payload":7}
TpTrace Verbose: 0 : 17212, 12, 2022/11/04, 21:40:59.695, 3803857813170, vstest.console.dll, TcpClientExtensions.MessageLoopAsync: Polling on remoteEndPoint: 127.0.0.1:53227 localEndPoint: 127.0.0.1:53226
TpTrace Verbose: 0 : 17212, 12, 2022/11/04, 21:40:59.896, 3803859818259, vstest.console.dll, TcpClientExtensions.MessageLoopAsync: NotifyDataAvailable remoteEndPoint: 127.0.0.1:53227 localEndPoint: 127.0.0.1:53226
TpTrace Verbose: 0 : 17212, 12, 2022/11/04, 21:40:59.897, 3803859826206, vstest.console.dll, TestRequestSender.CheckVersionWithTestHost: onMessageReceived received message: (ProtocolVersion) -> {"MessageType":"ProtocolVersion","Payload":7}
TpTrace Verbose: 0 : 17212, 12, 2022/11/04, 21:40:59.900, 3803859854470, vstest.console.dll, MulticastDelegateUtilities.SafeInvoke: LengthPrefixCommunicationChannel: MessageReceived: Invoking callback 1/1 for Microsoft.VisualStudio.TestPlatform.CommunicationUtilities.TestRequestSender+<>c__DisplayClass26_0.<CheckVersionWithTestHost>b__0, took 3 ms.
TpTrace Verbose: 0 : 17212, 12, 2022/11/04, 21:40:59.900, 3803859856533, vstest.console.dll, TcpClientExtensions.MessageLoopAsync: Polling on remoteEndPoint: 127.0.0.1:53227 localEndPoint: 127.0.0.1:53226
TpTrace Verbose: 0 : 17212, 10, 2022/11/04, 21:40:59.900, 3803859856621, vstest.console.dll, TestPluginCache.GetExtensionPaths: Filtered extension paths: 
TpTrace Verbose: 0 : 17212, 10, 2022/11/04, 21:40:59.900, 3803859858237, vstest.console.dll, TestPluginCache.GetExtensionPaths: Added default extension paths: C:\Program Files\dotnet\sdk\6.0.401\Extensions\Microsoft.Diagnostics.NETCore.Client.dll
C:\Program Files\dotnet\sdk\6.0.401\Extensions\Microsoft.TestPlatform.Extensions.BlameDataCollector.dll
C:\Program Files\dotnet\sdk\6.0.401\Extensions\Microsoft.TestPlatform.Extensions.EventLogCollector.dll
C:\Program Files\dotnet\sdk\6.0.401\Extensions\Microsoft.TestPlatform.TestHostRuntimeProvider.dll
C:\Program Files\dotnet\sdk\6.0.401\Extensions\Microsoft.VisualStudio.TestPlatform.Extensions.Html.TestLogger.dll
C:\Program Files\dotnet\sdk\6.0.401\Extensions\Microsoft.VisualStudio.TestPlatform.Extensions.Trx.TestLogger.dll
TpTrace Verbose: 0 : 17212, 10, 2022/11/04, 21:40:59.900, 3803859860986, vstest.console.dll, TestPluginCache.GetExtensionPaths: Added unfilterableExtensionPaths: 
TpTrace Verbose: 0 : 17212, 10, 2022/11/04, 21:40:59.911, 3803859969641, vstest.console.dll, TestRequestSender.InitializeExecution: Sending initialize execution with message: {"Version":7,"MessageType":"TestExecution.Initialize","Payload":["C:\\Users\\Lenovo\\OneDrive\\Desktop\\MyCloudFinalProject\\DrinkApp\\DrinkApp\\DrinkAppUserTest\\bin\\Debug\\net6.0\\fine-code-coverage\\build-output\\NUnit3.TestAdapter.dll"]}
TpTrace Warning: 0 : 17212, 10, 2022/11/04, 21:40:59.912, 3803859976548, vstest.console.dll, InferRunSettingsHelper.MakeRunsettingsCompatible: Removing the following settings: TargetPlatform from RunSettings file. To use those settings please move to latest version of Microsoft.NET.Test.Sdk
TpTrace Verbose: 0 : 17212, 12, 2022/11/04, 21:40:59.914, 3803859994064, vstest.console.dll, TcpClientExtensions.MessageLoopAsync: NotifyDataAvailable remoteEndPoint: 127.0.0.1:53227 localEndPoint: 127.0.0.1:53226
TpTrace Verbose: 0 : 17212, 12, 2022/11/04, 21:40:59.914, 3803859996220, vstest.console.dll, TestRequestSender.OnExecutionMessageReceived: Received message: {"Version":7,"MessageType":"TestSession.Message","Payload":{"MessageLevel":0,"Message":"Logging TestHost Diagnostics in file: C:\\Users\\Lenovo\\OneDrive\\Desktop\\MyCloudFinalProject\\DrinkApp\\DrinkApp\\DrinkAppUserTest\\bin\\Debug\\net6.0\\fine-code-coverage\\coverage-tool-output\\diagnostics.host.22-11-04_21-40-57_51879_10.log"}}
TpTrace Verbose: 0 : 17212, 12, 2022/11/04, 21:40:59.921, 3803860065536, vstest.console.dll, TestRunRequest:SendTestRunMessage: Starting.
TpTrace Verbose: 0 : 17212, 12, 2022/11/04, 21:40:59.921, 3803860068160, vstest.console.dll, MulticastDelegateUtilities.SafeInvoke: TestRun.LogMessages: Invoking callback 1/1 for Microsoft.VisualStudio.TestPlatform.CommandLine.TestRunResultAggregator.TestRunMessageHandler, took 0 ms.
TpTrace Information: 0 : 17212, 12, 2022/11/04, 21:40:59.921, 3803860069024, vstest.console.dll, TestRunRequest:SendTestRunMessage: Completed.
TpTrace Verbose: 0 : 17212, 12, 2022/11/04, 21:40:59.921, 3803860070252, vstest.console.dll, MulticastDelegateUtilities.SafeInvoke: LengthPrefixCommunicationChannel: MessageReceived: Invoking callback 1/1 for Microsoft.VisualStudio.TestPlatform.CommunicationUtilities.TestRequestSender+<>c__DisplayClass31_0.<StartTestRun>b__1, took 7 ms.
TpTrace Verbose: 0 : 17212, 12, 2022/11/04, 21:40:59.921, 3803860071058, vstest.console.dll, TcpClientExtensions.MessageLoopAsync: Polling on remoteEndPoint: 127.0.0.1:53227 localEndPoint: 127.0.0.1:53226
TpTrace Verbose: 0 : 17212, 4, 2022/11/04, 21:40:59.921, 3803860073269, vstest.console.dll, MulticastDelegateUtilities.SafeInvoke: InternalTestLoggerEvents.SendTestRunMessage: Invoking callback 1/1 for Microsoft.VisualStudio.TestPlatform.CommandLine.Internal.ConsoleLogger.TestMessageHandler, took 0 ms.
TpTrace Verbose: 0 : 17212, 10, 2022/11/04, 21:40:59.996, 3803860817737, vstest.console.dll, TestRequestSender.StartTestRun: Sending test run with message: {"Version":7,"MessageType":"TestExecution.StartWithSources","Payload":{"AdapterSourceMap":{"_none_":["C:\\Users\\Lenovo\\OneDrive\\Desktop\\MyCloudFinalProject\\DrinkApp\\DrinkApp\\DrinkAppUserTest\\bin\\Debug\\net6.0\\fine-code-coverage\\build-output\\DrinkAppUserTest.dll"]},"RunSettings":"<RunSettings>\r\n  <RunConfiguration>\r\n    <ResultsDirectory>C:\\Users\\Lenovo\\OneDrive\\Desktop\\MyCloudFinalProject\\DrinkApp\\DrinkApp\\DrinkAppUserTest\\bin\\Debug\\net6.0\\fine-code-coverage\\coverage-tool-output</ResultsDirectory>\r\n    <TargetFrameworkVersion>.NETCoreApp,Version=v6.0</TargetFrameworkVersion>\r\n    <DesignMode>False</DesignMode>\r\n    <CollectSourceInformation>False</CollectSourceInformation>\r\n  </RunConfiguration>\r\n  <LoggerRunSettings>\r\n    <Loggers>\r\n      <Logger friendlyName=\"blame\" enabled=\"True\" />\r\n      <Logger friendlyName=\"Console\" uri=\"logger://microsoft/TestPlatform/ConsoleLogger/v1\" assemblyQualifiedName=\"Microsoft.VisualStudio.TestPlatform.CommandLine.Internal.ConsoleLogger, vstest.console, Version=15.0.0.0, Culture=neutral, PublicKeyToken=b03f5f7f11d50a3a\" codeBase=\"C:\\Program Files\\dotnet\\sdk\\6.0.401\\vstest.console.dll\" enabled=\"True\" />\r\n    </Loggers>\r\n  </LoggerRunSettings>\r\n  <DataCollectionRunSettings>\r\n    <DataCollectors>\r\n      <DataCollector friendlyName=\"blame\" enabled=\"True\">\r\n        <Configuration>\r\n          <ResultsDirectory>C:\\Users\\Lenovo\\OneDrive\\Desktop\\MyCloudFinalProject\\DrinkApp\\DrinkApp\\DrinkAppUserTest\\bin\\Debug\\net6.0\\fine-code-coverage\\coverage-tool-output</ResultsDirectory>\r\n        </Configuration>\r\n      </DataCollector>\r\n    </DataCollectors>\r\n  </DataCollectionRunSettings>\r\n</RunSettings>","TestExecutionContext":{"FrequencyOfRunStatsChangeEvent":10,"RunStatsChangeEventTimeout":"00:00:01.5000000","InIsolation":false,"KeepAlive":false,"AreTestCaseLevelEventsRequired":false,"IsDebug":false,"TestCaseFilter":null,"FilterOptions":null},"Package":null}}
TpTrace Verbose: 0 : 17212, 12, 2022/11/04, 21:41:00.862, 3803869483025, vstest.console.dll, TcpClientExtensions.MessageLoopAsync: NotifyDataAvailable remoteEndPoint: 127.0.0.1:53227 localEndPoint: 127.0.0.1:53226
TpTrace Verbose: 0 : 17212, 12, 2022/11/04, 21:41:00.863, 3803869485099, vstest.console.dll, TestRequestSender.OnExecutionMessageReceived: Received message: {"Version":7,"MessageType":"TestSession.Message","Payload":{"MessageLevel":0,"Message":"NUnit Adapter 4.2.0.0: Test execution started"}}
TpTrace Verbose: 0 : 17212, 12, 2022/11/04, 21:41:00.863, 3803869488121, vstest.console.dll, TestRunRequest:SendTestRunMessage: Starting.
TpTrace Verbose: 0 : 17212, 12, 2022/11/04, 21:41:00.863, 3803869489631, vstest.console.dll, MulticastDelegateUtilities.SafeInvoke: TestRun.LogMessages: Invoking callback 1/1 for Microsoft.VisualStudio.TestPlatform.CommandLine.TestRunResultAggregator.TestRunMessageHandler, took 0 ms.
TpTrace Verbose: 0 : 17212, 4, 2022/11/04, 21:41:00.863, 3803869489645, vstest.console.dll, MulticastDelegateUtilities.SafeInvoke: InternalTestLoggerEvents.SendTestRunMessage: Invoking callback 1/1 for Microsoft.VisualStudio.TestPlatform.CommandLine.Internal.ConsoleLogger.TestMessageHandler, took 0 ms.
TpTrace Information: 0 : 17212, 12, 2022/11/04, 21:41:00.863, 3803869490515, vstest.console.dll, TestRunRequest:SendTestRunMessage: Completed.
TpTrace Verbose: 0 : 17212, 12, 2022/11/04, 21:41:00.863, 3803869491940, vstest.console.dll, MulticastDelegateUtilities.SafeInvoke: LengthPrefixCommunicationChannel: MessageReceived: Invoking callback 1/1 for Microsoft.VisualStudio.TestPlatform.CommunicationUtilities.TestRequestSender+<>c__DisplayClass31_0.<StartTestRun>b__1, took 0 ms.
TpTrace Verbose: 0 : 17212, 12, 2022/11/04, 21:41:00.863, 3803869492553, vstest.console.dll, TcpClientExtensions.MessageLoopAsync: Polling on remoteEndPoint: 127.0.0.1:53227 localEndPoint: 127.0.0.1:53226
TpTrace Verbose: 0 : 17212, 12, 2022/11/04, 21:41:00.966, 3803870517701, vstest.console.dll, TcpClientExtensions.MessageLoopAsync: NotifyDataAvailable remoteEndPoint: 127.0.0.1:53227 localEndPoint: 127.0.0.1:53226
TpTrace Verbose: 0 : 17212, 12, 2022/11/04, 21:41:00.966, 3803870519916, vstest.console.dll, TestRequestSender.OnExecutionMessageReceived: Received message: {"Version":7,"MessageType":"TestSession.Message","Payload":{"MessageLevel":0,"Message":"Running all tests in C:\\Users\\Lenovo\\OneDrive\\Desktop\\MyCloudFinalProject\\DrinkApp\\DrinkApp\\DrinkAppUserTest\\bin\\Debug\\net6.0\\fine-code-coverage\\build-output\\DrinkAppUserTest.dll"}}
TpTrace Verbose: 0 : 17212, 12, 2022/11/04, 21:41:00.966, 3803870522129, vstest.console.dll, TestRunRequest:SendTestRunMessage: Starting.
TpTrace Verbose: 0 : 17212, 12, 2022/11/04, 21:41:00.966, 3803870523356, vstest.console.dll, MulticastDelegateUtilities.SafeInvoke: TestRun.LogMessages: Invoking callback 1/1 for Microsoft.VisualStudio.TestPlatform.CommandLine.TestRunResultAggregator.TestRunMessageHandler, took 0 ms.
TpTrace Verbose: 0 : 17212, 4, 2022/11/04, 21:41:00.966, 3803870523406, vstest.console.dll, MulticastDelegateUtilities.SafeInvoke: InternalTestLoggerEvents.SendTestRunMessage: Invoking callback 1/1 for Microsoft.VisualStudio.TestPlatform.CommandLine.Internal.ConsoleLogger.TestMessageHandler, took 0 ms.
TpTrace Information: 0 : 17212, 12, 2022/11/04, 21:41:00.967, 3803870524162, vstest.console.dll, TestRunRequest:SendTestRunMessage: Completed.
TpTrace Verbose: 0 : 17212, 12, 2022/11/04, 21:41:00.967, 3803870525555, vstest.console.dll, MulticastDelegateUtilities.SafeInvoke: LengthPrefixCommunicationChannel: MessageReceived: Invoking callback 1/1 for Microsoft.VisualStudio.TestPlatform.CommunicationUtilities.TestRequestSender+<>c__DisplayClass31_0.<StartTestRun>b__1, took 0 ms.
TpTrace Verbose: 0 : 17212, 12, 2022/11/04, 21:41:00.967, 3803870526194, vstest.console.dll, TcpClientExtensions.MessageLoopAsync: Polling on remoteEndPoint: 127.0.0.1:53227 localEndPoint: 127.0.0.1:53226
TpTrace Verbose: 0 : 17212, 12, 2022/11/04, 21:41:01.499, 3803875852029, vstest.console.dll, TcpClientExtensions.MessageLoopAsync: NotifyDataAvailable remoteEndPoint: 127.0.0.1:53227 localEndPoint: 127.0.0.1:53226
TpTrace Verbose: 0 : 17212, 12, 2022/11/04, 21:41:01.499, 3803875853802, vstest.console.dll, TestRequestSender.OnExecutionMessageReceived: Received message: {"Version":7,"MessageType":"TestSession.Message","Payload":{"MessageLevel":0,"Message":"   NUnit3TestExecutor discovered 54 of 54 NUnit test cases using Current Discovery mode, Non-Explicit run"}}
TpTrace Verbose: 0 : 17212, 12, 2022/11/04, 21:41:01.500, 3803875855504, vstest.console.dll, TestRunRequest:SendTestRunMessage: Starting.
TpTrace Verbose: 0 : 17212, 12, 2022/11/04, 21:41:01.500, 3803875856631, vstest.console.dll, MulticastDelegateUtilities.SafeInvoke: TestRun.LogMessages: Invoking callback 1/1 for Microsoft.VisualStudio.TestPlatform.CommandLine.TestRunResultAggregator.TestRunMessageHandler, took 0 ms.
TpTrace Information: 0 : 17212, 12, 2022/11/04, 21:41:01.500, 3803875857300, vstest.console.dll, TestRunRequest:SendTestRunMessage: Completed.
TpTrace Verbose: 0 : 17212, 12, 2022/11/04, 21:41:01.500, 3803875857950, vstest.console.dll, MulticastDelegateUtilities.SafeInvoke: LengthPrefixCommunicationChannel: MessageReceived: Invoking callback 1/1 for Microsoft.VisualStudio.TestPlatform.CommunicationUtilities.TestRequestSender+<>c__DisplayClass31_0.<StartTestRun>b__1, took 0 ms.
TpTrace Verbose: 0 : 17212, 12, 2022/11/04, 21:41:01.500, 3803875858533, vstest.console.dll, TcpClientExtensions.MessageLoopAsync: Polling on remoteEndPoint: 127.0.0.1:53227 localEndPoint: 127.0.0.1:53226
TpTrace Verbose: 0 : 17212, 4, 2022/11/04, 21:41:01.500, 3803875859593, vstest.console.dll, MulticastDelegateUtilities.SafeInvoke: InternalTestLoggerEvents.SendTestRunMessage: Invoking callback 1/1 for Microsoft.VisualStudio.TestPlatform.CommandLine.Internal.ConsoleLogger.TestMessageHandler, took 0 ms.
TpTrace Verbose: 0 : 17212, 12, 2022/11/04, 21:41:02.330, 3803884154005, vstest.console.dll, TcpClientExtensions.MessageLoopAsync: NotifyDataAvailable remoteEndPoint: 127.0.0.1:53227 localEndPoint: 127.0.0.1:53226
TpTrace Verbose: 0 : 17212, 12, 2022/11/04, 21:41:02.330, 3803884155816, vstest.console.dll, TestRequestSender.OnExecutionMessageReceived: Received message: {"Version":7,"MessageType":"TestSession.Message","Payload":{"MessageLevel":1,"Message":"Setup failed for test fixture DrinkAppUserTest.ApiTests.RegisterPatientTest"}}
TpTrace Verbose: 0 : 17212, 12, 2022/11/04, 21:41:02.330, 3803884157850, vstest.console.dll, TestRunRequest:SendTestRunMessage: Starting.
TpTrace Verbose: 0 : 17212, 12, 2022/11/04, 21:41:02.330, 3803884159137, vstest.console.dll, MulticastDelegateUtilities.SafeInvoke: TestRun.LogMessages: Invoking callback 1/1 for Microsoft.VisualStudio.TestPlatform.CommandLine.TestRunResultAggregator.TestRunMessageHandler, took 0 ms.
TpTrace Information: 0 : 17212, 12, 2022/11/04, 21:41:02.330, 3803884159928, vstest.console.dll, TestRunRequest:SendTestRunMessage: Completed.
TpTrace Verbose: 0 : 17212, 12, 2022/11/04, 21:41:02.330, 3803884160634, vstest.console.dll, MulticastDelegateUtilities.SafeInvoke: LengthPrefixCommunicationChannel: MessageReceived: Invoking callback 1/1 for Microsoft.VisualStudio.TestPlatform.CommunicationUtilities.TestRequestSender+<>c__DisplayClass31_0.<StartTestRun>b__1, took 0 ms.
TpTrace Verbose: 0 : 17212, 12, 2022/11/04, 21:41:02.330, 3803884161250, vstest.console.dll, TcpClientExtensions.MessageLoopAsync: Polling on remoteEndPoint: 127.0.0.1:53227 localEndPoint: 127.0.0.1:53226
TpTrace Verbose: 0 : 17212, 12, 2022/11/04, 21:41:02.331, 3803884164922, vstest.console.dll, TcpClientExtensions.MessageLoopAsync: NotifyDataAvailable remoteEndPoint: 127.0.0.1:53227 localEndPoint: 127.0.0.1:53226
TpTrace Verbose: 0 : 17212, 12, 2022/11/04, 21:41:02.331, 3803884167818, vstest.console.dll, TestRequestSender.OnExecutionMessageReceived: Received message: {"Version":7,"MessageType":"TestSession.Message","Payload":{"MessageLevel":1,"Message":"System.InvalidOperationException : The gRPC channel URI 'http://:53226' could not be parsed.\nStackTrace:    at Microsoft.Extensions.DependencyInjection.GrpcServiceCollectionExtensions.<>c.<AddGrpc>b__1_1(IServiceProvider p) in D:\\a\\1\\s\\src\\DotNetWorker.Grpc\\GrpcServiceCollectionExtensions.cs:line 61\r\n   at Microsoft.Extensions.DependencyInjection.ServiceLookup.CallSiteRuntimeResolver.VisitFactory(FactoryCallSite factoryCallSite, RuntimeResolverContext context)\r\n   at Microsoft.Extensions.DependencyInjection.ServiceLookup.CallSiteVisitor`2.VisitCallSiteMain(ServiceCallSite callSite, TArgument argument)\r\n   at Microsoft.Extensions.DependencyInjection.ServiceLookup.CallSiteRuntimeResolver.VisitRootCache(ServiceCallSite callSite, RuntimeResolverContext context)\r\n   at Microsoft.Extensions.DependencyInjection.ServiceLookup.CallSiteVisitor`2.VisitCallSite(ServiceCallSite callSite, TArgument argument)\r\n   at Microsoft.Extensions.DependencyInjection.ServiceLookup.CallSiteRuntimeResolver.VisitConstructor(ConstructorCallSite constructorCallSite, RuntimeResolverContext context)\r\n   at Microsoft.Extensions.DependencyInjection.ServiceLookup.CallSiteVisitor`2.VisitCallSiteMain(ServiceCallSite callSite, TArgument argument)\r\n   at Microsoft.Extensions.DependencyInjection.ServiceLookup.CallSiteRuntimeResolver.VisitRootCache(ServiceCallSite callSite, RuntimeResolverContext context)\r\n   at Microsoft.Extensions.DependencyInjection.ServiceLookup.CallSiteVisitor`2.VisitCallSite(ServiceCallSite callSite, TArgument argument)\r\n   at Microsoft.Extensions.DependencyInjection.ServiceLookup.CallSiteRuntimeResolver.VisitConstructor(ConstructorCallSite constructorCallSite, RuntimeResolverContext context)\r\n   at Microsoft.Extensions.DependencyInjection.ServiceLookup.CallSiteVisitor`2.VisitCallSiteMain(ServiceCallSite callSite, TArgument argument)\r\n   at Microsoft.Extensions.DependencyInjection.ServiceLookup.CallSiteRuntimeResolver.VisitRootCache(ServiceCallSite callSite, RuntimeResolverContext context)\r\n   at Microsoft.Extensions.DependencyInjection.ServiceLookup.CallSiteVisitor`2.VisitCallSite(ServiceCallSite callSite, TArgument argument)\r\n   at Microsoft.Extensions.DependencyInjection.ServiceLookup.CallSiteRuntimeResolver.VisitIEnumerable(IEnumerableCallSite enumerableCallSite, RuntimeResolverContext context)\r\n   at Microsoft.Extensions.DependencyInjection.ServiceLookup.CallSiteVisitor`2.VisitCallSiteMain(ServiceCallSite callSite, TArgument argument)\r\n   at Microsoft.Extensions.DependencyInjection.ServiceLookup.CallSiteRuntimeResolver.VisitRootCache(ServiceCallSite callSite, RuntimeResolverContext context)\r\n   at Microsoft.Extensions.DependencyInjection.ServiceLookup.CallSiteVisitor`2.VisitCallSite(ServiceCallSite callSite, TArgument argument)\r\n   at Microsoft.Extensions.DependencyInjection.ServiceLookup.CallSiteRuntimeResolver.Resolve(ServiceCallSite callSite, ServiceProviderEngineScope scope)\r\n   at Microsoft.Extensions.DependencyInjection.ServiceProvider.CreateServiceAccessor(Type serviceType)\r\n   at System.Collections.Concurrent.ConcurrentDictionary`2.GetOrAdd(TKey key, Func`2 valueFactory)\r\n   at Microsoft.Extensions.DependencyInjection.ServiceProvider.GetService(Type serviceType, ServiceProviderEngineScope serviceProviderEngineScope)\r\n   at Microsoft.Extensions.DependencyInjection.ServiceProvider.GetService(Type serviceType)\r\n   at Microsoft.Extensions.DependencyInjection.ServiceProviderServiceExtensions.GetService[T](IServiceProvider provider)\r\n   at Microsoft.Extensions.Hosting.Internal.Host.StartAsync(CancellationToken cancellationToken)\r\n   at Microsoft.Extensions.Hosting.HostingAbstractionsHostExtensions.RunAsync(IHost host, CancellationToken token)\r\n   at Microsoft.Extensions.Hosting.HostingAbstractionsHostExtensions.RunAsync(IHost host, CancellationToken token)\r\n   at Users.Program.Main(String[] args) in C:\\Users\\Lenovo\\OneDrive\\Desktop\\MyCloudFinalProject\\DrinkApp\\DrinkApp\\Users\\Program.cs:line 40\r\n   at Users.Program.<Main>(String[] args)\r\n--- End of stack trace from previous location ---\r\n   at Microsoft.AspNetCore.Mvc.Testing.DeferredHostBuilder.DeferredHost.StartAsync(CancellationToken cancellationToken)\r\n   at Microsoft.Extensions.Hosting.HostingAbstractionsHostExtensions.Start(IHost host)\r\n   at Microsoft.AspNetCore.Mvc.Testing.WebApplicationFactory`1.CreateHost(IHostBuilder builder)\r\n   at Microsoft.AspNetCore.Mvc.Testing.WebApplicationFactory`1.DelegatedWebApplicationFactory.CreateHost(IHostBuilder builder)\r\n   at Microsoft.AspNetCore.Mvc.Testing.WebApplicationFactory`1.ConfigureHostBuilder(IHostBuilder hostBuilder)\r\n   at Microsoft.AspNetCore.Mvc.Testing.WebApplicationFactory`1.EnsureServer()\r\n   at Microsoft.AspNetCore.Mvc.Testing.WebApplicationFactory`1.CreateDefaultClient(DelegatingHandler[] handlers)\r\n   at Microsoft.AspNetCore.Mvc.Testing.WebApplicationFactory`1.CreateDefaultClient(Uri baseAddress, DelegatingHandler[] handlers)\r\n   at Microsoft.AspNetCore.Mvc.Testing.WebApplicationFactory`1.CreateClient(WebApplicationFactoryClientOptions options)\r\n   at Microsoft.AspNetCore.Mvc.Testing.WebApplicationFactory`1.CreateClient()\r\n   at DrinkAppUserTest.ApiTests.IntegrationTest..ctor() in C:\\Users\\Lenovo\\OneDrive\\Desktop\\MyCloudFinalProject\\DrinkApp\\DrinkApp\\DrinkAppUserTest\\ApiTests\\IntegrationTest.cs:line 33\r\n   at DrinkAppUserTest.ApiTests.RegisterPatientTest..ctor()"}}
TpTrace Verbose: 0 : 17212, 12, 2022/11/04, 21:41:02.331, 3803884170993, vstest.console.dll, TestRunRequest:SendTestRunMessage: Starting.
TpTrace Verbose: 0 : 17212, 12, 2022/11/04, 21:41:02.331, 3803884172175, vstest.console.dll, MulticastDelegateUtilities.SafeInvoke: TestRun.LogMessages: Invoking callback 1/1 for Microsoft.VisualStudio.TestPlatform.CommandLine.TestRunResultAggregator.TestRunMessageHandler, took 0 ms.
TpTrace Information: 0 : 17212, 12, 2022/11/04, 21:41:02.331, 3803884172792, vstest.console.dll, TestRunRequest:SendTestRunMessage: Completed.
TpTrace Verbose: 0 : 17212, 4, 2022/11/04, 21:41:02.331, 3803884169158, vstest.console.dll, MulticastDelegateUtilities.SafeInvoke: InternalTestLoggerEvents.SendTestRunMessage: Invoking callback 1/1 for Microsoft.VisualStudio.TestPlatform.CommandLine.Internal.ConsoleLogger.TestMessageHandler, took 0 ms.
TpTrace Verbose: 0 : 17212, 12, 2022/11/04, 21:41:02.331, 3803884173445, vstest.console.dll, MulticastDelegateUtilities.SafeInvoke: LengthPrefixCommunicationChannel: MessageReceived: Invoking callback 1/1 for Microsoft.VisualStudio.TestPlatform.CommunicationUtilities.TestRequestSender+<>c__DisplayClass31_0.<StartTestRun>b__1, took 0 ms.
TpTrace Verbose: 0 : 17212, 12, 2022/11/04, 21:41:02.332, 3803884174692, vstest.console.dll, TcpClientExtensions.MessageLoopAsync: Polling on remoteEndPoint: 127.0.0.1:53227 localEndPoint: 127.0.0.1:53226
TpTrace Verbose: 0 : 17212, 4, 2022/11/04, 21:41:02.333, 3803884190303, vstest.console.dll, MulticastDelegateUtilities.SafeInvoke: InternalTestLoggerEvents.SendTestRunMessage: Invoking callback 1/1 for Microsoft.VisualStudio.TestPlatform.CommandLine.Internal.ConsoleLogger.TestMessageHandler, took 1 ms.
TpTrace Verbose: 0 : 17212, 12, 2022/11/04, 21:41:02.428, 3803885136519, vstest.console.dll, TcpClientExtensions.MessageLoopAsync: NotifyDataAvailable remoteEndPoint: 127.0.0.1:53227 localEndPoint: 127.0.0.1:53226
TpTrace Verbose: 0 : 17212, 12, 2022/11/04, 21:41:02.428, 3803885139589, vstest.console.dll, TestRequestSender.OnExecutionMessageReceived: Received message: {"Version":7,"MessageType":"TestExecution.StatsChange","Payload":{"NewTestResults":[{"TestCase":{"Id":"6622f672-f241-424b-8cec-ebea9c2d1c68","FullyQualifiedName":"DrinkAppUserTest.ApiTests.RegisterPatientTest.RegisterPatient_Returns_Response_Created","DisplayName":"RegisterPatient_Returns_Response_Created","ExecutorUri":"executor://NUnit3TestExecutor","Source":"C:\\Users\\Lenovo\\OneDrive\\Desktop\\MyCloudFinalProject\\DrinkApp\\DrinkApp\\DrinkAppUserTest\\bin\\Debug\\net6.0\\fine-code-coverage\\build-output\\DrinkAppUserTest.dll","CodeFilePath":null,"LineNumber":0,"Properties":[{"Key":{"Id":"NUnit.Seed","Label":"Seed","Category":"","Description":"","Attributes":0,"ValueType":"System.String"},"Value":"31957601"}]},"Attachments":[],"Outcome":2,"ErrorMessage":"OneTimeSetUp: System.InvalidOperationException : The gRPC channel URI 'http://:53226' could not be parsed.","ErrorStackTrace":"","DisplayName":"RegisterPatient_Returns_Response_Created","Messages":[],"ComputerName":"DESKTOP-VRVGM1L","Duration":"00:00:00.6306470","StartTime":"2022-11-04T20:41:01.606673+00:00","EndTime":"2022-11-04T20:41:02.2371802+00:00","Properties":[{"Key":{"Id":"NUnit.Seed","Label":"Seed","Category":"","Description":"","Attributes":0,"ValueType":"System.String"},"Value":"31957601"}]}],"TestRunStatistics":{"ExecutedTests":1,"Stats":{"Failed":1}},"ActiveTests":[{"Id":"8e89c9ec-33be-c5c0-1046-8b767644c2fd","FullyQualifiedName":"Users.AppCrudRepositoriesTests.AppCrudRepositoryTest.CreateCareGiver_Should_Return_CareGiver_Data","DisplayName":"CreateCareGiver_Should_Return_CareGiver_Data","ExecutorUri":"executor://NUnit3TestExecutor","Source":"C:\\Users\\Lenovo\\OneDrive\\Desktop\\MyCloudFinalProject\\DrinkApp\\DrinkApp\\DrinkAppUserTest\\bin\\Debug\\net6.0\\fine-code-coverage\\build-output\\DrinkAppUserTest.dll","CodeFilePath":null,"LineNumber":0,"Properties":[{"Key":{"Id":"NUnit.Seed","Label":"Seed","Category":"","Description":"","Attributes":0,"ValueType":"System.String"},"Value":"891969649"}]}]}}
TpTrace Verbose: 0 : 17212, 12, 2022/11/04, 21:41:02.494, 3803885794670, vstest.console.dll, TestRunRequest:SendTestRunStatsChange: Starting.
TpTrace Verbose: 0 : 17212, 12, 2022/11/04, 21:41:02.513, 3803885988552, vstest.console.dll, InProgress is CreateCareGiver_Should_Return_CareGiver_Data
TpTrace Verbose: 0 : 17212, 12, 2022/11/04, 21:41:02.513, 3803885992198, vstest.console.dll, MulticastDelegateUtilities.SafeInvoke: TestRun.RunStatsChanged: Invoking callbacks was skipped because there are no subscribers.
TpTrace Information: 0 : 17212, 12, 2022/11/04, 21:41:02.513, 3803885992979, vstest.console.dll, TestRunRequest:SendTestRunStatsChange: Completed.
TpTrace Verbose: 0 : 17212, 12, 2022/11/04, 21:41:02.513, 3803885993663, vstest.console.dll, MulticastDelegateUtilities.SafeInvoke: LengthPrefixCommunicationChannel: MessageReceived: Invoking callback 1/1 for Microsoft.VisualStudio.TestPlatform.CommunicationUtilities.TestRequestSender+<>c__DisplayClass31_0.<StartTestRun>b__1, took 85 ms.
TpTrace Verbose: 0 : 17212, 12, 2022/11/04, 21:41:02.514, 3803885994303, vstest.console.dll, TcpClientExtensions.MessageLoopAsync: Polling on remoteEndPoint: 127.0.0.1:53227 localEndPoint: 127.0.0.1:53226
TpTrace Verbose: 0 : 17212, 4, 2022/11/04, 21:41:02.521, 3803886066906, vstest.console.dll, MulticastDelegateUtilities.SafeInvoke: InternalTestLoggerEvents.SendTestResult: Invoking callback 1/1 for Microsoft.VisualStudio.TestPlatform.CommandLine.Internal.ConsoleLogger.TestResultHandler, took 7 ms.
TpTrace Verbose: 0 : 17212, 12, 2022/11/04, 21:41:03.269, 3803893547497, vstest.console.dll, TcpClientExtensions.MessageLoopAsync: NotifyDataAvailable remoteEndPoint: 127.0.0.1:53227 localEndPoint: 127.0.0.1:53226
TpTrace Verbose: 0 : 17212, 12, 2022/11/04, 21:41:03.269, 3803893551819, vstest.console.dll, TestRequestSender.OnExecutionMessageReceived: Received message: {"Version":7,"MessageType":"TestExecution.StatsChange","Payload":{"NewTestResults":[{"TestCase":{"Id":"8e89c9ec-33be-c5c0-1046-8b767644c2fd","FullyQualifiedName":"Users.AppCrudRepositoriesTests.AppCrudRepositoryTest.CreateCareGiver_Should_Return_CareGiver_Data","DisplayName":"CreateCareGiver_Should_Return_CareGiver_Data","ExecutorUri":"executor://NUnit3TestExecutor","Source":"C:\\Users\\Lenovo\\OneDrive\\Desktop\\MyCloudFinalProject\\DrinkApp\\DrinkApp\\DrinkAppUserTest\\bin\\Debug\\net6.0\\fine-code-coverage\\build-output\\DrinkAppUserTest.dll","CodeFilePath":null,"LineNumber":0,"Properties":[{"Key":{"Id":"NUnit.Seed","Label":"Seed","Category":"","Description":"","Attributes":0,"ValueType":"System.String"},"Value":"891969649"}]},"Attachments":[],"Outcome":1,"ErrorMessage":null,"ErrorStackTrace":null,"DisplayName":"CreateCareGiver_Should_Return_CareGiver_Data","Messages":[],"ComputerName":"DESKTOP-VRVGM1L","Duration":"00:00:00.6546370","StartTime":"2022-11-04T20:41:02.2457708+00:00","EndTime":"2022-11-04T20:41:02.9004076+00:00","Properties":[{"Key":{"Id":"NUnit.Seed","Label":"Seed","Category":"","Description":"","Attributes":0,"ValueType":"System.String"},"Value":"891969649"}]},{"TestCase":{"Id":"0e1a6992-3a69-14e7-ae09-b5195a8cccdc","FullyQualifiedName":"Users.AppCrudRepositoriesTests.AppCrudRepositoryTest.CreatePatient_Should_Return_Patient_Data","DisplayName":"CreatePatient_Should_Return_Patient_Data","ExecutorUri":"executor://NUnit3TestExecutor","Source":"C:\\Users\\Lenovo\\OneDrive\\Desktop\\MyCloudFinalProject\\DrinkApp\\DrinkApp\\DrinkAppUserTest\\bin\\Debug\\net6.0\\fine-code-coverage\\build-output\\DrinkAppUserTest.dll","CodeFilePath":null,"LineNumber":0,"Properties":[{"Key":{"Id":"NUnit.Seed","Label":"Seed","Category":"","Description":"","Attributes":0,"ValueType":"System.String"},"Value":"895164187"}]},"Attachments":[],"Outcome":1,"ErrorMessage":null,"ErrorStackTrace":null,"DisplayName":"CreatePatient_Should_Return_Patient_Data","Messages":[],"ComputerName":"DESKTOP-VRVGM1L","Duration":"00:00:00.0155540","StartTime":"2022-11-04T20:41:02.9318271+00:00","EndTime":"2022-11-04T20:41:02.9473812+00:00","Properties":[{"Key":{"Id":"NUnit.Seed","Label":"Seed","Category":"","Description":"","Attributes":0,"ValueType":"System.String"},"Value":"895164187"}]},{"TestCase":{"Id":"9500f64f-0080-731f-f14d-9916f38964d1","FullyQualifiedName":"Users.AppCrudRepositoriesTests.AppCrudRepositoryTest.GetCareGiverByEmail_Should_Retrieve_CareGiver_Data","DisplayName":"GetCareGiverByEmail_Should_Retrieve_CareGiver_Data","ExecutorUri":"executor://NUnit3TestExecutor","Source":"C:\\Users\\Lenovo\\OneDrive\\Desktop\\MyCloudFinalProject\\DrinkApp\\DrinkApp\\DrinkAppUserTest\\bin\\Debug\\net6.0\\fine-code-coverage\\build-output\\DrinkAppUserTest.dll","CodeFilePath":null,"LineNumber":0,"Properties":[{"Key":{"Id":"NUnit.Seed","Label":"Seed","Category":"","Description":"","Attributes":0,"ValueType":"System.String"},"Value":"1287872961"}]},"Attachments":[],"Outcome":1,"ErrorMessage":null,"ErrorStackTrace":null,"DisplayName":"GetCareGiverByEmail_Should_Retrieve_CareGiver_Data","Messages":[],"ComputerName":"DESKTOP-VRVGM1L","Duration":"00:00:00.1111670","StartTime":"2022-11-04T20:41:02.9525895+00:00","EndTime":"2022-11-04T20:41:03.0637561+00:00","Properties":[{"Key":{"Id":"NUnit.Seed","Label":"Seed","Category":"","Description":"","Attributes":0,"ValueType":"System.String"},"Value":"1287872961"}]},{"TestCase":{"Id":"5ad539d5-243d-47b9-7717-ef3cae66d4ec","FullyQualifiedName":"Users.AppCrudRepositoriesTests.AppCrudRepositoryTest.GetCareGiverById_Should_Retrieve_CareGiver_Data","DisplayName":"GetCareGiverById_Should_Retrieve_CareGiver_Data","ExecutorUri":"executor://NUnit3TestExecutor","Source":"C:\\Users\\Lenovo\\OneDrive\\Desktop\\MyCloudFinalProject\\DrinkApp\\DrinkApp\\DrinkAppUserTest\\bin\\Debug\\net6.0\\fine-code-coverage\\build-output\\DrinkAppUserTest.dll","CodeFilePath":null,"LineNumber":0,"Properties":[{"Key":{"Id":"NUnit.Seed","Label":"Seed","Category":"","Description":"","Attributes":0,"ValueType":"System.String"},"Value":"2135168194"}]},"Attachments":[],"Outcome":1,"ErrorMessage":null,"ErrorStackTrace":null,"DisplayName":"GetCareGiverById_Should_Retrieve_CareGiver_Data","Messages":[],"ComputerName":"DESKTOP-VRVGM1L","Duration":"00:00:00.0170080","StartTime":"2022-11-04T20:41:03.0798061+00:00","EndTime":"2022-11-04T20:41:03.0968148+00:00","Properties":[{"Key":{"Id":"NUnit.Seed","Label":"Seed","Category":"","Description":"","Attributes":0,"ValueType":"System.String"},"Value":"2135168194"}]},{"TestCase":{"Id":"05a43725-edaa-dac8-917d-a1deddd78960","FullyQualifiedName":"Users.AppCrudRepositoriesTests.AppCrudRepositoryTest.GetCareGiverByPhoneNumber_Should_Retrieve_CareGiver_Data","DisplayName":"GetCareGiverByPhoneNumber_Should_Retrieve_CareGiver_Data","ExecutorUri":"executor://NUnit3TestExecutor","Source":"C:\\Users\\Lenovo\\OneDrive\\Desktop\\MyCloudFinalProject\\DrinkApp\\DrinkApp\\DrinkAppUserTest\\bin\\Debug\\net6.0\\fine-code-coverage\\build-output\\DrinkAppUserTest.dll","CodeFilePath":null,"LineNumber":0,"Properties":[{"Key":{"Id":"NUnit.Seed","Label":"Seed","Category":"","Description":"","Attributes":0,"ValueType":"System.String"},"Value":"92302281"}]},"Attachments":[],"Outcome":1,"ErrorMessage":null,"ErrorStackTrace":null,"DisplayName":"GetCareGiverByPhoneNumber_Should_Retrieve_CareGiver_Data","Messages":[],"ComputerName":"DESKTOP-VRVGM1L","Duration":"00:00:00.0167730","StartTime":"2022-11-04T20:41:03.0969186+00:00","EndTime":"2022-11-04T20:41:03.1136915+00:00","Properties":[{"Key":{"Id":"NUnit.Seed","Label":"Seed","Category":"","Description":"","Attributes":0,"ValueType":"System.String"},"Value":"92302281"}]},{"TestCase":{"Id":"ff7e2ebb-ee15-0f3a-3025-8264aa05efbc","FullyQualifiedName":"Users.AppCrudRepositoriesTests.AppCrudRepositoryTest.GetPatientByEmail_Should_Retrieve_Patient_Data","DisplayName":"GetPatientByEmail_Should_Retrieve_Patient_Data","ExecutorUri":"executor://NUnit3TestExecutor","Source":"C:\\Users\\Lenovo\\OneDrive\\Desktop\\MyCloudFinalProject\\DrinkApp\\DrinkApp\\DrinkAppUserTest\\bin\\Debug\\net6.0\\fine-code-coverage\\build-output\\DrinkAppUserTest.dll","CodeFilePath":null,"LineNumber":0,"Properties":[{"Key":{"Id":"NUnit.Seed","Label":"Seed","Category":"","Description":"","Attributes":0,"ValueType":"System.String"},"Value":"891819935"}]},"Attachments":[],"Outcome":1,"ErrorMessage":null,"ErrorStackTrace":null,"DisplayName":"GetPatientByEmail_Should_Retrieve_Patient_Data","Messages":[],"ComputerName":"DESKTOP-VRVGM1L","Duration":"00:00:00.0184229","StartTime":"2022-11-04T20:41:03.1137668+00:00","EndTime":"2022-11-04T20:41:03.1321897+00:00","Properties":[{"Key":{"Id":"NUnit.Seed","Label":"Seed","Category":"","Description":"","Attributes":0,"ValueType":"System.String"},"Value":"891819935"}]},{"TestCase":{"Id":"80b451f7-b59e-76a3-446e-a2345c931d0f","FullyQualifiedName":"Users.AppCrudRepositoriesTests.AppCrudRepositoryTest.GetPatientById_Should_Retrieve_Patient_Data","DisplayName":"GetPatientById_Should_Retrieve_Patient_Data","ExecutorUri":"executor://NUnit3TestExecutor","Source":"C:\\Users\\Lenovo\\OneDrive\\Desktop\\MyCloudFinalProject\\DrinkApp\\DrinkApp\\DrinkAppUserTest\\bin\\Debug\\net6.0\\fine-code-coverage\\build-output\\DrinkAppUserTest.dll","CodeFilePath":null,"LineNumber":0,"Properties":[{"Key":{"Id":"NUnit.Seed","Label":"Seed","Category":"","Description":"","Attributes":0,"ValueType":"System.String"},"Value":"1365873563"}]},"Attachments":[],"Outcome":1,"ErrorMessage":null,"ErrorStackTrace":null,"DisplayName":"GetPatientById_Should_Retrieve_Patient_Data","Messages":[],"ComputerName":"DESKTOP-VRVGM1L","Duration":"00:00:00.0113930","StartTime":"2022-11-04T20:41:03.132239+00:00","EndTime":"2022-11-04T20:41:03.1436319+00:00","Properties":[{"Key":{"Id":"NUnit.Seed","Label":"Seed","Category":"","Description":"","Attributes":0,"ValueType":"System.String"},"Value":"1365873563"}]},{"TestCase":{"Id":"86c63de9-c818-ee82-18c4-84b4feff9f13","FullyQualifiedName":"Users.AppCrudRepositoriesTests.AppCrudRepositoryTest.GetPatientByPnoneNumber_Should_Retrieve_Patient_Data","DisplayName":"GetPatientByPnoneNumber_Should_Retrieve_Patient_Data","ExecutorUri":"executor://NUnit3TestExecutor","Source":"C:\\Users\\Lenovo\\OneDrive\\Desktop\\MyCloudFinalProject\\DrinkApp\\DrinkApp\\DrinkAppUserTest\\bin\\Debug\\net6.0\\fine-code-coverage\\build-output\\DrinkAppUserTest.dll","CodeFilePath":null,"LineNumber":0,"Properties":[{"Key":{"Id":"NUnit.Seed","Label":"Seed","Category":"","Description":"","Attributes":0,"ValueType":"System.String"},"Value":"1585454036"}]},"Attachments":[],"Outcome":1,"ErrorMessage":null,"ErrorStackTrace":null,"DisplayName":"GetPatientByPnoneNumber_Should_Retrieve_Patient_Data","Messages":[],"ComputerName":"DESKTOP-VRVGM1L","Duration":"00:00:00.0096250","StartTime":"2022-11-04T20:41:03.1436754+00:00","EndTime":"2022-11-04T20:41:03.1533005+00:00","Properties":[{"Key":{"Id":"NUnit.Seed","Label":"Seed","Category":"","Description":"","Attributes":0,"ValueType":"System.String"},"Value":"1585454036"}]},{"TestCase":{"Id":"6caaf6ea-7082-1c31-99e2-cea3b37b1311","FullyQualifiedName":"Users.ValidationTests.ForgetPasswordDTOValidatorTest.Send_EMail_DTO_Validator_Shoud_Accept_valid_GeneratedCode(\"+31645826735\",\"xsds43557\",\"!Mahedi017\")","DisplayName":"Send_EMail_DTO_Validator_Shoud_Accept_valid_GeneratedCode(\"+31645826735\",\"xsds43557\",\"!Mahedi017\")","ExecutorUri":"executor://NUnit3TestExecutor","Source":"C:\\Users\\Lenovo\\OneDrive\\Desktop\\MyCloudFinalProject\\DrinkApp\\DrinkApp\\DrinkAppUserTest\\bin\\Debug\\net6.0\\fine-code-coverage\\build-output\\DrinkAppUserTest.dll","CodeFilePath":null,"LineNumber":0,"Properties":[{"Key":{"Id":"NUnit.Seed","Label":"Seed","Category":"","Description":"","Attributes":0,"ValueType":"System.String"},"Value":"1239423465"}]},"Attachments":[],"Outcome":1,"ErrorMessage":null,"ErrorStackTrace":null,"DisplayName":"Send_EMail_DTO_Validator_Shoud_Accept_valid_GeneratedCode(\"+31645826735\",\"xsds43557\",\"!Mahedi017\")","Messages":[],"ComputerName":"DESKTOP-VRVGM1L","Duration":"00:00:00.0991530","StartTime":"2022-11-04T20:41:03.1615134+00:00","EndTime":"2022-11-04T20:41:03.2606668+00:00","Properties":[{"Key":{"Id":"NUnit.Seed","Label":"Seed","Category":"","Description":"","Attributes":0,"ValueType":"System.String"},"Value":"1239423465"}]}],"TestRunStatistics":{"ExecutedTests":10,"Stats":{"Failed":1,"Passed":9}},"ActiveTests":[{"Id":"471c5bc5-a2b4-747c-53a4-266b4028cb73","FullyQualifiedName":"Users.ValidationTests.ForgetPasswordDTOValidatorTest.Should_Have_Validation_Errors_For_Invalid_GeneratedCode(null)","DisplayName":"Should_Have_Validation_Errors_For_Invalid_GeneratedCode(null)","ExecutorUri":"executor://NUnit3TestExecutor","Source":"C:\\Users\\Lenovo\\OneDrive\\Desktop\\MyCloudFinalProject\\DrinkApp\\DrinkApp\\DrinkAppUserTest\\bin\\Debug\\net6.0\\fine-code-coverage\\build-output\\DrinkAppUserTest.dll","CodeFilePath":null,"LineNumber":0,"Properties":[{"Key":{"Id":"NUnit.Seed","Label":"Seed","Category":"","Description":"","Attributes":0,"ValueType":"System.String"},"Value":"1182639819"}]}]}}
TpTrace Verbose: 0 : 17212, 12, 2022/11/04, 21:41:03.273, 3803893584952, vstest.console.dll, TestRunRequest:SendTestRunStatsChange: Starting.
TpTrace Verbose: 0 : 17212, 12, 2022/11/04, 21:41:03.273, 3803893586524, vstest.console.dll, InProgress is Should_Have_Validation_Errors_For_Invalid_GeneratedCode(null)
TpTrace Verbose: 0 : 17212, 12, 2022/11/04, 21:41:03.273, 3803893587882, vstest.console.dll, MulticastDelegateUtilities.SafeInvoke: TestRun.RunStatsChanged: Invoking callbacks was skipped because there are no subscribers.
TpTrace Information: 0 : 17212, 12, 2022/11/04, 21:41:03.273, 3803893588523, vstest.console.dll, TestRunRequest:SendTestRunStatsChange: Completed.
TpTrace Verbose: 0 : 17212, 4, 2022/11/04, 21:41:03.273, 3803893589000, vstest.console.dll, MulticastDelegateUtilities.SafeInvoke: InternalTestLoggerEvents.SendTestResult: Invoking callback 1/1 for Microsoft.VisualStudio.TestPlatform.CommandLine.Internal.ConsoleLogger.TestResultHandler, took 0 ms.
TpTrace Verbose: 0 : 17212, 12, 2022/11/04, 21:41:03.273, 3803893589298, vstest.console.dll, MulticastDelegateUtilities.SafeInvoke: LengthPrefixCommunicationChannel: MessageReceived: Invoking callback 1/1 for Microsoft.VisualStudio.TestPlatform.CommunicationUtilities.TestRequestSender+<>c__DisplayClass31_0.<StartTestRun>b__1, took 3 ms.
TpTrace Verbose: 0 : 17212, 4, 2022/11/04, 21:41:03.273, 3803893590786, vstest.console.dll, MulticastDelegateUtilities.SafeInvoke: InternalTestLoggerEvents.SendTestResult: Invoking callback 1/1 for Microsoft.VisualStudio.TestPlatform.CommandLine.Internal.ConsoleLogger.TestResultHandler, took 0 ms.
TpTrace Verbose: 0 : 17212, 12, 2022/11/04, 21:41:03.273, 3803893591113, vstest.console.dll, TcpClientExtensions.MessageLoopAsync: Polling on remoteEndPoint: 127.0.0.1:53227 localEndPoint: 127.0.0.1:53226
TpTrace Verbose: 0 : 17212, 4, 2022/11/04, 21:41:03.273, 3803893592195, vstest.console.dll, MulticastDelegateUtilities.SafeInvoke: InternalTestLoggerEvents.SendTestResult: Invoking callback 1/1 for Microsoft.VisualStudio.TestPlatform.CommandLine.Internal.ConsoleLogger.TestResultHandler, took 0 ms.
TpTrace Verbose: 0 : 17212, 4, 2022/11/04, 21:41:03.273, 3803893593450, vstest.console.dll, MulticastDelegateUtilities.SafeInvoke: InternalTestLoggerEvents.SendTestResult: Invoking callback 1/1 for Microsoft.VisualStudio.TestPlatform.CommandLine.Internal.ConsoleLogger.TestResultHandler, took 0 ms.
TpTrace Verbose: 0 : 17212, 4, 2022/11/04, 21:41:03.274, 3803893594350, vstest.console.dll, MulticastDelegateUtilities.SafeInvoke: InternalTestLoggerEvents.SendTestResult: Invoking callback 1/1 for Microsoft.VisualStudio.TestPlatform.CommandLine.Internal.ConsoleLogger.TestResultHandler, took 0 ms.
TpTrace Verbose: 0 : 17212, 4, 2022/11/04, 21:41:03.274, 3803893595269, vstest.console.dll, MulticastDelegateUtilities.SafeInvoke: InternalTestLoggerEvents.SendTestResult: Invoking callback 1/1 for Microsoft.VisualStudio.TestPlatform.CommandLine.Internal.ConsoleLogger.TestResultHandler, took 0 ms.
TpTrace Verbose: 0 : 17212, 4, 2022/11/04, 21:41:03.274, 3803893596275, vstest.console.dll, MulticastDelegateUtilities.SafeInvoke: InternalTestLoggerEvents.SendTestResult: Invoking callback 1/1 for Microsoft.VisualStudio.TestPlatform.CommandLine.Internal.ConsoleLogger.TestResultHandler, took 0 ms.
TpTrace Verbose: 0 : 17212, 4, 2022/11/04, 21:41:03.274, 3803893597297, vstest.console.dll, MulticastDelegateUtilities.SafeInvoke: InternalTestLoggerEvents.SendTestResult: Invoking callback 1/1 for Microsoft.VisualStudio.TestPlatform.CommandLine.Internal.ConsoleLogger.TestResultHandler, took 0 ms.
TpTrace Verbose: 0 : 17212, 4, 2022/11/04, 21:41:03.274, 3803893598232, vstest.console.dll, MulticastDelegateUtilities.SafeInvoke: InternalTestLoggerEvents.SendTestResult: Invoking callback 1/1 for Microsoft.VisualStudio.TestPlatform.CommandLine.Internal.ConsoleLogger.TestResultHandler, took 0 ms.
TpTrace Verbose: 0 : 17212, 12, 2022/11/04, 21:41:03.463, 3803895488626, vstest.console.dll, TcpClientExtensions.MessageLoopAsync: NotifyDataAvailable remoteEndPoint: 127.0.0.1:53227 localEndPoint: 127.0.0.1:53226
TpTrace Verbose: 0 : 17212, 12, 2022/11/04, 21:41:03.463, 3803895493450, vstest.console.dll, TestRequestSender.OnExecutionMessageReceived: Received message: {"Version":7,"MessageType":"TestExecution.StatsChange","Payload":{"NewTestResults":[{"TestCase":{"Id":"471c5bc5-a2b4-747c-53a4-266b4028cb73","FullyQualifiedName":"Users.ValidationTests.ForgetPasswordDTOValidatorTest.Should_Have_Validation_Errors_For_Invalid_GeneratedCode(null)","DisplayName":"Should_Have_Validation_Errors_For_Invalid_GeneratedCode(null)","ExecutorUri":"executor://NUnit3TestExecutor","Source":"C:\\Users\\Lenovo\\OneDrive\\Desktop\\MyCloudFinalProject\\DrinkApp\\DrinkApp\\DrinkAppUserTest\\bin\\Debug\\net6.0\\fine-code-coverage\\build-output\\DrinkAppUserTest.dll","CodeFilePath":null,"LineNumber":0,"Properties":[{"Key":{"Id":"NUnit.Seed","Label":"Seed","Category":"","Description":"","Attributes":0,"ValueType":"System.String"},"Value":"1182639819"}]},"Attachments":[],"Outcome":1,"ErrorMessage":null,"ErrorStackTrace":null,"DisplayName":"Should_Have_Validation_Errors_For_Invalid_GeneratedCode(null)","Messages":[],"ComputerName":"DESKTOP-VRVGM1L","Duration":"00:00:00.0802900","StartTime":"2022-11-04T20:41:03.2745339+00:00","EndTime":"2022-11-04T20:41:03.3548243+00:00","Properties":[{"Key":{"Id":"NUnit.Seed","Label":"Seed","Category":"","Description":"","Attributes":0,"ValueType":"System.String"},"Value":"1182639819"}]},{"TestCase":{"Id":"636fe5e8-7b5e-282c-afa6-2617c93476c5","FullyQualifiedName":"Users.ValidationTests.ForgetPasswordDTOValidatorTest.Should_Have_Validation_Errors_For_Invalid_NewPassword(\"\")","DisplayName":"Should_Have_Validation_Errors_For_Invalid_NewPassword(\"\")","ExecutorUri":"executor://NUnit3TestExecutor","Source":"C:\\Users\\Lenovo\\OneDrive\\Desktop\\MyCloudFinalProject\\DrinkApp\\DrinkApp\\DrinkAppUserTest\\bin\\Debug\\net6.0\\fine-code-coverage\\build-output\\DrinkAppUserTest.dll","CodeFilePath":null,"LineNumber":0,"Properties":[{"Key":{"Id":"NUnit.Seed","Label":"Seed","Category":"","Description":"","Attributes":0,"ValueType":"System.String"},"Value":"506254665"}]},"Attachments":[],"Outcome":1,"ErrorMessage":null,"ErrorStackTrace":null,"DisplayName":"Should_Have_Validation_Errors_For_Invalid_NewPassword(\"\")","Messages":[],"ComputerName":"DESKTOP-VRVGM1L","Duration":"00:00:00.0024870","StartTime":"2022-11-04T20:41:03.3570732+00:00","EndTime":"2022-11-04T20:41:03.3595598+00:00","Properties":[{"Key":{"Id":"NUnit.Seed","Label":"Seed","Category":"","Description":"","Attributes":0,"ValueType":"System.String"},"Value":"506254665"}]},{"TestCase":{"Id":"65057f56-b148-953e-c213-f897e504e1c4","FullyQualifiedName":"Users.ValidationTests.ForgetPasswordDTOValidatorTest.Should_Have_Validation_Errors_For_Invalid_NewPassword(\" \")","DisplayName":"Should_Have_Validation_Errors_For_Invalid_NewPassword(\" \")","ExecutorUri":"executor://NUnit3TestExecutor","Source":"C:\\Users\\Lenovo\\OneDrive\\Desktop\\MyCloudFinalProject\\DrinkApp\\DrinkApp\\DrinkAppUserTest\\bin\\Debug\\net6.0\\fine-code-coverage\\build-output\\DrinkAppUserTest.dll","CodeFilePath":null,"LineNumber":0,"Properties":[{"Key":{"Id":"NUnit.Seed","Label":"Seed","Category":"","Description":"","Attributes":0,"ValueType":"System.String"},"Value":"597613911"}]},"Attachments":[],"Outcome":1,"ErrorMessage":null,"ErrorStackTrace":null,"DisplayName":"Should_Have_Validation_Errors_For_Invalid_NewPassword(\" \")","Messages":[],"ComputerName":"DESKTOP-VRVGM1L","Duration":"00:00:00.0025130","StartTime":"2022-11-04T20:41:03.360303+00:00","EndTime":"2022-11-04T20:41:03.362816+00:00","Properties":[{"Key":{"Id":"NUnit.Seed","Label":"Seed","Category":"","Description":"","Attributes":0,"ValueType":"System.String"},"Value":"597613911"}]},{"TestCase":{"Id":"c67817ca-b8cc-6754-dd16-5c5bb193b1b7","FullyQualifiedName":"Users.ValidationTests.ForgetPasswordDTOValidatorTest.Should_Have_Validation_Errors_For_Invalid_NewPassword(\"hjdshw1\")","DisplayName":"Should_Have_Validation_Errors_For_Invalid_NewPassword(\"hjdshw1\")","ExecutorUri":"executor://NUnit3TestExecutor","Source":"C:\\Users\\Lenovo\\OneDrive\\Desktop\\MyCloudFinalProject\\DrinkApp\\DrinkApp\\DrinkAppUserTest\\bin\\Debug\\net6.0\\fine-code-coverage\\build-output\\DrinkAppUserTest.dll","CodeFilePath":null,"LineNumber":0,"Properties":[{"Key":{"Id":"NUnit.Seed","Label":"Seed","Category":"","Description":"","Attributes":0,"ValueType":"System.String"},"Value":"1880000104"}]},"Attachments":[],"Outcome":1,"ErrorMessage":null,"ErrorStackTrace":null,"DisplayName":"Should_Have_Validation_Errors_For_Invalid_NewPassword(\"hjdshw1\")","Messages":[],"ComputerName":"DESKTOP-VRVGM1L","Duration":"00:00:00.0031500","StartTime":"2022-11-04T20:41:03.3717396+00:00","EndTime":"2022-11-04T20:41:03.3748895+00:00","Properties":[{"Key":{"Id":"NUnit.Seed","Label":"Seed","Category":"","Description":"","Attributes":0,"ValueType":"System.String"},"Value":"1880000104"}]},{"TestCase":{"Id":"7f500196-9a33-1892-fd44-baee4872377d","FullyQualifiedName":"Users.ValidationTests.ForgetPasswordDTOValidatorTest.Should_Have_Validation_Errors_For_Invalid_NewPassword(\"dshfdsywy37432764263277dsdshdhy\")","DisplayName":"Should_Have_Validation_Errors_For_Invalid_NewPassword(\"dshfdsywy37432764263277dsdshdhy\")","ExecutorUri":"executor://NUnit3TestExecutor","Source":"C:\\Users\\Lenovo\\OneDrive\\Desktop\\MyCloudFinalProject\\DrinkApp\\DrinkApp\\DrinkAppUserTest\\bin\\Debug\\net6.0\\fine-code-coverage\\build-output\\DrinkAppUserTest.dll","CodeFilePath":null,"LineNumber":0,"Properties":[{"Key":{"Id":"NUnit.Seed","Label":"Seed","Category":"","Description":"","Attributes":0,"ValueType":"System.String"},"Value":"1789205660"}]},"Attachments":[],"Outcome":1,"ErrorMessage":null,"ErrorStackTrace":null,"DisplayName":"Should_Have_Validation_Errors_For_Invalid_NewPassword(\"dshfdsywy37432764263277dsdshdhy\")","Messages":[],"ComputerName":"DESKTOP-VRVGM1L","Duration":"00:00:00.0013530","StartTime":"2022-11-04T20:41:03.3843702+00:00","EndTime":"2022-11-04T20:41:03.385724+00:00","Properties":[{"Key":{"Id":"NUnit.Seed","Label":"Seed","Category":"","Description":"","Attributes":0,"ValueType":"System.String"},"Value":"1789205660"}]},{"TestCase":{"Id":"ae426a37-d698-7422-1707-84cd3fb6eab1","FullyQualifiedName":"Users.ValidationTests.ForgetPasswordDTOValidatorTest.Should_Have_Validation_Errors_For_Invalid_PhoneNumber(null)","DisplayName":"Should_Have_Validation_Errors_For_Invalid_PhoneNumber(null)","ExecutorUri":"executor://NUnit3TestExecutor","Source":"C:\\Users\\Lenovo\\OneDrive\\Desktop\\MyCloudFinalProject\\DrinkApp\\DrinkApp\\DrinkAppUserTest\\bin\\Debug\\net6.0\\fine-code-coverage\\build-output\\DrinkAppUserTest.dll","CodeFilePath":null,"LineNumber":0,"Properties":[{"Key":{"Id":"NUnit.Seed","Label":"Seed","Category":"","Description":"","Attributes":0,"ValueType":"System.String"},"Value":"2029048138"}]},"Attachments":[],"Outcome":1,"ErrorMessage":null,"ErrorStackTrace":null,"DisplayName":"Should_Have_Validation_Errors_For_Invalid_PhoneNumber(null)","Messages":[],"ComputerName":"DESKTOP-VRVGM1L","Duration":"00:00:00.0022600","StartTime":"2022-11-04T20:41:03.3877176+00:00","EndTime":"2022-11-04T20:41:03.3899776+00:00","Properties":[{"Key":{"Id":"NUnit.Seed","Label":"Seed","Category":"","Description":"","Attributes":0,"ValueType":"System.String"},"Value":"2029048138"}]},{"TestCase":{"Id":"1ac92883-3a56-7b4c-baa0-e25530170d73","FullyQualifiedName":"Users.ValidationTests.ForgetPasswordDTOValidatorTest.Should_Have_Validation_Errors_For_Invalid_PhoneNumber(\"\")","DisplayName":"Should_Have_Validation_Errors_For_Invalid_PhoneNumber(\"\")","ExecutorUri":"executor://NUnit3TestExecutor","Source":"C:\\Users\\Lenovo\\OneDrive\\Desktop\\MyCloudFinalProject\\DrinkApp\\DrinkApp\\DrinkAppUserTest\\bin\\Debug\\net6.0\\fine-code-coverage\\build-output\\DrinkAppUserTest.dll","CodeFilePath":null,"LineNumber":0,"Properties":[{"Key":{"Id":"NUnit.Seed","Label":"Seed","Category":"","Description":"","Attributes":0,"ValueType":"System.String"},"Value":"195914648"}]},"Attachments":[],"Outcome":1,"ErrorMessage":null,"ErrorStackTrace":null,"DisplayName":"Should_Have_Validation_Errors_For_Invalid_PhoneNumber(\"\")","Messages":[],"ComputerName":"DESKTOP-VRVGM1L","Duration":"00:00:00.0011370","StartTime":"2022-11-04T20:41:03.3901442+00:00","EndTime":"2022-11-04T20:41:03.3912809+00:00","Properties":[{"Key":{"Id":"NUnit.Seed","Label":"Seed","Category":"","Description":"","Attributes":0,"ValueType":"System.String"},"Value":"195914648"}]},{"TestCase":{"Id":"8ab49e81-0f7f-439f-165f-78a45ef5fd64","FullyQualifiedName":"Users.ValidationTests.ForgetPasswordDTOValidatorTest.Should_Have_Validation_Errors_For_Invalid_PhoneNumber(\" \")","DisplayName":"Should_Have_Validation_Errors_For_Invalid_PhoneNumber(\" \")","ExecutorUri":"executor://NUnit3TestExecutor","Source":"C:\\Users\\Lenovo\\OneDrive\\Desktop\\MyCloudFinalProject\\DrinkApp\\DrinkApp\\DrinkAppUserTest\\bin\\Debug\\net6.0\\fine-code-coverage\\build-output\\DrinkAppUserTest.dll","CodeFilePath":null,"LineNumber":0,"Properties":[{"Key":{"Id":"NUnit.Seed","Label":"Seed","Category":"","Description":"","Attributes":0,"ValueType":"System.String"},"Value":"1916988266"}]},"Attachments":[],"Outcome":1,"ErrorMessage":null,"ErrorStackTrace":null,"DisplayName":"Should_Have_Validation_Errors_For_Invalid_PhoneNumber(\" \")","Messages":[],"ComputerName":"DESKTOP-VRVGM1L","Duration":"00:00:00.0015280","StartTime":"2022-11-04T20:41:03.3914793+00:00","EndTime":"2022-11-04T20:41:03.3930068+00:00","Properties":[{"Key":{"Id":"NUnit.Seed","Label":"Seed","Category":"","Description":"","Attributes":0,"ValueType":"System.String"},"Value":"1916988266"}]},{"TestCase":{"Id":"08322b81-e774-7baf-832f-2ec1d4d26e65","FullyQualifiedName":"Users.ValidationTests.RegisterCareGiverDTOValidatorTest.Register_CareGiver_DTO_Validator_Shoud_Accept_valid_Properties(\"mahedimridul57@gmail.com\",\"mah\",\"di\",\"+31645826735\",\"Tanzel0179!\",\"False\")","DisplayName":"Register_CareGiver_DTO_Validator_Shoud_Accept_valid_Properties(\"mahedimridul57@gmail.com\",\"mah\",\"di\",\"+31645826735\",\"Tanzel0179!\",\"False\")","ExecutorUri":"executor://NUnit3TestExecutor","Source":"C:\\Users\\Lenovo\\OneDrive\\Desktop\\MyCloudFinalProject\\DrinkApp\\DrinkApp\\DrinkAppUserTest\\bin\\Debug\\net6.0\\fine-code-coverage\\build-output\\DrinkAppUserTest.dll","CodeFilePath":null,"LineNumber":0,"Properties":[{"Key":{"Id":"NUnit.Seed","Label":"Seed","Category":"","Description":"","Attributes":0,"ValueType":"System.String"},"Value":"82684367"}]},"Attachments":[],"Outcome":1,"ErrorMessage":null,"ErrorStackTrace":null,"DisplayName":"Register_CareGiver_DTO_Validator_Shoud_Accept_valid_Properties(\"mahedimridul57@gmail.com\",\"mah\",\"di\",\"+31645826735\",\"Tanzel0179!\",\"False\")","Messages":[],"ComputerName":"DESKTOP-VRVGM1L","Duration":"00:00:00.0527320","StartTime":"2022-11-04T20:41:03.3940925+00:00","EndTime":"2022-11-04T20:41:03.4468241+00:00","Properties":[{"Key":{"Id":"NUnit.Seed","Label":"Seed","Category":"","Description":"","Attributes":0,"ValueType":"System.String"},"Value":"82684367"}]}],"TestRunStatistics":{"ExecutedTests":19,"Stats":{"Failed":1,"Passed":18}},"ActiveTests":[{"Id":"243b81ce-12c2-bbca-88f4-674478892786","FullyQualifiedName":"Users.ValidationTests.RegisterCareGiverDTOValidatorTest.Should_Have_Validation_Errors_For_Invalid_Email(\"mah\")","DisplayName":"Should_Have_Validation_Errors_For_Invalid_Email(\"mah\")","ExecutorUri":"executor://NUnit3TestExecutor","Source":"C:\\Users\\Lenovo\\OneDrive\\Desktop\\MyCloudFinalProject\\DrinkApp\\DrinkApp\\DrinkAppUserTest\\bin\\Debug\\net6.0\\fine-code-coverage\\build-output\\DrinkAppUserTest.dll","CodeFilePath":null,"LineNumber":0,"Properties":[{"Key":{"Id":"NUnit.Seed","Label":"Seed","Category":"","Description":"","Attributes":0,"ValueType":"System.String"},"Value":"2089453109"}]}]}}
TpTrace Verbose: 0 : 17212, 12, 2022/11/04, 21:41:03.466, 3803895517570, vstest.console.dll, TestRunRequest:SendTestRunStatsChange: Starting.
TpTrace Verbose: 0 : 17212, 12, 2022/11/04, 21:41:03.466, 3803895518707, vstest.console.dll, InProgress is Should_Have_Validation_Errors_For_Invalid_Email("mah")
TpTrace Verbose: 0 : 17212, 12, 2022/11/04, 21:41:03.466, 3803895519782, vstest.console.dll, MulticastDelegateUtilities.SafeInvoke: TestRun.RunStatsChanged: Invoking callbacks was skipped because there are no subscribers.
TpTrace Information: 0 : 17212, 12, 2022/11/04, 21:41:03.466, 3803895520393, vstest.console.dll, TestRunRequest:SendTestRunStatsChange: Completed.
TpTrace Verbose: 0 : 17212, 4, 2022/11/04, 21:41:03.466, 3803895520505, vstest.console.dll, MulticastDelegateUtilities.SafeInvoke: InternalTestLoggerEvents.SendTestResult: Invoking callback 1/1 for Microsoft.VisualStudio.TestPlatform.CommandLine.Internal.ConsoleLogger.TestResultHandler, took 0 ms.
TpTrace Verbose: 0 : 17212, 12, 2022/11/04, 21:41:03.466, 3803895521060, vstest.console.dll, MulticastDelegateUtilities.SafeInvoke: LengthPrefixCommunicationChannel: MessageReceived: Invoking callback 1/1 for Microsoft.VisualStudio.TestPlatform.CommunicationUtilities.TestRequestSender+<>c__DisplayClass31_0.<StartTestRun>b__1, took 2 ms.
TpTrace Verbose: 0 : 17212, 12, 2022/11/04, 21:41:03.466, 3803895522600, vstest.console.dll, TcpClientExtensions.MessageLoopAsync: Polling on remoteEndPoint: 127.0.0.1:53227 localEndPoint: 127.0.0.1:53226
TpTrace Verbose: 0 : 17212, 4, 2022/11/04, 21:41:03.466, 3803895522950, vstest.console.dll, MulticastDelegateUtilities.SafeInvoke: InternalTestLoggerEvents.SendTestResult: Invoking callback 1/1 for Microsoft.VisualStudio.TestPlatform.CommandLine.Internal.ConsoleLogger.TestResultHandler, took 0 ms.
TpTrace Verbose: 0 : 17212, 4, 2022/11/04, 21:41:03.467, 3803895524538, vstest.console.dll, MulticastDelegateUtilities.SafeInvoke: InternalTestLoggerEvents.SendTestResult: Invoking callback 1/1 for Microsoft.VisualStudio.TestPlatform.CommandLine.Internal.ConsoleLogger.TestResultHandler, took 0 ms.
TpTrace Verbose: 0 : 17212, 4, 2022/11/04, 21:41:03.467, 3803895525754, vstest.console.dll, MulticastDelegateUtilities.SafeInvoke: InternalTestLoggerEvents.SendTestResult: Invoking callback 1/1 for Microsoft.VisualStudio.TestPlatform.CommandLine.Internal.ConsoleLogger.TestResultHandler, took 0 ms.
TpTrace Verbose: 0 : 17212, 4, 2022/11/04, 21:41:03.467, 3803895526694, vstest.console.dll, MulticastDelegateUtilities.SafeInvoke: InternalTestLoggerEvents.SendTestResult: Invoking callback 1/1 for Microsoft.VisualStudio.TestPlatform.CommandLine.Internal.ConsoleLogger.TestResultHandler, took 0 ms.
TpTrace Verbose: 0 : 17212, 4, 2022/11/04, 21:41:03.467, 3803895527785, vstest.console.dll, MulticastDelegateUtilities.SafeInvoke: InternalTestLoggerEvents.SendTestResult: Invoking callback 1/1 for Microsoft.VisualStudio.TestPlatform.CommandLine.Internal.ConsoleLogger.TestResultHandler, took 0 ms.
TpTrace Verbose: 0 : 17212, 4, 2022/11/04, 21:41:03.467, 3803895528907, vstest.console.dll, MulticastDelegateUtilities.SafeInvoke: InternalTestLoggerEvents.SendTestResult: Invoking callback 1/1 for Microsoft.VisualStudio.TestPlatform.CommandLine.Internal.ConsoleLogger.TestResultHandler, took 0 ms.
TpTrace Verbose: 0 : 17212, 4, 2022/11/04, 21:41:03.467, 3803895529993, vstest.console.dll, MulticastDelegateUtilities.SafeInvoke: InternalTestLoggerEvents.SendTestResult: Invoking callback 1/1 for Microsoft.VisualStudio.TestPlatform.CommandLine.Internal.ConsoleLogger.TestResultHandler, took 0 ms.
TpTrace Verbose: 0 : 17212, 4, 2022/11/04, 21:41:03.467, 3803895530941, vstest.console.dll, MulticastDelegateUtilities.SafeInvoke: InternalTestLoggerEvents.SendTestResult: Invoking callback 1/1 for Microsoft.VisualStudio.TestPlatform.CommandLine.Internal.ConsoleLogger.TestResultHandler, took 0 ms.
TpTrace Verbose: 0 : 17212, 12, 2022/11/04, 21:41:03.516, 3803896020946, vstest.console.dll, TcpClientExtensions.MessageLoopAsync: NotifyDataAvailable remoteEndPoint: 127.0.0.1:53227 localEndPoint: 127.0.0.1:53226
TpTrace Verbose: 0 : 17212, 12, 2022/11/04, 21:41:03.517, 3803896024175, vstest.console.dll, TestRequestSender.OnExecutionMessageReceived: Received message: {"Version":7,"MessageType":"TestExecution.StatsChange","Payload":{"NewTestResults":[{"TestCase":{"Id":"243b81ce-12c2-bbca-88f4-674478892786","FullyQualifiedName":"Users.ValidationTests.RegisterCareGiverDTOValidatorTest.Should_Have_Validation_Errors_For_Invalid_Email(\"mah\")","DisplayName":"Should_Have_Validation_Errors_For_Invalid_Email(\"mah\")","ExecutorUri":"executor://NUnit3TestExecutor","Source":"C:\\Users\\Lenovo\\OneDrive\\Desktop\\MyCloudFinalProject\\DrinkApp\\DrinkApp\\DrinkAppUserTest\\bin\\Debug\\net6.0\\fine-code-coverage\\build-output\\DrinkAppUserTest.dll","CodeFilePath":null,"LineNumber":0,"Properties":[{"Key":{"Id":"NUnit.Seed","Label":"Seed","Category":"","Description":"","Attributes":0,"ValueType":"System.String"},"Value":"2089453109"}]},"Attachments":[],"Outcome":1,"ErrorMessage":null,"ErrorStackTrace":null,"DisplayName":"Should_Have_Validation_Errors_For_Invalid_Email(\"mah\")","Messages":[],"ComputerName":"DESKTOP-VRVGM1L","Duration":"00:00:00.0195790","StartTime":"2022-11-04T20:41:03.4469597+00:00","EndTime":"2022-11-04T20:41:03.4665384+00:00","Properties":[{"Key":{"Id":"NUnit.Seed","Label":"Seed","Category":"","Description":"","Attributes":0,"ValueType":"System.String"},"Value":"2089453109"}]},{"TestCase":{"Id":"b3e8dfc2-75ef-a0af-7e5c-bc7771177b65","FullyQualifiedName":"Users.ValidationTests.RegisterCareGiverDTOValidatorTest.Should_Have_Validation_Errors_For_Invalid_Email(\"\")","DisplayName":"Should_Have_Validation_Errors_For_Invalid_Email(\"\")","ExecutorUri":"executor://NUnit3TestExecutor","Source":"C:\\Users\\Lenovo\\OneDrive\\Desktop\\MyCloudFinalProject\\DrinkApp\\DrinkApp\\DrinkAppUserTest\\bin\\Debug\\net6.0\\fine-code-coverage\\build-output\\DrinkAppUserTest.dll","CodeFilePath":null,"LineNumber":0,"Properties":[{"Key":{"Id":"NUnit.Seed","Label":"Seed","Category":"","Description":"","Attributes":0,"ValueType":"System.String"},"Value":"1965794760"}]},"Attachments":[],"Outcome":1,"ErrorMessage":null,"ErrorStackTrace":null,"DisplayName":"Should_Have_Validation_Errors_For_Invalid_Email(\"\")","Messages":[],"ComputerName":"DESKTOP-VRVGM1L","Duration":"00:00:00.0041230","StartTime":"2022-11-04T20:41:03.4674925+00:00","EndTime":"2022-11-04T20:41:03.4716152+00:00","Properties":[{"Key":{"Id":"NUnit.Seed","Label":"Seed","Category":"","Description":"","Attributes":0,"ValueType":"System.String"},"Value":"1965794760"}]},{"TestCase":{"Id":"667218fd-3011-3652-326a-9603a1939653","FullyQualifiedName":"Users.ValidationTests.RegisterCareGiverDTOValidatorTest.Should_Have_Validation_Errors_For_Invalid_Email(\" \")","DisplayName":"Should_Have_Validation_Errors_For_Invalid_Email(\" \")","ExecutorUri":"executor://NUnit3TestExecutor","Source":"C:\\Users\\Lenovo\\OneDrive\\Desktop\\MyCloudFinalProject\\DrinkApp\\DrinkApp\\DrinkAppUserTest\\bin\\Debug\\net6.0\\fine-code-coverage\\build-output\\DrinkAppUserTest.dll","CodeFilePath":null,"LineNumber":0,"Properties":[{"Key":{"Id":"NUnit.Seed","Label":"Seed","Category":"","Description":"","Attributes":0,"ValueType":"System.String"},"Value":"1289242239"}]},"Attachments":[],"Outcome":1,"ErrorMessage":null,"ErrorStackTrace":null,"DisplayName":"Should_Have_Validation_Errors_For_Invalid_Email(\" \")","Messages":[],"ComputerName":"DESKTOP-VRVGM1L","Duration":"00:00:00.0063890","StartTime":"2022-11-04T20:41:03.4730364+00:00","EndTime":"2022-11-04T20:41:03.479426+00:00","Properties":[{"Key":{"Id":"NUnit.Seed","Label":"Seed","Category":"","Description":"","Attributes":0,"ValueType":"System.String"},"Value":"1289242239"}]},{"TestCase":{"Id":"09c51b30-6092-0917-7709-54c987b8a16d","FullyQualifiedName":"Users.ValidationTests.RegisterCareGiverDTOValidatorTest.Should_Have_Validation_Errors_For_Invalid_Firstname(\"\")","DisplayName":"Should_Have_Validation_Errors_For_Invalid_Firstname(\"\")","ExecutorUri":"executor://NUnit3TestExecutor","Source":"C:\\Users\\Lenovo\\OneDrive\\Desktop\\MyCloudFinalProject\\DrinkApp\\DrinkApp\\DrinkAppUserTest\\bin\\Debug\\net6.0\\fine-code-coverage\\build-output\\DrinkAppUserTest.dll","CodeFilePath":null,"LineNumber":0,"Properties":[{"Key":{"Id":"NUnit.Seed","Label":"Seed","Category":"","Description":"","Attributes":0,"ValueType":"System.String"},"Value":"1907199076"}]},"Attachments":[],"Outcome":1,"ErrorMessage":null,"ErrorStackTrace":null,"DisplayName":"Should_Have_Validation_Errors_For_Invalid_Firstname(\"\")","Messages":[],"ComputerName":"DESKTOP-VRVGM1L","Duration":"00:00:00.0070900","StartTime":"2022-11-04T20:41:03.4803629+00:00","EndTime":"2022-11-04T20:41:03.4874523+00:00","Properties":[{"Key":{"Id":"NUnit.Seed","Label":"Seed","Category":"","Description":"","Attributes":0,"ValueType":"System.String"},"Value":"1907199076"}]},{"TestCase":{"Id":"2a3b8003-c0c2-4b22-528b-d62d3e6b7d11","FullyQualifiedName":"Users.ValidationTests.RegisterCareGiverDTOValidatorTest.Should_Have_Validation_Errors_For_Invalid_Firstname(\" \")","DisplayName":"Should_Have_Validation_Errors_For_Invalid_Firstname(\" \")","ExecutorUri":"executor://NUnit3TestExecutor","Source":"C:\\Users\\Lenovo\\OneDrive\\Desktop\\MyCloudFinalProject\\DrinkApp\\DrinkApp\\DrinkAppUserTest\\bin\\Debug\\net6.0\\fine-code-coverage\\build-output\\DrinkAppUserTest.dll","CodeFilePath":null,"LineNumber":0,"Properties":[{"Key":{"Id":"NUnit.Seed","Label":"Seed","Category":"","Description":"","Attributes":0,"ValueType":"System.String"},"Value":"323243309"}]},"Attachments":[],"Outcome":1,"ErrorMessage":null,"ErrorStackTrace":null,"DisplayName":"Should_Have_Validation_Errors_For_Invalid_Firstname(\" \")","Messages":[],"ComputerName":"DESKTOP-VRVGM1L","Duration":"00:00:00.0024790","StartTime":"2022-11-04T20:41:03.4874966+00:00","EndTime":"2022-11-04T20:41:03.4899754+00:00","Properties":[{"Key":{"Id":"NUnit.Seed","Label":"Seed","Category":"","Description":"","Attributes":0,"ValueType":"System.String"},"Value":"323243309"}]},{"TestCase":{"Id":"4e053fb0-e5a6-cd9d-a9ce-a4c0a89d3111","FullyQualifiedName":"Users.ValidationTests.RegisterCareGiverDTOValidatorTest.Should_Have_Validation_Errors_For_Invalid_Lastname(\"\")","DisplayName":"Should_Have_Validation_Errors_For_Invalid_Lastname(\"\")","ExecutorUri":"executor://NUnit3TestExecutor","Source":"C:\\Users\\Lenovo\\OneDrive\\Desktop\\MyCloudFinalProject\\DrinkApp\\DrinkApp\\DrinkAppUserTest\\bin\\Debug\\net6.0\\fine-code-coverage\\build-output\\DrinkAppUserTest.dll","CodeFilePath":null,"LineNumber":0,"Properties":[{"Key":{"Id":"NUnit.Seed","Label":"Seed","Category":"","Description":"","Attributes":0,"ValueType":"System.String"},"Value":"467637233"}]},"Attachments":[],"Outcome":1,"ErrorMessage":null,"ErrorStackTrace":null,"DisplayName":"Should_Have_Validation_Errors_For_Invalid_Lastname(\"\")","Messages":[],"ComputerName":"DESKTOP-VRVGM1L","Duration":"00:00:00.0028430","StartTime":"2022-11-04T20:41:03.4900789+00:00","EndTime":"2022-11-04T20:41:03.4929219+00:00","Properties":[{"Key":{"Id":"NUnit.Seed","Label":"Seed","Category":"","Description":"","Attributes":0,"ValueType":"System.String"},"Value":"467637233"}]},{"TestCase":{"Id":"fa1a3a5c-2668-a5d0-9ff7-d63ddb6149e9","FullyQualifiedName":"Users.ValidationTests.RegisterCareGiverDTOValidatorTest.Should_Have_Validation_Errors_For_Invalid_Lastname(\" \")","DisplayName":"Should_Have_Validation_Errors_For_Invalid_Lastname(\" \")","ExecutorUri":"executor://NUnit3TestExecutor","Source":"C:\\Users\\Lenovo\\OneDrive\\Desktop\\MyCloudFinalProject\\DrinkApp\\DrinkApp\\DrinkAppUserTest\\bin\\Debug\\net6.0\\fine-code-coverage\\build-output\\DrinkAppUserTest.dll","CodeFilePath":null,"LineNumber":0,"Properties":[{"Key":{"Id":"NUnit.Seed","Label":"Seed","Category":"","Description":"","Attributes":0,"ValueType":"System.String"},"Value":"398399084"}]},"Attachments":[],"Outcome":1,"ErrorMessage":null,"ErrorStackTrace":null,"DisplayName":"Should_Have_Validation_Errors_For_Invalid_Lastname(\" \")","Messages":[],"ComputerName":"DESKTOP-VRVGM1L","Duration":"00:00:00.0027820","StartTime":"2022-11-04T20:41:03.4929501+00:00","EndTime":"2022-11-04T20:41:03.4957318+00:00","Properties":[{"Key":{"Id":"NUnit.Seed","Label":"Seed","Category":"","Description":"","Attributes":0,"ValueType":"System.String"},"Value":"398399084"}]},{"TestCase":{"Id":"55ee06cf-bf02-7810-9ce1-636410fb86b3","FullyQualifiedName":"Users.ValidationTests.RegisterCareGiverDTOValidatorTest.Should_Have_Validation_Errors_For_Invalid_NewPassword(\"\")","DisplayName":"Should_Have_Validation_Errors_For_Invalid_NewPassword(\"\")","ExecutorUri":"executor://NUnit3TestExecutor","Source":"C:\\Users\\Lenovo\\OneDrive\\Desktop\\MyCloudFinalProject\\DrinkApp\\DrinkApp\\DrinkAppUserTest\\bin\\Debug\\net6.0\\fine-code-coverage\\build-output\\DrinkAppUserTest.dll","CodeFilePath":null,"LineNumber":0,"Properties":[{"Key":{"Id":"NUnit.Seed","Label":"Seed","Category":"","Description":"","Attributes":0,"ValueType":"System.String"},"Value":"1265668871"}]},"Attachments":[],"Outcome":1,"ErrorMessage":null,"ErrorStackTrace":null,"DisplayName":"Should_Have_Validation_Errors_For_Invalid_NewPassword(\"\")","Messages":[],"ComputerName":"DESKTOP-VRVGM1L","Duration":"00:00:00.0057409","StartTime":"2022-11-04T20:41:03.4963701+00:00","EndTime":"2022-11-04T20:41:03.5021106+00:00","Properties":[{"Key":{"Id":"NUnit.Seed","Label":"Seed","Category":"","Description":"","Attributes":0,"ValueType":"System.String"},"Value":"1265668871"}]},{"TestCase":{"Id":"ce3c23bb-7057-2edf-b3ee-8a95a640c944","FullyQualifiedName":"Users.ValidationTests.RegisterCareGiverDTOValidatorTest.Should_Have_Validation_Errors_For_Invalid_NewPassword(\" \")","DisplayName":"Should_Have_Validation_Errors_For_Invalid_NewPassword(\" \")","ExecutorUri":"executor://NUnit3TestExecutor","Source":"C:\\Users\\Lenovo\\OneDrive\\Desktop\\MyCloudFinalProject\\DrinkApp\\DrinkApp\\DrinkAppUserTest\\bin\\Debug\\net6.0\\fine-code-coverage\\build-output\\DrinkAppUserTest.dll","CodeFilePath":null,"LineNumber":0,"Properties":[{"Key":{"Id":"NUnit.Seed","Label":"Seed","Category":"","Description":"","Attributes":0,"ValueType":"System.String"},"Value":"94645994"}]},"Attachments":[],"Outcome":1,"ErrorMessage":null,"ErrorStackTrace":null,"DisplayName":"Should_Have_Validation_Errors_For_Invalid_NewPassword(\" \")","Messages":[],"ComputerName":"DESKTOP-VRVGM1L","Duration":"00:00:00.0036640","StartTime":"2022-11-04T20:41:03.5023435+00:00","EndTime":"2022-11-04T20:41:03.5060071+00:00","Properties":[{"Key":{"Id":"NUnit.Seed","Label":"Seed","Category":"","Description":"","Attributes":0,"ValueType":"System.String"},"Value":"94645994"}]}],"TestRunStatistics":{"ExecutedTests":28,"Stats":{"Failed":1,"Passed":27}},"ActiveTests":[{"Id":"b4aaa7dc-b7af-3725-9a39-e3ee45beb7ad","FullyQualifiedName":"Users.ValidationTests.RegisterCareGiverDTOValidatorTest.Should_Have_Validation_Errors_For_Invalid_NewPassword(\"hjdshw1\")","DisplayName":"Should_Have_Validation_Errors_For_Invalid_NewPassword(\"hjdshw1\")","ExecutorUri":"executor://NUnit3TestExecutor","Source":"C:\\Users\\Lenovo\\OneDrive\\Desktop\\MyCloudFinalProject\\DrinkApp\\DrinkApp\\DrinkAppUserTest\\bin\\Debug\\net6.0\\fine-code-coverage\\build-output\\DrinkAppUserTest.dll","CodeFilePath":null,"LineNumber":0,"Properties":[{"Key":{"Id":"NUnit.Seed","Label":"Seed","Category":"","Description":"","Attributes":0,"ValueType":"System.String"},"Value":"996900364"}]}]}}
TpTrace Verbose: 0 : 17212, 12, 2022/11/04, 21:41:03.519, 3803896047676, vstest.console.dll, TestRunRequest:SendTestRunStatsChange: Starting.
TpTrace Verbose: 0 : 17212, 12, 2022/11/04, 21:41:03.519, 3803896048990, vstest.console.dll, InProgress is Should_Have_Validation_Errors_For_Invalid_NewPassword("hjdshw1")
TpTrace Verbose: 0 : 17212, 12, 2022/11/04, 21:41:03.519, 3803896050461, vstest.console.dll, MulticastDelegateUtilities.SafeInvoke: TestRun.RunStatsChanged: Invoking callbacks was skipped because there are no subscribers.
TpTrace Verbose: 0 : 17212, 4, 2022/11/04, 21:41:03.519, 3803896050951, vstest.console.dll, MulticastDelegateUtilities.SafeInvoke: InternalTestLoggerEvents.SendTestResult: Invoking callback 1/1 for Microsoft.VisualStudio.TestPlatform.CommandLine.Internal.ConsoleLogger.TestResultHandler, took 0 ms.
TpTrace Information: 0 : 17212, 12, 2022/11/04, 21:41:03.519, 3803896051906, vstest.console.dll, TestRunRequest:SendTestRunStatsChange: Completed.
TpTrace Verbose: 0 : 17212, 4, 2022/11/04, 21:41:03.519, 3803896052261, vstest.console.dll, MulticastDelegateUtilities.SafeInvoke: InternalTestLoggerEvents.SendTestResult: Invoking callback 1/1 for Microsoft.VisualStudio.TestPlatform.CommandLine.Internal.ConsoleLogger.TestResultHandler, took 0 ms.
TpTrace Verbose: 0 : 17212, 12, 2022/11/04, 21:41:03.519, 3803896052848, vstest.console.dll, MulticastDelegateUtilities.SafeInvoke: LengthPrefixCommunicationChannel: MessageReceived: Invoking callback 1/1 for Microsoft.VisualStudio.TestPlatform.CommunicationUtilities.TestRequestSender+<>c__DisplayClass31_0.<StartTestRun>b__1, took 2 ms.
TpTrace Verbose: 0 : 17212, 4, 2022/11/04, 21:41:03.519, 3803896053832, vstest.console.dll, MulticastDelegateUtilities.SafeInvoke: InternalTestLoggerEvents.SendTestResult: Invoking callback 1/1 for Microsoft.VisualStudio.TestPlatform.CommandLine.Internal.ConsoleLogger.TestResultHandler, took 0 ms.
TpTrace Verbose: 0 : 17212, 12, 2022/11/04, 21:41:03.520, 3803896054687, vstest.console.dll, TcpClientExtensions.MessageLoopAsync: Polling on remoteEndPoint: 127.0.0.1:53227 localEndPoint: 127.0.0.1:53226
TpTrace Verbose: 0 : 17212, 4, 2022/11/04, 21:41:03.524, 3803896099743, vstest.console.dll, MulticastDelegateUtilities.SafeInvoke: InternalTestLoggerEvents.SendTestResult: Invoking callback 1/1 for Microsoft.VisualStudio.TestPlatform.CommandLine.Internal.ConsoleLogger.TestResultHandler, took 4 ms.
TpTrace Verbose: 0 : 17212, 4, 2022/11/04, 21:41:03.524, 3803896101470, vstest.console.dll, MulticastDelegateUtilities.SafeInvoke: InternalTestLoggerEvents.SendTestResult: Invoking callback 1/1 for Microsoft.VisualStudio.TestPlatform.CommandLine.Internal.ConsoleLogger.TestResultHandler, took 0 ms.
TpTrace Verbose: 0 : 17212, 4, 2022/11/04, 21:41:03.524, 3803896102519, vstest.console.dll, MulticastDelegateUtilities.SafeInvoke: InternalTestLoggerEvents.SendTestResult: Invoking callback 1/1 for Microsoft.VisualStudio.TestPlatform.CommandLine.Internal.ConsoleLogger.TestResultHandler, took 0 ms.
TpTrace Verbose: 0 : 17212, 4, 2022/11/04, 21:41:03.524, 3803896103593, vstest.console.dll, MulticastDelegateUtilities.SafeInvoke: InternalTestLoggerEvents.SendTestResult: Invoking callback 1/1 for Microsoft.VisualStudio.TestPlatform.CommandLine.Internal.ConsoleLogger.TestResultHandler, took 0 ms.
TpTrace Verbose: 0 : 17212, 4, 2022/11/04, 21:41:03.525, 3803896104499, vstest.console.dll, MulticastDelegateUtilities.SafeInvoke: InternalTestLoggerEvents.SendTestResult: Invoking callback 1/1 for Microsoft.VisualStudio.TestPlatform.CommandLine.Internal.ConsoleLogger.TestResultHandler, took 0 ms.
TpTrace Verbose: 0 : 17212, 4, 2022/11/04, 21:41:03.525, 3803896105380, vstest.console.dll, MulticastDelegateUtilities.SafeInvoke: InternalTestLoggerEvents.SendTestResult: Invoking callback 1/1 for Microsoft.VisualStudio.TestPlatform.CommandLine.Internal.ConsoleLogger.TestResultHandler, took 0 ms.
TpTrace Verbose: 0 : 17212, 12, 2022/11/04, 21:41:03.764, 3803898495501, vstest.console.dll, TcpClientExtensions.MessageLoopAsync: NotifyDataAvailable remoteEndPoint: 127.0.0.1:53227 localEndPoint: 127.0.0.1:53226
TpTrace Verbose: 0 : 17212, 12, 2022/11/04, 21:41:03.764, 3803898499939, vstest.console.dll, TestRequestSender.OnExecutionMessageReceived: Received message: {"Version":7,"MessageType":"TestExecution.StatsChange","Payload":{"NewTestResults":[{"TestCase":{"Id":"b4aaa7dc-b7af-3725-9a39-e3ee45beb7ad","FullyQualifiedName":"Users.ValidationTests.RegisterCareGiverDTOValidatorTest.Should_Have_Validation_Errors_For_Invalid_NewPassword(\"hjdshw1\")","DisplayName":"Should_Have_Validation_Errors_For_Invalid_NewPassword(\"hjdshw1\")","ExecutorUri":"executor://NUnit3TestExecutor","Source":"C:\\Users\\Lenovo\\OneDrive\\Desktop\\MyCloudFinalProject\\DrinkApp\\DrinkApp\\DrinkAppUserTest\\bin\\Debug\\net6.0\\fine-code-coverage\\build-output\\DrinkAppUserTest.dll","CodeFilePath":null,"LineNumber":0,"Properties":[{"Key":{"Id":"NUnit.Seed","Label":"Seed","Category":"","Description":"","Attributes":0,"ValueType":"System.String"},"Value":"996900364"}]},"Attachments":[],"Outcome":1,"ErrorMessage":null,"ErrorStackTrace":null,"DisplayName":"Should_Have_Validation_Errors_For_Invalid_NewPassword(\"hjdshw1\")","Messages":[],"ComputerName":"DESKTOP-VRVGM1L","Duration":"00:00:00.0037310","StartTime":"2022-11-04T20:41:03.5063518+00:00","EndTime":"2022-11-04T20:41:03.5100826+00:00","Properties":[{"Key":{"Id":"NUnit.Seed","Label":"Seed","Category":"","Description":"","Attributes":0,"ValueType":"System.String"},"Value":"996900364"}]},{"TestCase":{"Id":"3aab9c21-96a7-6359-7f3d-de80d2b40372","FullyQualifiedName":"Users.ValidationTests.RegisterCareGiverDTOValidatorTest.Should_Have_Validation_Errors_For_Invalid_NewPassword(\"dshfdsywy37432764263277dsdshdhy\")","DisplayName":"Should_Have_Validation_Errors_For_Invalid_NewPassword(\"dshfdsywy37432764263277dsdshdhy\")","ExecutorUri":"executor://NUnit3TestExecutor","Source":"C:\\Users\\Lenovo\\OneDrive\\Desktop\\MyCloudFinalProject\\DrinkApp\\DrinkApp\\DrinkAppUserTest\\bin\\Debug\\net6.0\\fine-code-coverage\\build-output\\DrinkAppUserTest.dll","CodeFilePath":null,"LineNumber":0,"Properties":[{"Key":{"Id":"NUnit.Seed","Label":"Seed","Category":"","Description":"","Attributes":0,"ValueType":"System.String"},"Value":"1077928678"}]},"Attachments":[],"Outcome":1,"ErrorMessage":null,"ErrorStackTrace":null,"DisplayName":"Should_Have_Validation_Errors_For_Invalid_NewPassword(\"dshfdsywy37432764263277dsdshdhy\")","Messages":[],"ComputerName":"DESKTOP-VRVGM1L","Duration":"00:00:00.0030109","StartTime":"2022-11-04T20:41:03.5197171+00:00","EndTime":"2022-11-04T20:41:03.5227287+00:00","Properties":[{"Key":{"Id":"NUnit.Seed","Label":"Seed","Category":"","Description":"","Attributes":0,"ValueType":"System.String"},"Value":"1077928678"}]},{"TestCase":{"Id":"ecd51032-0d29-324e-5609-19d3f592cbe2","FullyQualifiedName":"Users.ValidationTests.RegisterCareGiverDTOValidatorTest.Should_Have_Validation_Errors_For_Invalid_PhoneNumber(null)","DisplayName":"Should_Have_Validation_Errors_For_Invalid_PhoneNumber(null)","ExecutorUri":"executor://NUnit3TestExecutor","Source":"C:\\Users\\Lenovo\\OneDrive\\Desktop\\MyCloudFinalProject\\DrinkApp\\DrinkApp\\DrinkAppUserTest\\bin\\Debug\\net6.0\\fine-code-coverage\\build-output\\DrinkAppUserTest.dll","CodeFilePath":null,"LineNumber":0,"Properties":[{"Key":{"Id":"NUnit.Seed","Label":"Seed","Category":"","Description":"","Attributes":0,"ValueType":"System.String"},"Value":"406104783"}]},"Attachments":[],"Outcome":1,"ErrorMessage":null,"ErrorStackTrace":null,"DisplayName":"Should_Have_Validation_Errors_For_Invalid_PhoneNumber(null)","Messages":[],"ComputerName":"DESKTOP-VRVGM1L","Duration":"00:00:00.0038710","StartTime":"2022-11-04T20:41:03.5290545+00:00","EndTime":"2022-11-04T20:41:03.532925+00:00","Properties":[{"Key":{"Id":"NUnit.Seed","Label":"Seed","Category":"","Description":"","Attributes":0,"ValueType":"System.String"},"Value":"406104783"}]},{"TestCase":{"Id":"4cdbb830-842e-6568-bfe1-76460303d56f","FullyQualifiedName":"Users.ValidationTests.RegisterCareGiverDTOValidatorTest.Should_Have_Validation_Errors_For_Invalid_PhoneNumber(\"\")","DisplayName":"Should_Have_Validation_Errors_For_Invalid_PhoneNumber(\"\")","ExecutorUri":"executor://NUnit3TestExecutor","Source":"C:\\Users\\Lenovo\\OneDrive\\Desktop\\MyCloudFinalProject\\DrinkApp\\DrinkApp\\DrinkAppUserTest\\bin\\Debug\\net6.0\\fine-code-coverage\\build-output\\DrinkAppUserTest.dll","CodeFilePath":null,"LineNumber":0,"Properties":[{"Key":{"Id":"NUnit.Seed","Label":"Seed","Category":"","Description":"","Attributes":0,"ValueType":"System.String"},"Value":"1271942094"}]},"Attachments":[],"Outcome":1,"ErrorMessage":null,"ErrorStackTrace":null,"DisplayName":"Should_Have_Validation_Errors_For_Invalid_PhoneNumber(\"\")","Messages":[],"ComputerName":"DESKTOP-VRVGM1L","Duration":"00:00:00.0062500","StartTime":"2022-11-04T20:41:03.5336395+00:00","EndTime":"2022-11-04T20:41:03.5398896+00:00","Properties":[{"Key":{"Id":"NUnit.Seed","Label":"Seed","Category":"","Description":"","Attributes":0,"ValueType":"System.String"},"Value":"1271942094"}]},{"TestCase":{"Id":"707079ce-5bd9-9008-9087-1cfb311cd4ab","FullyQualifiedName":"Users.ValidationTests.RegisterCareGiverDTOValidatorTest.Should_Have_Validation_Errors_For_Invalid_PhoneNumber(\" \")","DisplayName":"Should_Have_Validation_Errors_For_Invalid_PhoneNumber(\" \")","ExecutorUri":"executor://NUnit3TestExecutor","Source":"C:\\Users\\Lenovo\\OneDrive\\Desktop\\MyCloudFinalProject\\DrinkApp\\DrinkApp\\DrinkAppUserTest\\bin\\Debug\\net6.0\\fine-code-coverage\\build-output\\DrinkAppUserTest.dll","CodeFilePath":null,"LineNumber":0,"Properties":[{"Key":{"Id":"NUnit.Seed","Label":"Seed","Category":"","Description":"","Attributes":0,"ValueType":"System.String"},"Value":"1279360927"}]},"Attachments":[],"Outcome":1,"ErrorMessage":null,"ErrorStackTrace":null,"DisplayName":"Should_Have_Validation_Errors_For_Invalid_PhoneNumber(\" \")","Messages":[],"ComputerName":"DESKTOP-VRVGM1L","Duration":"00:00:00.0034420","StartTime":"2022-11-04T20:41:03.5416413+00:00","EndTime":"2022-11-04T20:41:03.5450829+00:00","Properties":[{"Key":{"Id":"NUnit.Seed","Label":"Seed","Category":"","Description":"","Attributes":0,"ValueType":"System.String"},"Value":"1279360927"}]},{"TestCase":{"Id":"79cec1a6-a5e0-56f8-03b9-e0335701708d","FullyQualifiedName":"Users.ValidationTests.RegisterCareGiverDTOValidatorTest.Should_Have_Validation_Errors_For_Invalid_PhoneNumber(\"+3142\")","DisplayName":"Should_Have_Validation_Errors_For_Invalid_PhoneNumber(\"+3142\")","ExecutorUri":"executor://NUnit3TestExecutor","Source":"C:\\Users\\Lenovo\\OneDrive\\Desktop\\MyCloudFinalProject\\DrinkApp\\DrinkApp\\DrinkAppUserTest\\bin\\Debug\\net6.0\\fine-code-coverage\\build-output\\DrinkAppUserTest.dll","CodeFilePath":null,"LineNumber":0,"Properties":[{"Key":{"Id":"NUnit.Seed","Label":"Seed","Category":"","Description":"","Attributes":0,"ValueType":"System.String"},"Value":"2142327172"}]},"Attachments":[],"Outcome":1,"ErrorMessage":null,"ErrorStackTrace":null,"DisplayName":"Should_Have_Validation_Errors_For_Invalid_PhoneNumber(\"+3142\")","Messages":[],"ComputerName":"DESKTOP-VRVGM1L","Duration":"00:00:00.0025860","StartTime":"2022-11-04T20:41:03.5452632+00:00","EndTime":"2022-11-04T20:41:03.5478483+00:00","Properties":[{"Key":{"Id":"NUnit.Seed","Label":"Seed","Category":"","Description":"","Attributes":0,"ValueType":"System.String"},"Value":"2142327172"}]},{"TestCase":{"Id":"8ed2f969-4a05-05ca-85f9-2c28ed7abe11","FullyQualifiedName":"Users.ValidationTests.RegisterPatientDTOValidatorTest.Register_Patient_DTO_Validator_Shoud_Accept_valid_Properties(\"mahedimridul57@gmail.com\",\"mah\",\"di\",\"+31645826735\",\"Tanzel0179!\",\"False\",2,\"1980-09-09\")","DisplayName":"Register_Patient_DTO_Validator_Shoud_Accept_valid_Properties(\"mahedimridul57@gmail.com\",\"mah\",\"di\",\"+31645826735\",\"Tanzel0179!\",\"False\",2,\"1980-09-09\")","ExecutorUri":"executor://NUnit3TestExecutor","Source":"C:\\Users\\Lenovo\\OneDrive\\Desktop\\MyCloudFinalProject\\DrinkApp\\DrinkApp\\DrinkAppUserTest\\bin\\Debug\\net6.0\\fine-code-coverage\\build-output\\DrinkAppUserTest.dll","CodeFilePath":null,"LineNumber":0,"Properties":[{"Key":{"Id":"NUnit.Seed","Label":"Seed","Category":"","Description":"","Attributes":0,"ValueType":"System.String"},"Value":"334505202"}]},"Attachments":[],"Outcome":1,"ErrorMessage":null,"ErrorStackTrace":null,"DisplayName":"Register_Patient_DTO_Validator_Shoud_Accept_valid_Properties(\"mahedimridul57@gmail.com\",\"mah\",\"di\",\"+31645826735\",\"Tanzel0179!\",\"False\",2,\"1980-09-09\")","Messages":[],"ComputerName":"DESKTOP-VRVGM1L","Duration":"00:00:00.1677330","StartTime":"2022-11-04T20:41:03.5507013+00:00","EndTime":"2022-11-04T20:41:03.7184341+00:00","Properties":[{"Key":{"Id":"NUnit.Seed","Label":"Seed","Category":"","Description":"","Attributes":0,"ValueType":"System.String"},"Value":"334505202"}]},{"TestCase":{"Id":"714be7bd-b345-03b6-a551-033c3035b7a8","FullyQualifiedName":"Users.ValidationTests.RegisterPatientDTOValidatorTest.Should_Have_Validation_Errors_For_Invalid_Email(\"mah\")","DisplayName":"Should_Have_Validation_Errors_For_Invalid_Email(\"mah\")","ExecutorUri":"executor://NUnit3TestExecutor","Source":"C:\\Users\\Lenovo\\OneDrive\\Desktop\\MyCloudFinalProject\\DrinkApp\\DrinkApp\\DrinkAppUserTest\\bin\\Debug\\net6.0\\fine-code-coverage\\build-output\\DrinkAppUserTest.dll","CodeFilePath":null,"LineNumber":0,"Properties":[{"Key":{"Id":"NUnit.Seed","Label":"Seed","Category":"","Description":"","Attributes":0,"ValueType":"System.String"},"Value":"746033458"}]},"Attachments":[],"Outcome":1,"ErrorMessage":null,"ErrorStackTrace":null,"DisplayName":"Should_Have_Validation_Errors_For_Invalid_Email(\"mah\")","Messages":[],"ComputerName":"DESKTOP-VRVGM1L","Duration":"00:00:00.0074960","StartTime":"2022-11-04T20:41:03.7394721+00:00","EndTime":"2022-11-04T20:41:03.7469685+00:00","Properties":[{"Key":{"Id":"NUnit.Seed","Label":"Seed","Category":"","Description":"","Attributes":0,"ValueType":"System.String"},"Value":"746033458"}]},{"TestCase":{"Id":"bea5e9d2-5782-1ed1-ce7d-596aac22bfaa","FullyQualifiedName":"Users.ValidationTests.RegisterPatientDTOValidatorTest.Should_Have_Validation_Errors_For_Invalid_Email(\"\")","DisplayName":"Should_Have_Validation_Errors_For_Invalid_Email(\"\")","ExecutorUri":"executor://NUnit3TestExecutor","Source":"C:\\Users\\Lenovo\\OneDrive\\Desktop\\MyCloudFinalProject\\DrinkApp\\DrinkApp\\DrinkAppUserTest\\bin\\Debug\\net6.0\\fine-code-coverage\\build-output\\DrinkAppUserTest.dll","CodeFilePath":null,"LineNumber":0,"Properties":[{"Key":{"Id":"NUnit.Seed","Label":"Seed","Category":"","Description":"","Attributes":0,"ValueType":"System.String"},"Value":"1199809722"}]},"Attachments":[],"Outcome":1,"ErrorMessage":null,"ErrorStackTrace":null,"DisplayName":"Should_Have_Validation_Errors_For_Invalid_Email(\"\")","Messages":[],"ComputerName":"DESKTOP-VRVGM1L","Duration":"00:00:00.0037140","StartTime":"2022-11-04T20:41:03.7550611+00:00","EndTime":"2022-11-04T20:41:03.758775+00:00","Properties":[{"Key":{"Id":"NUnit.Seed","Label":"Seed","Category":"","Description":"","Attributes":0,"ValueType":"System.String"},"Value":"1199809722"}]}],"TestRunStatistics":{"ExecutedTests":37,"Stats":{"Failed":1,"Passed":36}},"ActiveTests":[{"Id":"bacfa366-3af1-3aea-d310-7d778b50dc21","FullyQualifiedName":"Users.ValidationTests.RegisterPatientDTOValidatorTest.Should_Have_Validation_Errors_For_Invalid_Email(\" \")","DisplayName":"Should_Have_Validation_Errors_For_Invalid_Email(\" \")","ExecutorUri":"executor://NUnit3TestExecutor","Source":"C:\\Users\\Lenovo\\OneDrive\\Desktop\\MyCloudFinalProject\\DrinkApp\\DrinkApp\\DrinkAppUserTest\\bin\\Debug\\net6.0\\fine-code-coverage\\build-output\\DrinkAppUserTest.dll","CodeFilePath":null,"LineNumber":0,"Properties":[{"Key":{"Id":"NUnit.Seed","Label":"Seed","Category":"","Description":"","Attributes":0,"ValueType":"System.String"},"Value":"2058851784"}]}]}}
TpTrace Verbose: 0 : 17212, 12, 2022/11/04, 21:41:03.768, 3803898542037, vstest.console.dll, TestRunRequest:SendTestRunStatsChange: Starting.
TpTrace Verbose: 0 : 17212, 12, 2022/11/04, 21:41:03.768, 3803898543833, vstest.console.dll, InProgress is Should_Have_Validation_Errors_For_Invalid_Email(" ")
TpTrace Verbose: 0 : 17212, 12, 2022/11/04, 21:41:03.769, 3803898544931, vstest.console.dll, MulticastDelegateUtilities.SafeInvoke: TestRun.RunStatsChanged: Invoking callbacks was skipped because there are no subscribers.
TpTrace Information: 0 : 17212, 12, 2022/11/04, 21:41:03.769, 3803898545603, vstest.console.dll, TestRunRequest:SendTestRunStatsChange: Completed.
TpTrace Verbose: 0 : 17212, 4, 2022/11/04, 21:41:03.769, 3803898546162, vstest.console.dll, MulticastDelegateUtilities.SafeInvoke: InternalTestLoggerEvents.SendTestResult: Invoking callback 1/1 for Microsoft.VisualStudio.TestPlatform.CommandLine.Internal.ConsoleLogger.TestResultHandler, took 0 ms.
TpTrace Verbose: 0 : 17212, 12, 2022/11/04, 21:41:03.769, 3803898546226, vstest.console.dll, MulticastDelegateUtilities.SafeInvoke: LengthPrefixCommunicationChannel: MessageReceived: Invoking callback 1/1 for Microsoft.VisualStudio.TestPlatform.CommunicationUtilities.TestRequestSender+<>c__DisplayClass31_0.<StartTestRun>b__1, took 4 ms.
TpTrace Verbose: 0 : 17212, 4, 2022/11/04, 21:41:03.769, 3803898547237, vstest.console.dll, MulticastDelegateUtilities.SafeInvoke: InternalTestLoggerEvents.SendTestResult: Invoking callback 1/1 for Microsoft.VisualStudio.TestPlatform.CommandLine.Internal.ConsoleLogger.TestResultHandler, took 0 ms.
TpTrace Verbose: 0 : 17212, 12, 2022/11/04, 21:41:03.769, 3803898547720, vstest.console.dll, TcpClientExtensions.MessageLoopAsync: Polling on remoteEndPoint: 127.0.0.1:53227 localEndPoint: 127.0.0.1:53226
TpTrace Verbose: 0 : 17212, 4, 2022/11/04, 21:41:03.769, 3803898548642, vstest.console.dll, MulticastDelegateUtilities.SafeInvoke: InternalTestLoggerEvents.SendTestResult: Invoking callback 1/1 for Microsoft.VisualStudio.TestPlatform.CommandLine.Internal.ConsoleLogger.TestResultHandler, took 0 ms.
TpTrace Verbose: 0 : 17212, 4, 2022/11/04, 21:41:03.769, 3803898549595, vstest.console.dll, MulticastDelegateUtilities.SafeInvoke: InternalTestLoggerEvents.SendTestResult: Invoking callback 1/1 for Microsoft.VisualStudio.TestPlatform.CommandLine.Internal.ConsoleLogger.TestResultHandler, took 0 ms.
TpTrace Verbose: 0 : 17212, 4, 2022/11/04, 21:41:03.769, 3803898550530, vstest.console.dll, MulticastDelegateUtilities.SafeInvoke: InternalTestLoggerEvents.SendTestResult: Invoking callback 1/1 for Microsoft.VisualStudio.TestPlatform.CommandLine.Internal.ConsoleLogger.TestResultHandler, took 0 ms.
TpTrace Verbose: 0 : 17212, 4, 2022/11/04, 21:41:03.769, 3803898551476, vstest.console.dll, MulticastDelegateUtilities.SafeInvoke: InternalTestLoggerEvents.SendTestResult: Invoking callback 1/1 for Microsoft.VisualStudio.TestPlatform.CommandLine.Internal.ConsoleLogger.TestResultHandler, took 0 ms.
TpTrace Verbose: 0 : 17212, 4, 2022/11/04, 21:41:03.769, 3803898552329, vstest.console.dll, MulticastDelegateUtilities.SafeInvoke: InternalTestLoggerEvents.SendTestResult: Invoking callback 1/1 for Microsoft.VisualStudio.TestPlatform.CommandLine.Internal.ConsoleLogger.TestResultHandler, took 0 ms.
TpTrace Verbose: 0 : 17212, 4, 2022/11/04, 21:41:03.769, 3803898553123, vstest.console.dll, MulticastDelegateUtilities.SafeInvoke: InternalTestLoggerEvents.SendTestResult: Invoking callback 1/1 for Microsoft.VisualStudio.TestPlatform.CommandLine.Internal.ConsoleLogger.TestResultHandler, took 0 ms.
TpTrace Verbose: 0 : 17212, 4, 2022/11/04, 21:41:03.770, 3803898554025, vstest.console.dll, MulticastDelegateUtilities.SafeInvoke: InternalTestLoggerEvents.SendTestResult: Invoking callback 1/1 for Microsoft.VisualStudio.TestPlatform.CommandLine.Internal.ConsoleLogger.TestResultHandler, took 0 ms.
TpTrace Verbose: 0 : 17212, 12, 2022/11/04, 21:41:03.824, 3803899102901, vstest.console.dll, TcpClientExtensions.MessageLoopAsync: NotifyDataAvailable remoteEndPoint: 127.0.0.1:53227 localEndPoint: 127.0.0.1:53226
TpTrace Verbose: 0 : 17212, 12, 2022/11/04, 21:41:03.825, 3803899106736, vstest.console.dll, TestRequestSender.OnExecutionMessageReceived: Received message: {"Version":7,"MessageType":"TestExecution.StatsChange","Payload":{"NewTestResults":[{"TestCase":{"Id":"bacfa366-3af1-3aea-d310-7d778b50dc21","FullyQualifiedName":"Users.ValidationTests.RegisterPatientDTOValidatorTest.Should_Have_Validation_Errors_For_Invalid_Email(\" \")","DisplayName":"Should_Have_Validation_Errors_For_Invalid_Email(\" \")","ExecutorUri":"executor://NUnit3TestExecutor","Source":"C:\\Users\\Lenovo\\OneDrive\\Desktop\\MyCloudFinalProject\\DrinkApp\\DrinkApp\\DrinkAppUserTest\\bin\\Debug\\net6.0\\fine-code-coverage\\build-output\\DrinkAppUserTest.dll","CodeFilePath":null,"LineNumber":0,"Properties":[{"Key":{"Id":"NUnit.Seed","Label":"Seed","Category":"","Description":"","Attributes":0,"ValueType":"System.String"},"Value":"2058851784"}]},"Attachments":[],"Outcome":1,"ErrorMessage":null,"ErrorStackTrace":null,"DisplayName":"Should_Have_Validation_Errors_For_Invalid_Email(\" \")","Messages":[],"ComputerName":"DESKTOP-VRVGM1L","Duration":"00:00:00.0030260","StartTime":"2022-11-04T20:41:03.7657595+00:00","EndTime":"2022-11-04T20:41:03.7687857+00:00","Properties":[{"Key":{"Id":"NUnit.Seed","Label":"Seed","Category":"","Description":"","Attributes":0,"ValueType":"System.String"},"Value":"2058851784"}]},{"TestCase":{"Id":"34d2520d-604b-d678-feae-02ffc89b229e","FullyQualifiedName":"Users.ValidationTests.RegisterPatientDTOValidatorTest.Should_Have_Validation_Errors_For_Invalid_Firstname(\"\")","DisplayName":"Should_Have_Validation_Errors_For_Invalid_Firstname(\"\")","ExecutorUri":"executor://NUnit3TestExecutor","Source":"C:\\Users\\Lenovo\\OneDrive\\Desktop\\MyCloudFinalProject\\DrinkApp\\DrinkApp\\DrinkAppUserTest\\bin\\Debug\\net6.0\\fine-code-coverage\\build-output\\DrinkAppUserTest.dll","CodeFilePath":null,"LineNumber":0,"Properties":[{"Key":{"Id":"NUnit.Seed","Label":"Seed","Category":"","Description":"","Attributes":0,"ValueType":"System.String"},"Value":"107702169"}]},"Attachments":[],"Outcome":1,"ErrorMessage":null,"ErrorStackTrace":null,"DisplayName":"Should_Have_Validation_Errors_For_Invalid_Firstname(\"\")","Messages":[],"ComputerName":"DESKTOP-VRVGM1L","Duration":"00:00:00.0055390","StartTime":"2022-11-04T20:41:03.7705706+00:00","EndTime":"2022-11-04T20:41:03.776109+00:00","Properties":[{"Key":{"Id":"NUnit.Seed","Label":"Seed","Category":"","Description":"","Attributes":0,"ValueType":"System.String"},"Value":"107702169"}]},{"TestCase":{"Id":"b4cd2ea8-3312-5c19-3e06-4a7dcc0fe70b","FullyQualifiedName":"Users.ValidationTests.RegisterPatientDTOValidatorTest.Should_Have_Validation_Errors_For_Invalid_Firstname(\" \")","DisplayName":"Should_Have_Validation_Errors_For_Invalid_Firstname(\" \")","ExecutorUri":"executor://NUnit3TestExecutor","Source":"C:\\Users\\Lenovo\\OneDrive\\Desktop\\MyCloudFinalProject\\DrinkApp\\DrinkApp\\DrinkAppUserTest\\bin\\Debug\\net6.0\\fine-code-coverage\\build-output\\DrinkAppUserTest.dll","CodeFilePath":null,"LineNumber":0,"Properties":[{"Key":{"Id":"NUnit.Seed","Label":"Seed","Category":"","Description":"","Attributes":0,"ValueType":"System.String"},"Value":"1981863713"}]},"Attachments":[],"Outcome":1,"ErrorMessage":null,"ErrorStackTrace":null,"DisplayName":"Should_Have_Validation_Errors_For_Invalid_Firstname(\" \")","Messages":[],"ComputerName":"DESKTOP-VRVGM1L","Duration":"00:00:00.0027090","StartTime":"2022-11-04T20:41:03.7781534+00:00","EndTime":"2022-11-04T20:41:03.780863+00:00","Properties":[{"Key":{"Id":"NUnit.Seed","Label":"Seed","Category":"","Description":"","Attributes":0,"ValueType":"System.String"},"Value":"1981863713"}]},{"TestCase":{"Id":"b8b800c6-7c4d-6ec8-f395-ec9edcc3b9b1","FullyQualifiedName":"Users.ValidationTests.RegisterPatientDTOValidatorTest.Should_Have_Validation_Errors_For_Invalid_Lastname(\"\")","DisplayName":"Should_Have_Validation_Errors_For_Invalid_Lastname(\"\")","ExecutorUri":"executor://NUnit3TestExecutor","Source":"C:\\Users\\Lenovo\\OneDrive\\Desktop\\MyCloudFinalProject\\DrinkApp\\DrinkApp\\DrinkAppUserTest\\bin\\Debug\\net6.0\\fine-code-coverage\\build-output\\DrinkAppUserTest.dll","CodeFilePath":null,"LineNumber":0,"Properties":[{"Key":{"Id":"NUnit.Seed","Label":"Seed","Category":"","Description":"","Attributes":0,"ValueType":"System.String"},"Value":"1390975106"}]},"Attachments":[],"Outcome":1,"ErrorMessage":null,"ErrorStackTrace":null,"DisplayName":"Should_Have_Validation_Errors_For_Invalid_Lastname(\"\")","Messages":[],"ComputerName":"DESKTOP-VRVGM1L","Duration":"00:00:00.0044500","StartTime":"2022-11-04T20:41:03.785104+00:00","EndTime":"2022-11-04T20:41:03.7895544+00:00","Properties":[{"Key":{"Id":"NUnit.Seed","Label":"Seed","Category":"","Description":"","Attributes":0,"ValueType":"System.String"},"Value":"1390975106"}]},{"TestCase":{"Id":"671b1ee5-1382-c3ff-7948-faa9f55234d0","FullyQualifiedName":"Users.ValidationTests.RegisterPatientDTOValidatorTest.Should_Have_Validation_Errors_For_Invalid_Lastname(\" \")","DisplayName":"Should_Have_Validation_Errors_For_Invalid_Lastname(\" \")","ExecutorUri":"executor://NUnit3TestExecutor","Source":"C:\\Users\\Lenovo\\OneDrive\\Desktop\\MyCloudFinalProject\\DrinkApp\\DrinkApp\\DrinkAppUserTest\\bin\\Debug\\net6.0\\fine-code-coverage\\build-output\\DrinkAppUserTest.dll","CodeFilePath":null,"LineNumber":0,"Properties":[{"Key":{"Id":"NUnit.Seed","Label":"Seed","Category":"","Description":"","Attributes":0,"ValueType":"System.String"},"Value":"553467240"}]},"Attachments":[],"Outcome":1,"ErrorMessage":null,"ErrorStackTrace":null,"DisplayName":"Should_Have_Validation_Errors_For_Invalid_Lastname(\" \")","Messages":[],"ComputerName":"DESKTOP-VRVGM1L","Duration":"00:00:00.0031200","StartTime":"2022-11-04T20:41:03.792897+00:00","EndTime":"2022-11-04T20:41:03.796017+00:00","Properties":[{"Key":{"Id":"NUnit.Seed","Label":"Seed","Category":"","Description":"","Attributes":0,"ValueType":"System.String"},"Value":"553467240"}]},{"TestCase":{"Id":"12c6882a-302d-8a4f-a5ca-fb6df7b0560e","FullyQualifiedName":"Users.ValidationTests.RegisterPatientDTOValidatorTest.Should_Have_Validation_Errors_For_Invalid_NewPassword(\"\")","DisplayName":"Should_Have_Validation_Errors_For_Invalid_NewPassword(\"\")","ExecutorUri":"executor://NUnit3TestExecutor","Source":"C:\\Users\\Lenovo\\OneDrive\\Desktop\\MyCloudFinalProject\\DrinkApp\\DrinkApp\\DrinkAppUserTest\\bin\\Debug\\net6.0\\fine-code-coverage\\build-output\\DrinkAppUserTest.dll","CodeFilePath":null,"LineNumber":0,"Properties":[{"Key":{"Id":"NUnit.Seed","Label":"Seed","Category":"","Description":"","Attributes":0,"ValueType":"System.String"},"Value":"134756618"}]},"Attachments":[],"Outcome":1,"ErrorMessage":null,"ErrorStackTrace":null,"DisplayName":"Should_Have_Validation_Errors_For_Invalid_NewPassword(\"\")","Messages":[],"ComputerName":"DESKTOP-VRVGM1L","Duration":"00:00:00.0034400","StartTime":"2022-11-04T20:41:03.7963843+00:00","EndTime":"2022-11-04T20:41:03.7998239+00:00","Properties":[{"Key":{"Id":"NUnit.Seed","Label":"Seed","Category":"","Description":"","Attributes":0,"ValueType":"System.String"},"Value":"134756618"}]},{"TestCase":{"Id":"1c4574c1-2db1-4235-d1d6-b99d31f4639a","FullyQualifiedName":"Users.ValidationTests.RegisterPatientDTOValidatorTest.Should_Have_Validation_Errors_For_Invalid_NewPassword(\" \")","DisplayName":"Should_Have_Validation_Errors_For_Invalid_NewPassword(\" \")","ExecutorUri":"executor://NUnit3TestExecutor","Source":"C:\\Users\\Lenovo\\OneDrive\\Desktop\\MyCloudFinalProject\\DrinkApp\\DrinkApp\\DrinkAppUserTest\\bin\\Debug\\net6.0\\fine-code-coverage\\build-output\\DrinkAppUserTest.dll","CodeFilePath":null,"LineNumber":0,"Properties":[{"Key":{"Id":"NUnit.Seed","Label":"Seed","Category":"","Description":"","Attributes":0,"ValueType":"System.String"},"Value":"702798144"}]},"Attachments":[],"Outcome":1,"ErrorMessage":null,"ErrorStackTrace":null,"DisplayName":"Should_Have_Validation_Errors_For_Invalid_NewPassword(\" \")","Messages":[],"ComputerName":"DESKTOP-VRVGM1L","Duration":"00:00:00.0053410","StartTime":"2022-11-04T20:41:03.8000206+00:00","EndTime":"2022-11-04T20:41:03.8053611+00:00","Properties":[{"Key":{"Id":"NUnit.Seed","Label":"Seed","Category":"","Description":"","Attributes":0,"ValueType":"System.String"},"Value":"702798144"}]},{"TestCase":{"Id":"23ff9f82-68cb-b4db-c374-a4d02228961e","FullyQualifiedName":"Users.ValidationTests.RegisterPatientDTOValidatorTest.Should_Have_Validation_Errors_For_Invalid_NewPassword(\"hjdshw1\")","DisplayName":"Should_Have_Validation_Errors_For_Invalid_NewPassword(\"hjdshw1\")","ExecutorUri":"executor://NUnit3TestExecutor","Source":"C:\\Users\\Lenovo\\OneDrive\\Desktop\\MyCloudFinalProject\\DrinkApp\\DrinkApp\\DrinkAppUserTest\\bin\\Debug\\net6.0\\fine-code-coverage\\build-output\\DrinkAppUserTest.dll","CodeFilePath":null,"LineNumber":0,"Properties":[{"Key":{"Id":"NUnit.Seed","Label":"Seed","Category":"","Description":"","Attributes":0,"ValueType":"System.String"},"Value":"333052142"}]},"Attachments":[],"Outcome":1,"ErrorMessage":null,"ErrorStackTrace":null,"DisplayName":"Should_Have_Validation_Errors_For_Invalid_NewPassword(\"hjdshw1\")","Messages":[],"ComputerName":"DESKTOP-VRVGM1L","Duration":"00:00:00.0036110","StartTime":"2022-11-04T20:41:03.8055364+00:00","EndTime":"2022-11-04T20:41:03.8091466+00:00","Properties":[{"Key":{"Id":"NUnit.Seed","Label":"Seed","Category":"","Description":"","Attributes":0,"ValueType":"System.String"},"Value":"333052142"}]},{"TestCase":{"Id":"b07d8c68-103a-1d66-54ac-b2ec65e29a77","FullyQualifiedName":"Users.ValidationTests.RegisterPatientDTOValidatorTest.Should_Have_Validation_Errors_For_Invalid_NewPassword(\"dshfdsywy37432764263277dsdshdhy\")","DisplayName":"Should_Have_Validation_Errors_For_Invalid_NewPassword(\"dshfdsywy37432764263277dsdshdhy\")","ExecutorUri":"executor://NUnit3TestExecutor","Source":"C:\\Users\\Lenovo\\OneDrive\\Desktop\\MyCloudFinalProject\\DrinkApp\\DrinkApp\\DrinkAppUserTest\\bin\\Debug\\net6.0\\fine-code-coverage\\build-output\\DrinkAppUserTest.dll","CodeFilePath":null,"LineNumber":0,"Properties":[{"Key":{"Id":"NUnit.Seed","Label":"Seed","Category":"","Description":"","Attributes":0,"ValueType":"System.String"},"Value":"207111928"}]},"Attachments":[],"Outcome":1,"ErrorMessage":null,"ErrorStackTrace":null,"DisplayName":"Should_Have_Validation_Errors_For_Invalid_NewPassword(\"dshfdsywy37432764263277dsdshdhy\")","Messages":[],"ComputerName":"DESKTOP-VRVGM1L","Duration":"00:00:00.0028340","StartTime":"2022-11-04T20:41:03.8093708+00:00","EndTime":"2022-11-04T20:41:03.8122052+00:00","Properties":[{"Key":{"Id":"NUnit.Seed","Label":"Seed","Category":"","Description":"","Attributes":0,"ValueType":"System.String"},"Value":"207111928"}]}],"TestRunStatistics":{"ExecutedTests":46,"Stats":{"Failed":1,"Passed":45}},"ActiveTests":[{"Id":"bc10b24f-97ff-3454-3835-67f12f9047f2","FullyQualifiedName":"Users.ValidationTests.RegisterPatientDTOValidatorTest.Should_Have_Validation_Errors_For_Invalid_PhoneNumber(null)","DisplayName":"Should_Have_Validation_Errors_For_Invalid_PhoneNumber(null)","ExecutorUri":"executor://NUnit3TestExecutor","Source":"C:\\Users\\Lenovo\\OneDrive\\Desktop\\MyCloudFinalProject\\DrinkApp\\DrinkApp\\DrinkAppUserTest\\bin\\Debug\\net6.0\\fine-code-coverage\\build-output\\DrinkAppUserTest.dll","CodeFilePath":null,"LineNumber":0,"Properties":[{"Key":{"Id":"NUnit.Seed","Label":"Seed","Category":"","Description":"","Attributes":0,"ValueType":"System.String"},"Value":"433947926"}]}]}}
TpTrace Verbose: 0 : 17212, 12, 2022/11/04, 21:41:03.827, 3803899124817, vstest.console.dll, TestRunRequest:SendTestRunStatsChange: Starting.
TpTrace Verbose: 0 : 17212, 12, 2022/11/04, 21:41:03.827, 3803899126387, vstest.console.dll, InProgress is Should_Have_Validation_Errors_For_Invalid_PhoneNumber(null)
TpTrace Verbose: 0 : 17212, 12, 2022/11/04, 21:41:03.827, 3803899127415, vstest.console.dll, MulticastDelegateUtilities.SafeInvoke: TestRun.RunStatsChanged: Invoking callbacks was skipped because there are no subscribers.
TpTrace Verbose: 0 : 17212, 4, 2022/11/04, 21:41:03.827, 3803899127881, vstest.console.dll, MulticastDelegateUtilities.SafeInvoke: InternalTestLoggerEvents.SendTestResult: Invoking callback 1/1 for Microsoft.VisualStudio.TestPlatform.CommandLine.Internal.ConsoleLogger.TestResultHandler, took 0 ms.
TpTrace Information: 0 : 17212, 12, 2022/11/04, 21:41:03.827, 3803899128029, vstest.console.dll, TestRunRequest:SendTestRunStatsChange: Completed.
TpTrace Verbose: 0 : 17212, 4, 2022/11/04, 21:41:03.827, 3803899129007, vstest.console.dll, MulticastDelegateUtilities.SafeInvoke: InternalTestLoggerEvents.SendTestResult: Invoking callback 1/1 for Microsoft.VisualStudio.TestPlatform.CommandLine.Internal.ConsoleLogger.TestResultHandler, took 0 ms.
TpTrace Verbose: 0 : 17212, 12, 2022/11/04, 21:41:03.827, 3803899129427, vstest.console.dll, MulticastDelegateUtilities.SafeInvoke: LengthPrefixCommunicationChannel: MessageReceived: Invoking callback 1/1 for Microsoft.VisualStudio.TestPlatform.CommunicationUtilities.TestRequestSender+<>c__DisplayClass31_0.<StartTestRun>b__1, took 2 ms.
TpTrace Verbose: 0 : 17212, 4, 2022/11/04, 21:41:03.827, 3803899130241, vstest.console.dll, MulticastDelegateUtilities.SafeInvoke: InternalTestLoggerEvents.SendTestResult: Invoking callback 1/1 for Microsoft.VisualStudio.TestPlatform.CommandLine.Internal.ConsoleLogger.TestResultHandler, took 0 ms.
TpTrace Verbose: 0 : 17212, 12, 2022/11/04, 21:41:03.827, 3803899131181, vstest.console.dll, TcpClientExtensions.MessageLoopAsync: Polling on remoteEndPoint: 127.0.0.1:53227 localEndPoint: 127.0.0.1:53226
TpTrace Verbose: 0 : 17212, 4, 2022/11/04, 21:41:03.827, 3803899131340, vstest.console.dll, MulticastDelegateUtilities.SafeInvoke: InternalTestLoggerEvents.SendTestResult: Invoking callback 1/1 for Microsoft.VisualStudio.TestPlatform.CommandLine.Internal.ConsoleLogger.TestResultHandler, took 0 ms.
TpTrace Verbose: 0 : 17212, 4, 2022/11/04, 21:41:03.827, 3803899132938, vstest.console.dll, MulticastDelegateUtilities.SafeInvoke: InternalTestLoggerEvents.SendTestResult: Invoking callback 1/1 for Microsoft.VisualStudio.TestPlatform.CommandLine.Internal.ConsoleLogger.TestResultHandler, took 0 ms.
TpTrace Verbose: 0 : 17212, 4, 2022/11/04, 21:41:03.828, 3803899135051, vstest.console.dll, MulticastDelegateUtilities.SafeInvoke: InternalTestLoggerEvents.SendTestResult: Invoking callback 1/1 for Microsoft.VisualStudio.TestPlatform.CommandLine.Internal.ConsoleLogger.TestResultHandler, took 0 ms.
TpTrace Verbose: 0 : 17212, 4, 2022/11/04, 21:41:03.828, 3803899136180, vstest.console.dll, MulticastDelegateUtilities.SafeInvoke: InternalTestLoggerEvents.SendTestResult: Invoking callback 1/1 for Microsoft.VisualStudio.TestPlatform.CommandLine.Internal.ConsoleLogger.TestResultHandler, took 0 ms.
TpTrace Verbose: 0 : 17212, 4, 2022/11/04, 21:41:03.828, 3803899137159, vstest.console.dll, MulticastDelegateUtilities.SafeInvoke: InternalTestLoggerEvents.SendTestResult: Invoking callback 1/1 for Microsoft.VisualStudio.TestPlatform.CommandLine.Internal.ConsoleLogger.TestResultHandler, took 0 ms.
TpTrace Verbose: 0 : 17212, 4, 2022/11/04, 21:41:03.828, 3803899138103, vstest.console.dll, MulticastDelegateUtilities.SafeInvoke: InternalTestLoggerEvents.SendTestResult: Invoking callback 1/1 for Microsoft.VisualStudio.TestPlatform.CommandLine.Internal.ConsoleLogger.TestResultHandler, took 0 ms.
TpTrace Verbose: 0 : 17212, 12, 2022/11/04, 21:41:03.886, 3803899720727, vstest.console.dll, TcpClientExtensions.MessageLoopAsync: NotifyDataAvailable remoteEndPoint: 127.0.0.1:53227 localEndPoint: 127.0.0.1:53226
TpTrace Verbose: 0 : 17212, 12, 2022/11/04, 21:41:03.886, 3803899722472, vstest.console.dll, TestRequestSender.OnExecutionMessageReceived: Received message: {"Version":7,"MessageType":"TestSession.Message","Payload":{"MessageLevel":0,"Message":"NUnit Adapter 4.2.0.0: Test execution complete"}}
TpTrace Verbose: 0 : 17212, 12, 2022/11/04, 21:41:03.887, 3803899724247, vstest.console.dll, TestRunRequest:SendTestRunMessage: Starting.
TpTrace Verbose: 0 : 17212, 12, 2022/11/04, 21:41:03.887, 3803899725420, vstest.console.dll, MulticastDelegateUtilities.SafeInvoke: TestRun.LogMessages: Invoking callback 1/1 for Microsoft.VisualStudio.TestPlatform.CommandLine.TestRunResultAggregator.TestRunMessageHandler, took 0 ms.
TpTrace Verbose: 0 : 17212, 4, 2022/11/04, 21:41:03.887, 3803899725484, vstest.console.dll, MulticastDelegateUtilities.SafeInvoke: InternalTestLoggerEvents.SendTestRunMessage: Invoking callback 1/1 for Microsoft.VisualStudio.TestPlatform.CommandLine.Internal.ConsoleLogger.TestMessageHandler, took 0 ms.
TpTrace Information: 0 : 17212, 12, 2022/11/04, 21:41:03.887, 3803899726129, vstest.console.dll, TestRunRequest:SendTestRunMessage: Completed.
TpTrace Verbose: 0 : 17212, 12, 2022/11/04, 21:41:03.887, 3803899727555, vstest.console.dll, MulticastDelegateUtilities.SafeInvoke: LengthPrefixCommunicationChannel: MessageReceived: Invoking callback 1/1 for Microsoft.VisualStudio.TestPlatform.CommunicationUtilities.TestRequestSender+<>c__DisplayClass31_0.<StartTestRun>b__1, took 0 ms.
TpTrace Verbose: 0 : 17212, 12, 2022/11/04, 21:41:03.887, 3803899728241, vstest.console.dll, TcpClientExtensions.MessageLoopAsync: Polling on remoteEndPoint: 127.0.0.1:53227 localEndPoint: 127.0.0.1:53226
TpTrace Verbose: 0 : 17212, 12, 2022/11/04, 21:41:03.937, 3803900229382, vstest.console.dll, TcpClientExtensions.MessageLoopAsync: NotifyDataAvailable remoteEndPoint: 127.0.0.1:53227 localEndPoint: 127.0.0.1:53226
TpTrace Verbose: 0 : 17212, 12, 2022/11/04, 21:41:03.937, 3803900232903, vstest.console.dll, TestRequestSender.OnExecutionMessageReceived: Received message: {"Version":7,"MessageType":"TestExecution.Completed","Payload":{"TestRunCompleteArgs":{"TestRunStatistics":{"ExecutedTests":54,"Stats":{"Failed":1,"Passed":53}},"IsCanceled":false,"IsAborted":false,"Error":null,"AttachmentSets":[],"InvokedDataCollectors":[],"ElapsedTimeInRunningTests":"00:00:03.1174526","Metrics":{},"DiscoveredExtensions":{"TestDiscoverers":["NUnit.VisualStudio.TestAdapter.NUnit3TestDiscoverer, NUnit3.TestAdapter, Version=4.2.0.0, Culture=neutral, PublicKeyToken=4cb40d35494691ac"],"TestExecutors":["executor://NUnit3TestExecutor"],"TestExecutors2":[],"TestSettingsProviders":[]}},"LastRunTests":{"NewTestResults":[{"TestCase":{"Id":"bc10b24f-97ff-3454-3835-67f12f9047f2","FullyQualifiedName":"Users.ValidationTests.RegisterPatientDTOValidatorTest.Should_Have_Validation_Errors_For_Invalid_PhoneNumber(null)","DisplayName":"Should_Have_Validation_Errors_For_Invalid_PhoneNumber(null)","ExecutorUri":"executor://NUnit3TestExecutor","Source":"C:\\Users\\Lenovo\\OneDrive\\Desktop\\MyCloudFinalProject\\DrinkApp\\DrinkApp\\DrinkAppUserTest\\bin\\Debug\\net6.0\\fine-code-coverage\\build-output\\DrinkAppUserTest.dll","CodeFilePath":null,"LineNumber":0,"Properties":[{"Key":{"Id":"NUnit.Seed","Label":"Seed","Category":"","Description":"","Attributes":0,"ValueType":"System.String"},"Value":"433947926"}]},"Attachments":[],"Outcome":1,"ErrorMessage":null,"ErrorStackTrace":null,"DisplayName":"Should_Have_Validation_Errors_For_Invalid_PhoneNumber(null)","Messages":[],"ComputerName":"DESKTOP-VRVGM1L","Duration":"00:00:00.0037640","StartTime":"2022-11-04T20:41:03.8125139+00:00","EndTime":"2022-11-04T20:41:03.8162777+00:00","Properties":[{"Key":{"Id":"NUnit.Seed","Label":"Seed","Category":"","Description":"","Attributes":0,"ValueType":"System.String"},"Value":"433947926"}]},{"TestCase":{"Id":"d59abe21-ea40-dc0b-d6bb-c503ab80b221","FullyQualifiedName":"Users.ValidationTests.RegisterPatientDTOValidatorTest.Should_Have_Validation_Errors_For_Invalid_PhoneNumber(\"\")","DisplayName":"Should_Have_Validation_Errors_For_Invalid_PhoneNumber(\"\")","ExecutorUri":"executor://NUnit3TestExecutor","Source":"C:\\Users\\Lenovo\\OneDrive\\Desktop\\MyCloudFinalProject\\DrinkApp\\DrinkApp\\DrinkAppUserTest\\bin\\Debug\\net6.0\\fine-code-coverage\\build-output\\DrinkAppUserTest.dll","CodeFilePath":null,"LineNumber":0,"Properties":[{"Key":{"Id":"NUnit.Seed","Label":"Seed","Category":"","Description":"","Attributes":0,"ValueType":"System.String"},"Value":"934139380"}]},"Attachments":[],"Outcome":1,"ErrorMessage":null,"ErrorStackTrace":null,"DisplayName":"Should_Have_Validation_Errors_For_Invalid_PhoneNumber(\"\")","Messages":[],"ComputerName":"DESKTOP-VRVGM1L","Duration":"00:00:00.0026050","StartTime":"2022-11-04T20:41:03.8164426+00:00","EndTime":"2022-11-04T20:41:03.8190474+00:00","Properties":[{"Key":{"Id":"NUnit.Seed","Label":"Seed","Category":"","Description":"","Attributes":0,"ValueType":"System.String"},"Value":"934139380"}]},{"TestCase":{"Id":"2ffea1d5-0993-783e-cae0-a79a08db5c55","FullyQualifiedName":"Users.ValidationTests.RegisterPatientDTOValidatorTest.Should_Have_Validation_Errors_For_Invalid_PhoneNumber(\" \")","DisplayName":"Should_Have_Validation_Errors_For_Invalid_PhoneNumber(\" \")","ExecutorUri":"executor://NUnit3TestExecutor","Source":"C:\\Users\\Lenovo\\OneDrive\\Desktop\\MyCloudFinalProject\\DrinkApp\\DrinkApp\\DrinkAppUserTest\\bin\\Debug\\net6.0\\fine-code-coverage\\build-output\\DrinkAppUserTest.dll","CodeFilePath":null,"LineNumber":0,"Properties":[{"Key":{"Id":"NUnit.Seed","Label":"Seed","Category":"","Description":"","Attributes":0,"ValueType":"System.String"},"Value":"396581293"}]},"Attachments":[],"Outcome":1,"ErrorMessage":null,"ErrorStackTrace":null,"DisplayName":"Should_Have_Validation_Errors_For_Invalid_PhoneNumber(\" \")","Messages":[],"ComputerName":"DESKTOP-VRVGM1L","Duration":"00:00:00.0060140","StartTime":"2022-11-04T20:41:03.8192206+00:00","EndTime":"2022-11-04T20:41:03.8252348+00:00","Properties":[{"Key":{"Id":"NUnit.Seed","Label":"Seed","Category":"","Description":"","Attributes":0,"ValueType":"System.String"},"Value":"396581293"}]},{"TestCase":{"Id":"59f264a0-4813-2373-902f-edae2968cc98","FullyQualifiedName":"Users.ValidationTests.RegisterPatientDTOValidatorTest.Should_Have_Validation_Errors_For_Invalid_PhoneNumber(\"+3142\")","DisplayName":"Should_Have_Validation_Errors_For_Invalid_PhoneNumber(\"+3142\")","ExecutorUri":"executor://NUnit3TestExecutor","Source":"C:\\Users\\Lenovo\\OneDrive\\Desktop\\MyCloudFinalProject\\DrinkApp\\DrinkApp\\DrinkAppUserTest\\bin\\Debug\\net6.0\\fine-code-coverage\\build-output\\DrinkAppUserTest.dll","CodeFilePath":null,"LineNumber":0,"Properties":[{"Key":{"Id":"NUnit.Seed","Label":"Seed","Category":"","Description":"","Attributes":0,"ValueType":"System.String"},"Value":"1138916867"}]},"Attachments":[],"Outcome":1,"ErrorMessage":null,"ErrorStackTrace":null,"DisplayName":"Should_Have_Validation_Errors_For_Invalid_PhoneNumber(\"+3142\")","Messages":[],"ComputerName":"DESKTOP-VRVGM1L","Duration":"00:00:00.0032510","StartTime":"2022-11-04T20:41:03.8260079+00:00","EndTime":"2022-11-04T20:41:03.8292589+00:00","Properties":[{"Key":{"Id":"NUnit.Seed","Label":"Seed","Category":"","Description":"","Attributes":0,"ValueType":"System.String"},"Value":"1138916867"}]},{"TestCase":{"Id":"692e32cc-fc54-e3dd-04de-e88880eab2a3","FullyQualifiedName":"Users.ValidationTests.SendEmailDTOValidatorTest.Send_EMail_DTO_Validator_Shoud_Accept_valid_Email(\"mahedimridul57@gmail.com\")","DisplayName":"Send_EMail_DTO_Validator_Shoud_Accept_valid_Email(\"mahedimridul57@gmail.com\")","ExecutorUri":"executor://NUnit3TestExecutor","Source":"C:\\Users\\Lenovo\\OneDrive\\Desktop\\MyCloudFinalProject\\DrinkApp\\DrinkApp\\DrinkAppUserTest\\bin\\Debug\\net6.0\\fine-code-coverage\\build-output\\DrinkAppUserTest.dll","CodeFilePath":null,"LineNumber":0,"Properties":[{"Key":{"Id":"NUnit.Seed","Label":"Seed","Category":"","Description":"","Attributes":0,"ValueType":"System.String"},"Value":"1714714782"}]},"Attachments":[],"Outcome":1,"ErrorMessage":null,"ErrorStackTrace":null,"DisplayName":"Send_EMail_DTO_Validator_Shoud_Accept_valid_Email(\"mahedimridul57@gmail.com\")","Messages":[],"ComputerName":"DESKTOP-VRVGM1L","Duration":"00:00:00.0063190","StartTime":"2022-11-04T20:41:03.8299698+00:00","EndTime":"2022-11-04T20:41:03.8362887+00:00","Properties":[{"Key":{"Id":"NUnit.Seed","Label":"Seed","Category":"","Description":"","Attributes":0,"ValueType":"System.String"},"Value":"1714714782"}]},{"TestCase":{"Id":"e7064983-0984-3828-7094-ef0eb2423a58","FullyQualifiedName":"Users.ValidationTests.SendEmailDTOValidatorTest.Should_Have_Validation_Errors_For_Invalid_Email(\"mah\")","DisplayName":"Should_Have_Validation_Errors_For_Invalid_Email(\"mah\")","ExecutorUri":"executor://NUnit3TestExecutor","Source":"C:\\Users\\Lenovo\\OneDrive\\Desktop\\MyCloudFinalProject\\DrinkApp\\DrinkApp\\DrinkAppUserTest\\bin\\Debug\\net6.0\\fine-code-coverage\\build-output\\DrinkAppUserTest.dll","CodeFilePath":null,"LineNumber":0,"Properties":[{"Key":{"Id":"NUnit.Seed","Label":"Seed","Category":"","Description":"","Attributes":0,"ValueType":"System.String"},"Value":"256711409"}]},"Attachments":[],"Outcome":1,"ErrorMessage":null,"ErrorStackTrace":null,"DisplayName":"Should_Have_Validation_Errors_For_Invalid_Email(\"mah\")","Messages":[],"ComputerName":"DESKTOP-VRVGM1L","Duration":"00:00:00.0016680","StartTime":"2022-11-04T20:41:03.8364582+00:00","EndTime":"2022-11-04T20:41:03.8381258+00:00","Properties":[{"Key":{"Id":"NUnit.Seed","Label":"Seed","Category":"","Description":"","Attributes":0,"ValueType":"System.String"},"Value":"256711409"}]},{"TestCase":{"Id":"7db76ea6-34ea-dbd0-a24a-07b3cef8965e","FullyQualifiedName":"Users.ValidationTests.SendEmailDTOValidatorTest.Should_Have_Validation_Errors_For_Invalid_Email(\"\")","DisplayName":"Should_Have_Validation_Errors_For_Invalid_Email(\"\")","ExecutorUri":"executor://NUnit3TestExecutor","Source":"C:\\Users\\Lenovo\\OneDrive\\Desktop\\MyCloudFinalProject\\DrinkApp\\DrinkApp\\DrinkAppUserTest\\bin\\Debug\\net6.0\\fine-code-coverage\\build-output\\DrinkAppUserTest.dll","CodeFilePath":null,"LineNumber":0,"Properties":[{"Key":{"Id":"NUnit.Seed","Label":"Seed","Category":"","Description":"","Attributes":0,"ValueType":"System.String"},"Value":"1891397748"}]},"Attachments":[],"Outcome":1,"ErrorMessage":null,"ErrorStackTrace":null,"DisplayName":"Should_Have_Validation_Errors_For_Invalid_Email(\"\")","Messages":[],"ComputerName":"DESKTOP-VRVGM1L","Duration":"00:00:00.0026410","StartTime":"2022-11-04T20:41:03.838161+00:00","EndTime":"2022-11-04T20:41:03.8408016+00:00","Properties":[{"Key":{"Id":"NUnit.Seed","Label":"Seed","Category":"","Description":"","Attributes":0,"ValueType":"System.String"},"Value":"1891397748"}]},{"TestCase":{"Id":"cc9001e5-9615-565e-29ec-452533b6ddc8","FullyQualifiedName":"Users.ValidationTests.SendEmailDTOValidatorTest.Should_Have_Validation_Errors_For_Invalid_Email(\" \")","DisplayName":"Should_Have_Validation_Errors_For_Invalid_Email(\" \")","ExecutorUri":"executor://NUnit3TestExecutor","Source":"C:\\Users\\Lenovo\\OneDrive\\Desktop\\MyCloudFinalProject\\DrinkApp\\DrinkApp\\DrinkAppUserTest\\bin\\Debug\\net6.0\\fine-code-coverage\\build-output\\DrinkAppUserTest.dll","CodeFilePath":null,"LineNumber":0,"Properties":[{"Key":{"Id":"NUnit.Seed","Label":"Seed","Category":"","Description":"","Attributes":0,"ValueType":"System.String"},"Value":"476575572"}]},"Attachments":[],"Outcome":1,"ErrorMessage":null,"ErrorStackTrace":null,"DisplayName":"Should_Have_Validation_Errors_For_Invalid_Email(\" \")","Messages":[],"ComputerName":"DESKTOP-VRVGM1L","Duration":"00:00:00.0006530","StartTime":"2022-11-04T20:41:03.8408361+00:00","EndTime":"2022-11-04T20:41:03.841489+00:00","Properties":[{"Key":{"Id":"NUnit.Seed","Label":"Seed","Category":"","Description":"","Attributes":0,"ValueType":"System.String"},"Value":"476575572"}]}],"TestRunStatistics":{"ExecutedTests":54,"Stats":{"Failed":1,"Passed":53}},"ActiveTests":[]},"RunAttachments":[],"ExecutorUris":["executor://nunit3testexecutor/"]}}
TpTrace Verbose: 0 : 17212, 12, 2022/11/04, 21:41:03.938, 3803900235733, vstest.console.dll, TestRequestSender.EndSession: Sending end session.
TpTrace Verbose: 0 : 17212, 12, 2022/11/04, 21:41:03.938, 3803900238304, vstest.console.dll, ProxyOperationManager.Close: waiting for test host to exit for 100 ms
TpTrace Warning: 0 : 17212, 7, 2022/11/04, 21:41:04.019, 3803901053643, vstest.console.dll, TestHostManagerCallbacks.ErrorReceivedCallback Test host standard error line: 
TpTrace Verbose: 0 : 17212, 7, 2022/11/04, 21:41:04.051, 3803901371412, vstest.console.dll, TestHostProvider.ExitCallBack: Host exited starting callback.
TpTrace Information: 0 : 17212, 7, 2022/11/04, 21:41:04.052, 3803901380768, vstest.console.dll, TestHostManagerCallbacks.ExitCallBack: Testhost processId: 17620 exited with exitcode: 0 error: ''
TpTrace Verbose: 0 : 17212, 7, 2022/11/04, 21:41:04.052, 3803901382241, vstest.console.dll, DotnetTestHostManager.OnHostExited: invoking OnHostExited callback
TpTrace Verbose: 0 : 17212, 7, 2022/11/04, 21:41:04.052, 3803901383378, vstest.console.dll, CrossPlatEngine.TestHostManagerHostExited: calling on client process exit callback.
TpTrace Information: 0 : 17212, 7, 2022/11/04, 21:41:04.053, 3803901384607, vstest.console.dll, TestRequestSender.OnClientProcessExit: Test host process exited. Standard error: 
TpTrace Information: 0 : 17212, 12, 2022/11/04, 21:41:04.053, 3803901385087, vstest.console.dll, SocketServer.Stop: Stop server endPoint: 127.0.0.1:53226
TpTrace Information: 0 : 17212, 7, 2022/11/04, 21:41:04.053, 3803901385444, vstest.console.dll, SocketServer.Stop: Stop server endPoint: 127.0.0.1:53226
TpTrace Information: 0 : 17212, 7, 2022/11/04, 21:41:04.053, 3803901386808, vstest.console.dll, SocketServer.Stop: Cancellation requested. Stopping message loop.
TpTrace Information: 0 : 17212, 12, 2022/11/04, 21:41:04.053, 3803901386169, vstest.console.dll, SocketServer.Stop: Cancellation requested. Stopping message loop.
TpTrace Information: 0 : 17212, 12, 2022/11/04, 21:41:04.053, 3803901388374, vstest.console.dll, Closing the connection
TpTrace Verbose: 0 : 17212, 7, 2022/11/04, 21:41:04.053, 3803901389172, vstest.console.dll, MulticastDelegateUtilities.SafeInvoke: HostProviderEvents.OnHostExited: Invoking callback 1/1 for Microsoft.VisualStudio.TestPlatform.CrossPlatEngine.Client.ProxyOperationManager.TestHostManagerHostExited, took 0 ms.
TpTrace Verbose: 0 : 17212, 12, 2022/11/04, 21:41:04.053, 3803901392586, vstest.console.dll, ProxyDataCollectionManager.InvokeDataCollectionServiceAction: Starting.
TpTrace Information: 0 : 17212, 12, 2022/11/04, 21:41:04.053, 3803901393767, vstest.console.dll, ProxyDataCollectionManager.AfterTestRunEnd: Get attachment set and invoked data collectors processId: 3872 port: 53223
TpTrace Verbose: 0 : 17212, 12, 2022/11/04, 21:41:04.054, 3803901395018, vstest.console.dll, DataCollectionRequestSender.SendAfterTestRunStartAndGetResult: Send AfterTestRunEnd message with isCancelled: False
TpTrace Verbose: 0 : 17212, 12, 2022/11/04, 21:41:04.072, 3803901576480, vstest.console.dll, DataCollectionRequestSender.SendAfterTestRunStartAndGetResult: Received message: (DataCollection.AfterTestRunEndResult) -> {"MessageType":"DataCollection.AfterTestRunEndResult","Payload":{"AttachmentSets":[],"InvokedDataCollectors":[{"Uri":"datacollector://Microsoft/TestPlatform/Extensions/Blame/v1","FriendlyName":"Blame","AssemblyQualifiedName":"Microsoft.TestPlatform.Extensions.BlameDataCollector.BlameCollector, Microsoft.TestPlatform.Extensions.BlameDataCollector, Version=15.0.0.0, Culture=neutral, PublicKeyToken=b03f5f7f11d50a3a","FilePath":"C:\\Program Files\\dotnet\\sdk\\6.0.401\\Extensions\\Microsoft.TestPlatform.Extensions.BlameDataCollector.dll","HasAttachmentProcessor":false}],"Metrics":{}}}
TpTrace Information: 0 : 17212, 12, 2022/11/04, 21:41:04.084, 3803901701543, vstest.console.dll, ProxyDataCollectionManager.InvokeDataCollectionServiceAction: Completed.
TpTrace Warning: 0 : 17212, 9, 2022/11/04, 21:41:04.089, 3803901746321, vstest.console.dll, DataCollectionLauncher.ErrorReceivedCallback datacollector standard error line: 
TpTrace Information: 0 : 17212, 9, 2022/11/04, 21:41:04.109, 3803901945082, vstest.console.dll, DataCollectionLauncher.ExitCallBack: Data collector exited with exitcode: 0 error: ''
TpTrace Verbose: 0 : 17212, 12, 2022/11/04, 21:41:04.189, 3803902745349, vstest.console.dll, TestRunRequest:SendTestRunStatsChange: Starting.
TpTrace Verbose: 0 : 17212, 12, 2022/11/04, 21:41:04.189, 3803902746899, vstest.console.dll, MulticastDelegateUtilities.SafeInvoke: TestRun.RunStatsChanged: Invoking callbacks was skipped because there are no subscribers.
TpTrace Verbose: 0 : 17212, 4, 2022/11/04, 21:41:04.189, 3803902747486, vstest.console.dll, MulticastDelegateUtilities.SafeInvoke: InternalTestLoggerEvents.SendTestResult: Invoking callback 1/1 for Microsoft.VisualStudio.TestPlatform.CommandLine.Internal.ConsoleLogger.TestResultHandler, took 0 ms.
TpTrace Information: 0 : 17212, 12, 2022/11/04, 21:41:04.189, 3803902747569, vstest.console.dll, TestRunRequest:SendTestRunStatsChange: Completed.
TpTrace Verbose: 0 : 17212, 4, 2022/11/04, 21:41:04.189, 3803902748729, vstest.console.dll, MulticastDelegateUtilities.SafeInvoke: InternalTestLoggerEvents.SendTestResult: Invoking callback 1/1 for Microsoft.VisualStudio.TestPlatform.CommandLine.Internal.ConsoleLogger.TestResultHandler, took 0 ms.
TpTrace Verbose: 0 : 17212, 4, 2022/11/04, 21:41:04.189, 3803902749749, vstest.console.dll, MulticastDelegateUtilities.SafeInvoke: InternalTestLoggerEvents.SendTestResult: Invoking callback 1/1 for Microsoft.VisualStudio.TestPlatform.CommandLine.Internal.ConsoleLogger.TestResultHandler, took 0 ms.
TpTrace Verbose: 0 : 17212, 4, 2022/11/04, 21:41:04.189, 3803902750660, vstest.console.dll, MulticastDelegateUtilities.SafeInvoke: InternalTestLoggerEvents.SendTestResult: Invoking callback 1/1 for Microsoft.VisualStudio.TestPlatform.CommandLine.Internal.ConsoleLogger.TestResultHandler, took 0 ms.
TpTrace Verbose: 0 : 17212, 4, 2022/11/04, 21:41:04.189, 3803902751783, vstest.console.dll, MulticastDelegateUtilities.SafeInvoke: InternalTestLoggerEvents.SendTestResult: Invoking callback 1/1 for Microsoft.VisualStudio.TestPlatform.CommandLine.Internal.ConsoleLogger.TestResultHandler, took 0 ms.
TpTrace Verbose: 0 : 17212, 4, 2022/11/04, 21:41:04.189, 3803902752633, vstest.console.dll, MulticastDelegateUtilities.SafeInvoke: InternalTestLoggerEvents.SendTestResult: Invoking callback 1/1 for Microsoft.VisualStudio.TestPlatform.CommandLine.Internal.ConsoleLogger.TestResultHandler, took 0 ms.
TpTrace Verbose: 0 : 17212, 4, 2022/11/04, 21:41:04.189, 3803902753422, vstest.console.dll, MulticastDelegateUtilities.SafeInvoke: InternalTestLoggerEvents.SendTestResult: Invoking callback 1/1 for Microsoft.VisualStudio.TestPlatform.CommandLine.Internal.ConsoleLogger.TestResultHandler, took 0 ms.
TpTrace Verbose: 0 : 17212, 12, 2022/11/04, 21:41:04.190, 3803902755229, vstest.console.dll, ParallelProxyExecutionManager: HandlePartialRunComplete: Total completed clients = 1, Run complete = True, Run canceled: False.
TpTrace Verbose: 0 : 17212, 4, 2022/11/04, 21:41:04.190, 3803902756712, vstest.console.dll, MulticastDelegateUtilities.SafeInvoke: InternalTestLoggerEvents.SendTestResult: Invoking callback 1/1 for Microsoft.VisualStudio.TestPlatform.CommandLine.Internal.ConsoleLogger.TestResultHandler, took 0 ms.
TpTrace Verbose: 0 : 17212, 4, 2022/11/04, 21:41:04.208, 3803902941478, vstest.console.dll, MulticastDelegateUtilities.SafeInvoke: InternalTestLoggerEvents.SendTestRunComplete: Invoking callback 1/2 for Microsoft.TestPlatform.Extensions.BlameDataCollector.BlameLogger.TestRunCompleteHandler, took 0 ms.
TpTrace Verbose: 0 : 17212, 4, 2022/11/04, 21:41:04.224, 3803903098567, vstest.console.dll, MulticastDelegateUtilities.SafeInvoke: InternalTestLoggerEvents.SendTestRunComplete: Invoking callback 2/2 for Microsoft.VisualStudio.TestPlatform.CommandLine.Internal.ConsoleLogger.TestRunCompleteHandler, took 15 ms.
TpTrace Verbose: 0 : 17212, 12, 2022/11/04, 21:41:04.225, 3803903105140, vstest.console.dll, TestRunRequest:TestRunComplete: Starting. IsAborted:False IsCanceled:False.
TpTrace Verbose: 0 : 17212, 12, 2022/11/04, 21:41:04.230, 3803903155012, vstest.console.dll, TestLoggerManager.HandleTestRunComplete: Ignoring as the object is disposed.
TpTrace Verbose: 0 : 17212, 12, 2022/11/04, 21:41:04.230, 3803903159080, vstest.console.dll, MulticastDelegateUtilities.SafeInvoke: TestRun.TestRunComplete: Invoking callback 1/2 for Microsoft.VisualStudio.TestPlatform.CommandLine.TestRunResultAggregator.TestRunCompletionHandler, took 0 ms.
TpTrace Verbose: 0 : 17212, 12, 2022/11/04, 21:41:04.230, 3803903160971, vstest.console.dll, MulticastDelegateUtilities.SafeInvoke: TestRun.TestRunComplete: Invoking callback 2/2 for Microsoft.VisualStudio.TestPlatform.CommandLine.Processors.RunTestsArgumentExecutor+TestRunRequestEventsRegistrar.TestRunRequest_OnRunCompletion, took 0 ms.
TpTrace Information: 0 : 17212, 12, 2022/11/04, 21:41:04.230, 3803903163505, vstest.console.dll, TestRunRequest:TestRunComplete: Completed.
TpTrace Verbose: 0 : 17212, 12, 2022/11/04, 21:41:04.231, 3803903164431, vstest.console.dll, TestRequestSender.SetOperationComplete: Setting operation complete.
TpTrace Information: 0 : 17212, 12, 2022/11/04, 21:41:04.231, 3803903165100, vstest.console.dll, SocketServer.Stop: Stop server endPoint: 127.0.0.1:53226
TpTrace Information: 0 : 17212, 12, 2022/11/04, 21:41:04.231, 3803903165712, vstest.console.dll, SocketServer.Stop: Cancellation requested. Stopping message loop.
TpTrace Verbose: 0 : 17212, 12, 2022/11/04, 21:41:04.231, 3803903166383, vstest.console.dll, MulticastDelegateUtilities.SafeInvoke: LengthPrefixCommunicationChannel: MessageReceived: Invoking callback 1/1 for Microsoft.VisualStudio.TestPlatform.CommunicationUtilities.TestRequestSender+<>c__DisplayClass31_0.<StartTestRun>b__1, took 293 ms.
TpTrace Information: 0 : 17212, 12, 2022/11/04, 21:41:04.231, 3803903167291, vstest.console.dll, SocketServer.PrivateStop: Stopping server endPoint: 127.0.0.1:53226 error: 
TpTrace Verbose: 0 : 17212, 1, 2022/11/04, 21:41:04.231, 3803903168040, vstest.console.dll, TestRunRequest.Dispose: Starting.
TpTrace Information: 0 : 17212, 1, 2022/11/04, 21:41:04.231, 3803903169453, vstest.console.dll, TestRunRequest.Dispose: Completed.
TpTrace Information: 0 : 17212, 1, 2022/11/04, 21:41:04.231, 3803903170548, vstest.console.dll, TestRequestManager.RunTests: run tests completed.
TpTrace Information: 0 : 17212, 1, 2022/11/04, 21:41:04.231, 3803903172217, vstest.console.dll, RunTestsArgumentProcessor:Execute: Test run is completed.
TpTrace Verbose: 0 : 17212, 12, 2022/11/04, 21:41:04.232, 3803903174728, vstest.console.dll, LengthPrefixCommunicationChannel.Dispose: Dispose reader and writer.
TpTrace Verbose: 0 : 17212, 1, 2022/11/04, 21:41:04.232, 3803903175964, vstest.console.dll, Executor.Execute: Exiting with exit code of 1
TpTrace Information: 0 : 17212, 12, 2022/11/04, 21:41:04.232, 3803903176200, vstest.console.dll, SocketServer.Stop: Raise disconnected event endPoint: 127.0.0.1:53226 error: 
TpTrace Verbose: 0 : 17212, 12, 2022/11/04, 21:41:04.232, 3803903177948, vstest.console.dll, TestRequestSender: OnTestRunAbort: Operation is already complete. Skip error message.
TpTrace Verbose: 0 : 17212, 12, 2022/11/04, 21:41:04.232, 3803903178836, vstest.console.dll, MulticastDelegateUtilities.SafeInvoke: SocketServer: ClientDisconnected: Invoking callback 1/1 for Microsoft.VisualStudio.TestPlatform.CommunicationUtilities.TestRequestSender.<InitializeCommunication>b__24_1, took 0 ms.
TpTrace Verbose: 0 : 17212, 12, 2022/11/04, 21:41:04.232, 3803903179512, vstest.console.dll, TcpClientExtensions.MessageLoopAsync: exiting MessageLoopAsync remoteEndPoint: 127.0.0.1:53227 localEndPoint: 127.0.0.1:53226
